#
# A fatal error has been detected by the Java Runtime Environment:
#
#  EXCEPTION_ACCESS_VIOLATION (0xc0000005) at pc=0x00007ffc8e1486db, pid=10604, tid=10196
#
# JRE version: Java(TM) SE Runtime Environment (14.0.1+7) (build 14.0.1+7)
# Java VM: Java HotSpot(TM) 64-Bit Server VM (14.0.1+7, mixed mode, sharing, tiered, compressed oops, g1 gc, windows-amd64)
# Problematic frame:
# V  [jvm.dll+0x6186db]
#
# No core dump will be written. Minidumps are not enabled by default on client versions of Windows
#
# If you would like to submit a bug report, please visit:
#   https://bugreport.java.com/bugreport/crash.jsp
#

---------------  S U M M A R Y ------------

Command Line: --add-opens=java.base/java.util=ALL-UNNAMED --add-opens=java.base/java.lang=ALL-UNNAMED --add-opens=java.base/java.lang.invoke=ALL-UNNAMED --add-opens=java.prefs/java.util.prefs=ALL-UNNAMED --add-opens=java.base/java.nio.charset=ALL-UNNAMED --add-opens=java.base/java.net=ALL-UNNAMED --add-opens=java.base/java.util.concurrent.atomic=ALL-UNNAMED -Xmx2048m -Dfile.encoding=UTF-8 -Duser.country=US -Duser.language=en -Duser.variant org.gradle.launcher.daemon.bootstrap.GradleDaemon 8.0

Host: Intel(R) Core(TM) i7-8565U CPU @ 1.80GHz, 8 cores, 15G,  Windows 10 , 64 bit Build 22000 (10.0.22000.2003)
Time: Sun Jun 18 22:58:10 2023 中国标准时间 elapsed time: 617 seconds (0d 0h 10m 17s)

---------------  T H R E A D  ---------------

Current thread (0x00000210af9b9800):  WatcherThread [stack: 0x000000c416500000,0x000000c416600000] [id=10196]

Stack: [0x000000c416500000,0x000000c416600000],  sp=0x000000c4165ff850,  free space=1022k
Native frames: (J=compiled Java code, j=interpreted, Vv=VM code, C=native code)
V  [jvm.dll+0x6186db]
V  [jvm.dll+0x681d3f]
V  [jvm.dll+0x6d238d]
V  [jvm.dll+0x706bff]
V  [jvm.dll+0x6ff8ba]
V  [jvm.dll+0x5f72c6]
C  [ucrtbase.dll+0x26c0c]
C  [KERNEL32.DLL+0x155a0]
C  [ntdll.dll+0x485b]


siginfo: EXCEPTION_ACCESS_VIOLATION (0xc0000005), writing address 0x000002108f6b3700


Register to memory mapping:

RIP=0x00007ffc8e1486db jvm.dll
RAX=0x000000017058757b is an unknown value
RBX=0x00000210af841b20 points into unknown readable memory: 98 c7 3c 8e fc 7f 00 00
RCX=0x000002108f6b3700 is an unknown value
RDX=0x0000000764007b55 is an unknown value
RSP=0x000000c4165ff850 points into unknown readable memory: b2 84 36 61 07 00 00 00
RBP=0x0000000000000002 is an unknown value
RSI=0x000002108fec4030 points into unknown readable memory: 20 16 9a af 10 02 00 00
RDI=0x0 is NULL
R8 =0x000000007ffe1000 points into unknown readable memory: 48 61 6c 54 00 00 00 00
R9 =0x0000000000000083 is an unknown value
R10=0x00000000546c6148 is an unknown value
R11=0xfffffffffd36095d is an unknown value
R12=0x0 is NULL
R13=0x00000210af9b9800 points into unknown readable memory: c8 a9 3d 8e fc 7f 00 00
R14=0x000000000000003d is an unknown value
R15=0x00000210af92a480 points into unknown readable memory: 00 00 00 00 00 00 00 00


Registers:
RAX=0x000000017058757b, RBX=0x00000210af841b20, RCX=0x000002108f6b3700, RDX=0x0000000764007b55
RSP=0x000000c4165ff850, RBP=0x0000000000000002, RSI=0x000002108fec4030, RDI=0x0000000000000000
R8 =0x000000007ffe1000, R9 =0x0000000000000083, R10=0x00000000546c6148, R11=0xfffffffffd36095d
R12=0x0000000000000000, R13=0x00000210af9b9800, R14=0x000000000000003d, R15=0x00000210af92a480
RIP=0x00007ffc8e1486db, EFLAGS=0x0000000000010206

Top of Stack: (sp=0x000000c4165ff850)
0x000000c4165ff850:   00000007613684b2 00007ffce5aad927
0x000000c4165ff860:   00000000fffffffd 000002108febfa40
0x000000c4165ff870:   0000000000000000 00007ffc8e1b1d3f
0x000000c4165ff880:   00000000fffffffd 00007ffc8e127b89
0x000000c4165ff890:   0000000000000000 00007ffc8de8932f
0x000000c4165ff8a0:   00007ffc8e59d0f8 00007ffc8e20238d
0x000000c4165ff8b0:   0000000000000001 000002108febfa40
0x000000c4165ff8c0:   0000000000000032 00007ffce8204830
0x000000c4165ff8d0:   00000210af92a480 000002e1f59e053c
0x000000c4165ff8e0:   0000000000000032 00007ffc8e236bff
0x000000c4165ff8f0:   0000000000000001 000002108febfa40
0x000000c4165ff900:   000000000000003d 0000000000000002
0x000000c4165ff910:   0000000000000000 00007ffc8e0fc433
0x000000c4165ff920:   0000000000000000 00007ffc8e126c6f
0x000000c4165ff930:   0000000000000000 0000000000000000
0x000000c4165ff940:   00000210af9b9800 00007ffc8e23501f 

Instructions: (pc=0x00007ffc8e1486db)
0x00007ffc8e1485db:   4c 24 20 4c 8b c7 48 8d 15 6c 57 22 00 48 8b c8
0x00007ffc8e1485eb:   48 8b d8 e8 4d ca ae ff 48 8b d3 48 8b ce e8 a2
0x00007ffc8e1485fb:   8a a8 ff 48 8b 4c 24 48 48 33 cc e8 75 b1 17 00
0x00007ffc8e14860b:   48 83 c4 50 5f 5e 5b c3 cc cc cc cc cc cc cc cc
0x00007ffc8e14861b:   cc cc cc cc cc 48 89 5c 24 18 57 48 83 ec 50 48
0x00007ffc8e14862b:   8b 05 e7 b1 3d 00 48 33 c4 48 89 44 24 48 48 8b
0x00007ffc8e14863b:   f9 4c 8d 05 95 71 1f 00 44 8b ca 48 8d 4c 24 20
0x00007ffc8e14864b:   ba 28 00 00 00 e8 6b 19 db ff 48 c7 c0 ff ff ff
0x00007ffc8e14865b:   ff 48 8b c8 90 48 ff c1 80 3c 0f 00 75 f7 48 8d
0x00007ffc8e14866b:   54 24 20 66 90 48 ff c0 80 3c 02 00 75 f7 48 83
0x00007ffc8e14867b:   c0 02 33 d2 48 03 c8 e8 19 8d 03 00 4c 8d 4c 24
0x00007ffc8e14868b:   20 4c 8b c7 48 8d 15 be 56 22 00 48 8b c8 48 8b
0x00007ffc8e14869b:   d8 e8 9f c9 ae ff 48 8b c3 48 8b 4c 24 48 48 33
0x00007ffc8e1486ab:   cc e8 cf b0 17 00 48 8b 5c 24 70 48 83 c4 50 5f
0x00007ffc8e1486bb:   c3 cc cc cc cc 40 53 48 83 ec 20 48 8b d9 48 8b
0x00007ffc8e1486cb:   49 38 48 85 c9 74 0c 48 8b 01 ff 10 48 8b 4b 28
0x00007ffc8e1486db:   48 89 01 48 83 c4 20 5b c3 cc cc cc cc cc cc cc
0x00007ffc8e1486eb:   cc cc cc cc cc 40 53 48 83 ec 20 48 8b 1d 93 d0
0x00007ffc8e1486fb:   43 00 48 85 db 74 08 48 8b cb e8 c6 3c fb ff 48
0x00007ffc8e14870b:   8b 0d 9f 12 44 00 48 89 7c 24 30 48 85 c9 75 04
0x00007ffc8e14871b:   33 ff eb 08 e8 3c f1 ff ff 48 8b f8 48 85 db 74
0x00007ffc8e14872b:   08 48 8b cb e8 2c 3e fb ff 48 8b c7 48 8b 7c 24
0x00007ffc8e14873b:   30 48 83 c4 20 5b c3 cc cc cc cc cc cc cc cc cc
0x00007ffc8e14874b:   cc cc cc cc cc 40 53 48 83 ec 20 4c 63 41 30 48
0x00007ffc8e14875b:   8d 05 3e f5 17 00 48 85 d2 48 8b d9 48 8b 49 28
0x00007ffc8e14876b:   48 0f 44 d0 ff 15 d3 e0 17 00 48 63 53 30 48 8b
0x00007ffc8e14877b:   43 28 c6 44 02 ff 00 48 83 c4 20 5b c3 cc cc cc
0x00007ffc8e14878b:   cc cc cc cc cc 48 89 4c 24 08 48 89 54 24 10 4c
0x00007ffc8e14879b:   89 44 24 18 4c 89 4c 24 20 48 83 ec 28 4c 8b c1
0x00007ffc8e1487ab:   4c 8d 4c 24 38 48 8d 0d b9 12 44 00 ba 02 00 00
0x00007ffc8e1487bb:   00 e8 4f 2e ee ff 48 83 c4 28 c3 cc cc cc cc cc
0x00007ffc8e1487cb:   cc cc cc cc cc 40 56 48 83 ec 20 80 3d 83 82 3a 


Stack slot to memory mapping:
stack at sp + 0 slots: 0x00000007613684b2 is an unknown value
stack at sp + 1 slots: 0x00007ffce5aad927 KERNELBASE.dll
stack at sp + 2 slots: 
[error occurred during error reporting (inspecting top of stack), id 0xc0000005, EXCEPTION_ACCESS_VIOLATION (0xc0000005) at pc=0x00007ffc8ddd1c94]


---------------  P R O C E S S  ---------------

Threads class SMR info:
_java_thread_list=0x00000210b49f5f70, length=121, elements={
0x000002108fec4800, 0x00000210af830000, 0x00000210af831800, 0x00000210af851000,
0x00000210af852000, 0x00000210af853000, 0x00000210af854800, 0x00000210af85b000,
0x00000210af85f000, 0x00000210af99f800, 0x00000210af9b4800, 0x00000210b1138800,
0x00000210b1cd9800, 0x00000210b189b000, 0x00000210b19d2000, 0x00000210b1459800,
0x00000210b0fe0000, 0x00000210b0d12800, 0x00000210b1d74000, 0x00000210b1d77000,
0x00000210b1d72800, 0x00000210b1d75000, 0x00000210b1d71800, 0x00000210b1d75800,
0x00000210b1d78000, 0x00000210b1d73000, 0x00000210b27a0000, 0x00000210b279c000,
0x00000210b279c800, 0x00000210b279f000, 0x00000210b279d800, 0x00000210b279e800,
0x00000210b279a000, 0x00000210b27a1000, 0x00000210b279b000, 0x00000210b27a5000,
0x00000210b27a2800, 0x00000210b27a4000, 0x00000210b27a1800, 0x00000210b27a8000,
0x00000210b27a6800, 0x00000210b27a7800, 0x00000210b27a3000, 0x00000210b2b43800,
0x00000210b2b46000, 0x00000210b2b44000, 0x00000210b2b45000, 0x00000210b2b46800,
0x00000210b2b47800, 0x00000210b2b41800, 0x00000210b2b48000, 0x00000210b2b42800,
0x00000210b2b4a800, 0x00000210b2b4e800, 0x00000210b2b49000, 0x00000210b2b4a000,
0x00000210b2b4e000, 0x00000210b2b4f800, 0x00000210b2b4b800, 0x00000210b2b4c800,
0x00000210b2b4d000, 0x00000210b2b50800, 0x00000210b2eaa800, 0x00000210b2eab800,
0x00000210b2ea7800, 0x00000210b2ea9000, 0x00000210b2eac000, 0x00000210b2ea6800,
0x00000210b2eae000, 0x00000210b2ea8000, 0x00000210b2eae800, 0x00000210b2eaf800,
0x00000210b2ea9800, 0x00000210b2eb1000, 0x00000210b2eb0000, 0x00000210b2eb2800,
0x00000210b2eb2000, 0x00000210b2ead000, 0x00000210b2eb3800, 0x00000210b2eb5000,
0x00000210b2eb4800, 0x00000210b014c800, 0x00000210b014a000, 0x00000210b014b000,
0x00000210b014b800, 0x00000210b014d800, 0x00000210b014f000, 0x00000210b0149800,
0x00000210b0153000, 0x00000210b0151800, 0x00000210b0152000, 0x00000210b0154000,
0x00000210b0150800, 0x00000210b014e000, 0x00000210b0154800, 0x00000210b0155800,
0x00000210b0150000, 0x00000210b0156800, 0x00000210b0157000, 0x00000210b0158000,
0x00000210b1d3b800, 0x00000210b1d3a800, 0x00000210b1d3c000, 0x00000210b1d3d000,
0x00000210b1d3e000, 0x00000210b1d38000, 0x00000210b1d39800, 0x00000210b1d3e800,
0x00000210b1d39000, 0x00000210b1d42800, 0x00000210b1d43800, 0x00000210b1d42000,
0x00000210b1d45000, 0x00000210b1d3f800, 0x00000210b1d40000, 0x00000210b1d46000,
0x00000210b1d44800, 0x00000210b1d47000, 0x00000210b1d41000, 0x00000210b10a4800,
0x00000210b109e800
}

Java Threads: ( => current thread )
  0x000002108fec4800 JavaThread "main" [_thread_blocked, id=12464, stack(0x000000c415400000,0x000000c415500000)]
  0x00000210af830000 JavaThread "Reference Handler" daemon [_thread_blocked, id=11104, stack(0x000000c415b00000,0x000000c415c00000)]
  0x00000210af831800 JavaThread "Finalizer" daemon [_thread_blocked, id=17752, stack(0x000000c415c00000,0x000000c415d00000)]
  0x00000210af851000 JavaThread "Signal Dispatcher" daemon [_thread_blocked, id=3556, stack(0x000000c415d00000,0x000000c415e00000)]
  0x00000210af852000 JavaThread "Attach Listener" daemon [_thread_blocked, id=14936, stack(0x000000c415e00000,0x000000c415f00000)]
  0x00000210af853000 JavaThread "Service Thread" daemon [_thread_blocked, id=2280, stack(0x000000c415f00000,0x000000c416000000)]
  0x00000210af854800 JavaThread "C2 CompilerThread0" daemon [_thread_blocked, id=17860, stack(0x000000c416000000,0x000000c416100000)]
  0x00000210af85b000 JavaThread "C1 CompilerThread0" daemon [_thread_blocked, id=17204, stack(0x000000c416100000,0x000000c416200000)]
  0x00000210af85f000 JavaThread "Sweeper thread" daemon [_thread_blocked, id=17772, stack(0x000000c416200000,0x000000c416300000)]
  0x00000210af99f800 JavaThread "Common-Cleaner" daemon [_thread_blocked, id=17420, stack(0x000000c416300000,0x000000c416400000)]
  0x00000210af9b4800 JavaThread "Notification Thread" daemon [_thread_blocked, id=17812, stack(0x000000c416400000,0x000000c416500000)]
  0x00000210b1138800 JavaThread "Daemon health stats" [_thread_blocked, id=6828, stack(0x000000c416d00000,0x000000c416e00000)]
  0x00000210b1cd9800 JavaThread "Incoming local TCP Connector on port 13934" [_thread_in_native, id=14152, stack(0x000000c416600000,0x000000c416700000)]
  0x00000210b189b000 JavaThread "Daemon periodic checks" [_thread_blocked, id=11320, stack(0x000000c416700000,0x000000c416800000)]
  0x00000210b19d2000 JavaThread "Daemon" [_thread_blocked, id=17980, stack(0x000000c416e00000,0x000000c416f00000)]
  0x00000210b1459800 JavaThread "Handler for socket connection from /127.0.0.1:13934 to /127.0.0.1:13935" [_thread_in_native, id=14868, stack(0x000000c416f00000,0x000000c417000000)]
  0x00000210b0fe0000 JavaThread "Cancel handler" [_thread_blocked, id=10780, stack(0x000000c417100000,0x000000c417200000)]
  0x00000210b0d12800 JavaThread "Daemon worker" [_thread_blocked, id=15536, stack(0x000000c417200000,0x000000c417300000)]
  0x00000210b1d74000 JavaThread "Asynchronous log dispatcher for DefaultDaemonConnection: socket connection from /127.0.0.1:13934 to /127.0.0.1:13935" [_thread_blocked, id=7340, stack(0x000000c417300000,0x000000c417400000)]
  0x00000210b1d77000 JavaThread "Daemon client event forwarder" [_thread_blocked, id=12848, stack(0x000000c417500000,0x000000c417600000)]
  0x00000210b1d72800 JavaThread "Cache worker for journal cache (D:\developer\.gradle\caches\journal-1)" [_thread_blocked, id=8480, stack(0x000000c417600000,0x000000c417700000)]
  0x00000210b1d75000 JavaThread "File lock request listener" [_thread_in_native, id=964, stack(0x000000c417700000,0x000000c417800000)]
  0x00000210b1d71800 JavaThread "Cache worker for file hash cache (D:\developer\.gradle\caches\8.0\fileHashes)" [_thread_blocked, id=1884, stack(0x000000c417800000,0x000000c417900000)]
  0x00000210b1d75800 JavaThread "File watcher server" daemon [_thread_in_native, id=17108, stack(0x000000c417b00000,0x000000c417c00000)]
  0x00000210b1d78000 JavaThread "File watcher consumer" daemon [_thread_blocked, id=6200, stack(0x000000c417c00000,0x000000c417d00000)]
  0x00000210b1d73000 JavaThread "jar transforms" [_thread_blocked, id=12244, stack(0x000000c417d00000,0x000000c417e00000)]
  0x00000210b27a0000 JavaThread "jar transforms Thread 2" [_thread_blocked, id=2020, stack(0x000000c417e00000,0x000000c417f00000)]
  0x00000210b279c000 JavaThread "jar transforms Thread 3" [_thread_blocked, id=12796, stack(0x000000c417f00000,0x000000c418000000)]
  0x00000210b279c800 JavaThread "jar transforms Thread 4" [_thread_blocked, id=7024, stack(0x000000c418000000,0x000000c418100000)]
  0x00000210b279f000 JavaThread "jar transforms Thread 5" [_thread_blocked, id=17856, stack(0x000000c418100000,0x000000c418200000)]
  0x00000210b279d800 JavaThread "jar transforms Thread 6" [_thread_blocked, id=3084, stack(0x000000c418200000,0x000000c418300000)]
  0x00000210b279e800 JavaThread "jar transforms Thread 7" [_thread_blocked, id=7544, stack(0x000000c418300000,0x000000c418400000)]
  0x00000210b279a000 JavaThread "jar transforms Thread 8" [_thread_blocked, id=14156, stack(0x000000c418400000,0x000000c418500000)]
  0x00000210b27a1000 JavaThread "Cache worker for checksums cache (D:\developer\Android\workspace\TodayFriedBreadStick\.gradle\8.0\checksums)" [_thread_blocked, id=7840, stack(0x000000c418700000,0x000000c418800000)]
  0x00000210b279b000 JavaThread "Cache worker for cache directory md-rule (D:\developer\.gradle\caches\8.0\md-rule)" [_thread_blocked, id=14780, stack(0x000000c418800000,0x000000c418900000)]
  0x00000210b27a5000 JavaThread "Cache worker for file content cache (D:\developer\.gradle\caches\8.0\fileContent)" [_thread_blocked, id=2888, stack(0x000000c418900000,0x000000c418a00000)]
  0x00000210b27a2800 JavaThread "Cache worker for file hash cache (D:\developer\Android\workspace\TodayFriedBreadStick\.gradle\8.0\fileHashes)" [_thread_blocked, id=12824, stack(0x000000c418a00000,0x000000c418b00000)]
  0x00000210b27a4000 JavaThread "Cache worker for cache directory md-supplier (D:\developer\.gradle\caches\8.0\md-supplier)" [_thread_blocked, id=7948, stack(0x000000c418b00000,0x000000c418c00000)]
  0x00000210b27a1800 JavaThread "Cache worker for execution history cache (D:\developer\.gradle\caches\8.0\executionHistory)" [_thread_blocked, id=2500, stack(0x000000c418d00000,0x000000c418e00000)]
  0x00000210b27a8000 JavaThread "Cache worker for dependencies-accessors (D:\developer\Android\workspace\TodayFriedBreadStick\.gradle\8.0\dependencies-accessors)" [_thread_blocked, id=8076, stack(0x000000c419100000,0x000000c419200000)]
  0x00000210b27a6800 JavaThread "Cache worker for Build Output Cleanup Cache (D:\developer\Android\workspace\TodayFriedBreadStick\.gradle\buildOutputCleanup)" [_thread_blocked, id=1260, stack(0x000000c419200000,0x000000c419300000)]
  0x00000210b27a7800 JavaThread "Unconstrained build operations" [_thread_blocked, id=15548, stack(0x000000c418500000,0x000000c418600000)]
  0x00000210b27a3000 JavaThread "Unconstrained build operations Thread 2" [_thread_in_native, id=3644, stack(0x000000c419300000,0x000000c419400000)]
  0x00000210b2b43800 JavaThread "Unconstrained build operations Thread 3" [_thread_blocked, id=15864, stack(0x000000c419400000,0x000000c419500000)]
  0x00000210b2b46000 JavaThread "Unconstrained build operations Thread 4" [_thread_blocked, id=11280, stack(0x000000c419500000,0x000000c419600000)]
  0x00000210b2b44000 JavaThread "Unconstrained build operations Thread 5" [_thread_blocked, id=6992, stack(0x000000c419600000,0x000000c419700000)]
  0x00000210b2b45000 JavaThread "Unconstrained build operations Thread 6" [_thread_blocked, id=3632, stack(0x000000c419700000,0x000000c419800000)]
  0x00000210b2b46800 JavaThread "Unconstrained build operations Thread 7" [_thread_blocked, id=6988, stack(0x000000c419800000,0x000000c419900000)]
  0x00000210b2b47800 JavaThread "Unconstrained build operations Thread 8" [_thread_blocked, id=12372, stack(0x000000c419900000,0x000000c419a00000)]
  0x00000210b2b41800 JavaThread "Unconstrained build operations Thread 9" [_thread_blocked, id=15968, stack(0x000000c419a00000,0x000000c419b00000)]
  0x00000210b2b48000 JavaThread "Unconstrained build operations Thread 10" [_thread_blocked, id=9192, stack(0x000000c419b00000,0x000000c419c00000)]
  0x00000210b2b42800 JavaThread "Unconstrained build operations Thread 11" [_thread_blocked, id=14768, stack(0x000000c419c00000,0x000000c419d00000)]
  0x00000210b2b4a800 JavaThread "Unconstrained build operations Thread 12" [_thread_blocked, id=14764, stack(0x000000c419d00000,0x000000c419e00000)]
  0x00000210b2b4e800 JavaThread "Unconstrained build operations Thread 13" [_thread_blocked, id=2916, stack(0x000000c419e00000,0x000000c419f00000)]
  0x00000210b2b49000 JavaThread "Unconstrained build operations Thread 14" [_thread_blocked, id=14916, stack(0x000000c419f00000,0x000000c41a000000)]
  0x00000210b2b4a000 JavaThread "Unconstrained build operations Thread 15" [_thread_blocked, id=14040, stack(0x000000c41a000000,0x000000c41a100000)]
  0x00000210b2b4e000 JavaThread "Unconstrained build operations Thread 16" [_thread_blocked, id=16596, stack(0x000000c41a100000,0x000000c41a200000)]
  0x00000210b2b4f800 JavaThread "Unconstrained build operations Thread 17" [_thread_blocked, id=16568, stack(0x000000c41a200000,0x000000c41a300000)]
  0x00000210b2b4b800 JavaThread "Unconstrained build operations Thread 18" [_thread_blocked, id=14676, stack(0x000000c41a300000,0x000000c41a400000)]
  0x00000210b2b4c800 JavaThread "Unconstrained build operations Thread 19" [_thread_blocked, id=17796, stack(0x000000c41a400000,0x000000c41a500000)]
  0x00000210b2b4d000 JavaThread "Unconstrained build operations Thread 20" [_thread_blocked, id=432, stack(0x000000c41a500000,0x000000c41a600000)]
  0x00000210b2b50800 JavaThread "Unconstrained build operations Thread 21" [_thread_blocked, id=9352, stack(0x000000c41a600000,0x000000c41a700000)]
  0x00000210b2eaa800 JavaThread "Unconstrained build operations Thread 22" [_thread_blocked, id=12216, stack(0x000000c41a700000,0x000000c41a800000)]
  0x00000210b2eab800 JavaThread "Unconstrained build operations Thread 23" [_thread_blocked, id=14728, stack(0x000000c41a800000,0x000000c41a900000)]
  0x00000210b2ea7800 JavaThread "Unconstrained build operations Thread 24" [_thread_blocked, id=2976, stack(0x000000c41a900000,0x000000c41aa00000)]
  0x00000210b2ea9000 JavaThread "Unconstrained build operations Thread 25" [_thread_blocked, id=16432, stack(0x000000c41aa00000,0x000000c41ab00000)]
  0x00000210b2eac000 JavaThread "Unconstrained build operations Thread 26" [_thread_blocked, id=1392, stack(0x000000c41ab00000,0x000000c41ac00000)]
  0x00000210b2ea6800 JavaThread "Unconstrained build operations Thread 27" [_thread_blocked, id=13824, stack(0x000000c41ac00000,0x000000c41ad00000)]
  0x00000210b2eae000 JavaThread "Unconstrained build operations Thread 28" [_thread_blocked, id=12540, stack(0x000000c41ad00000,0x000000c41ae00000)]
  0x00000210b2ea8000 JavaThread "Unconstrained build operations Thread 29" [_thread_blocked, id=1512, stack(0x000000c41ae00000,0x000000c41af00000)]
  0x00000210b2eae800 JavaThread "Unconstrained build operations Thread 30" [_thread_blocked, id=12056, stack(0x000000c41af00000,0x000000c41b000000)]
  0x00000210b2eaf800 JavaThread "Unconstrained build operations Thread 31" [_thread_blocked, id=10504, stack(0x000000c41b000000,0x000000c41b100000)]
  0x00000210b2ea9800 JavaThread "Unconstrained build operations Thread 32" [_thread_blocked, id=15268, stack(0x000000c41b100000,0x000000c41b200000)]
  0x00000210b2eb1000 JavaThread "Unconstrained build operations Thread 33" [_thread_blocked, id=15432, stack(0x000000c41b200000,0x000000c41b300000)]
  0x00000210b2eb0000 JavaThread "Unconstrained build operations Thread 34" [_thread_blocked, id=4512, stack(0x000000c41b300000,0x000000c41b400000)]
  0x00000210b2eb2800 JavaThread "Unconstrained build operations Thread 35" [_thread_blocked, id=4308, stack(0x000000c41b400000,0x000000c41b500000)]
  0x00000210b2eb2000 JavaThread "Unconstrained build operations Thread 36" [_thread_blocked, id=10232, stack(0x000000c41b500000,0x000000c41b600000)]
  0x00000210b2ead000 JavaThread "Unconstrained build operations Thread 37" [_thread_blocked, id=15496, stack(0x000000c41b600000,0x000000c41b700000)]
  0x00000210b2eb3800 JavaThread "Unconstrained build operations Thread 38" [_thread_blocked, id=10456, stack(0x000000c41b700000,0x000000c41b800000)]
  0x00000210b2eb5000 JavaThread "Unconstrained build operations Thread 39" [_thread_blocked, id=14372, stack(0x000000c41b800000,0x000000c41b900000)]
  0x00000210b2eb4800 JavaThread "Unconstrained build operations Thread 40" [_thread_blocked, id=5712, stack(0x000000c41b900000,0x000000c41ba00000)]
  0x00000210b014c800 JavaThread "Unconstrained build operations Thread 41" [_thread_blocked, id=1704, stack(0x000000c41ba00000,0x000000c41bb00000)]
  0x00000210b014a000 JavaThread "Unconstrained build operations Thread 42" [_thread_blocked, id=14948, stack(0x000000c41bb00000,0x000000c41bc00000)]
  0x00000210b014b000 JavaThread "Unconstrained build operations Thread 43" [_thread_blocked, id=8656, stack(0x000000c41bc00000,0x000000c41bd00000)]
  0x00000210b014b800 JavaThread "Unconstrained build operations Thread 44" [_thread_blocked, id=2044, stack(0x000000c41bd00000,0x000000c41be00000)]
  0x00000210b014d800 JavaThread "Unconstrained build operations Thread 45" [_thread_blocked, id=5524, stack(0x000000c41be00000,0x000000c41bf00000)]
  0x00000210b014f000 JavaThread "Unconstrained build operations Thread 46" [_thread_blocked, id=14776, stack(0x000000c41bf00000,0x000000c41c000000)]
  0x00000210b0149800 JavaThread "Unconstrained build operations Thread 47" [_thread_blocked, id=14828, stack(0x000000c41c000000,0x000000c41c100000)]
  0x00000210b0153000 JavaThread "Unconstrained build operations Thread 48" [_thread_blocked, id=13856, stack(0x000000c41c100000,0x000000c41c200000)]
  0x00000210b0151800 JavaThread "Unconstrained build operations Thread 49" [_thread_blocked, id=18232, stack(0x000000c41c200000,0x000000c41c300000)]
  0x00000210b0152000 JavaThread "Unconstrained build operations Thread 50" [_thread_blocked, id=11276, stack(0x000000c41c300000,0x000000c41c400000)]
  0x00000210b0154000 JavaThread "Unconstrained build operations Thread 51" [_thread_blocked, id=13720, stack(0x000000c41c400000,0x000000c41c500000)]
  0x00000210b0150800 JavaThread "Unconstrained build operations Thread 52" [_thread_blocked, id=4404, stack(0x000000c41c500000,0x000000c41c600000)]
  0x00000210b014e000 JavaThread "Unconstrained build operations Thread 53" [_thread_blocked, id=8912, stack(0x000000c41c600000,0x000000c41c700000)]
  0x00000210b0154800 JavaThread "Unconstrained build operations Thread 54" [_thread_blocked, id=6180, stack(0x000000c41c700000,0x000000c41c800000)]
  0x00000210b0155800 JavaThread "Unconstrained build operations Thread 55" [_thread_blocked, id=8492, stack(0x000000c41c800000,0x000000c41c900000)]
  0x00000210b0150000 JavaThread "Unconstrained build operations Thread 56" [_thread_blocked, id=7352, stack(0x000000c41c900000,0x000000c41ca00000)]
  0x00000210b0156800 JavaThread "Unconstrained build operations Thread 57" [_thread_blocked, id=15120, stack(0x000000c41ca00000,0x000000c41cb00000)]
  0x00000210b0157000 JavaThread "Unconstrained build operations Thread 58" [_thread_blocked, id=15128, stack(0x000000c41cb00000,0x000000c41cc00000)]
  0x00000210b0158000 JavaThread "Unconstrained build operations Thread 59" [_thread_in_native, id=9548, stack(0x000000c41cc00000,0x000000c41cd00000)]
  0x00000210b1d3b800 JavaThread "Unconstrained build operations Thread 60" [_thread_blocked, id=14856, stack(0x000000c41cd00000,0x000000c41ce00000)]
  0x00000210b1d3a800 JavaThread "Unconstrained build operations Thread 61" [_thread_blocked, id=5592, stack(0x000000c41ce00000,0x000000c41cf00000)]
  0x00000210b1d3c000 JavaThread "Unconstrained build operations Thread 62" [_thread_blocked, id=14560, stack(0x000000c41cf00000,0x000000c41d000000)]
  0x00000210b1d3d000 JavaThread "Unconstrained build operations Thread 63" [_thread_blocked, id=5656, stack(0x000000c41d000000,0x000000c41d100000)]
  0x00000210b1d3e000 JavaThread "Unconstrained build operations Thread 64" [_thread_blocked, id=13048, stack(0x000000c41d100000,0x000000c41d200000)]
  0x00000210b1d38000 JavaThread "Unconstrained build operations Thread 65" [_thread_blocked, id=15032, stack(0x000000c41d200000,0x000000c41d300000)]
  0x00000210b1d39800 JavaThread "Unconstrained build operations Thread 66" [_thread_blocked, id=13344, stack(0x000000c41d300000,0x000000c41d400000)]
  0x00000210b1d3e800 JavaThread "Unconstrained build operations Thread 67" [_thread_blocked, id=14704, stack(0x000000c41d400000,0x000000c41d500000)]
  0x00000210b1d39000 JavaThread "Unconstrained build operations Thread 68" [_thread_blocked, id=14744, stack(0x000000c41d500000,0x000000c41d600000)]
  0x00000210b1d42800 JavaThread "Unconstrained build operations Thread 69" [_thread_blocked, id=14272, stack(0x000000c41d600000,0x000000c41d700000)]
  0x00000210b1d43800 JavaThread "Unconstrained build operations Thread 70" [_thread_blocked, id=15088, stack(0x000000c41d700000,0x000000c41d800000)]
  0x00000210b1d42000 JavaThread "Unconstrained build operations Thread 71" [_thread_blocked, id=7124, stack(0x000000c41d800000,0x000000c41d900000)]
  0x00000210b1d45000 JavaThread "Unconstrained build operations Thread 72" [_thread_blocked, id=14504, stack(0x000000c41d900000,0x000000c41da00000)]
  0x00000210b1d3f800 JavaThread "Unconstrained build operations Thread 73" [_thread_blocked, id=7488, stack(0x000000c41da00000,0x000000c41db00000)]
  0x00000210b1d40000 JavaThread "Unconstrained build operations Thread 74" [_thread_blocked, id=14240, stack(0x000000c41db00000,0x000000c41dc00000)]
  0x00000210b1d46000 JavaThread "Unconstrained build operations Thread 75" [_thread_blocked, id=1852, stack(0x000000c41dc00000,0x000000c41dd00000)]
  0x00000210b1d44800 JavaThread "Unconstrained build operations Thread 76" [_thread_blocked, id=8552, stack(0x000000c41dd00000,0x000000c41de00000)]
  0x00000210b1d47000 JavaThread "Unconstrained build operations Thread 77" [_thread_blocked, id=10072, stack(0x000000c41de00000,0x000000c41df00000)]
  0x00000210b1d41000 JavaThread "Unconstrained build operations Thread 78" [_thread_blocked, id=11636, stack(0x000000c41df00000,0x000000c41e000000)]
  0x00000210b10a4800 JavaThread "Unconstrained build operations Thread 79" [_thread_blocked, id=14200, stack(0x000000c41e000000,0x000000c41e100000)]
  0x00000210b109e800 JavaThread "Unconstrained build operations Thread 80" [_thread_blocked, id=17288, stack(0x000000c41e100000,0x000000c41e200000)]

Other Threads:
  0x00000210af82a000 VMThread "VM Thread" [stack: 0x000000c415a00000,0x000000c415b00000] [id=9704]
=>0x00000210af9b9800 WatcherThread [stack: 0x000000c416500000,0x000000c416600000] [id=10196]
  0x000002108ff01000 GCTaskThread "GC Thread#0" [stack: 0x000000c415500000,0x000000c415600000] [id=17080]
  0x00000210b09e9800 GCTaskThread "GC Thread#1" [stack: 0x000000c416800000,0x000000c416900000] [id=12736]
  0x00000210b071e800 GCTaskThread "GC Thread#2" [stack: 0x000000c416900000,0x000000c416a00000] [id=18120]
  0x00000210b071f000 GCTaskThread "GC Thread#3" [stack: 0x000000c416a00000,0x000000c416b00000] [id=5564]
  0x00000210b007e800 GCTaskThread "GC Thread#4" [stack: 0x000000c416b00000,0x000000c416c00000] [id=18128]
  0x00000210b007f000 GCTaskThread "GC Thread#5" [stack: 0x000000c416c00000,0x000000c416d00000] [id=3656]
  0x00000210b1f1a000 GCTaskThread "GC Thread#6" [stack: 0x000000c417900000,0x000000c417a00000] [id=15200]
  0x00000210b21f2800 GCTaskThread "GC Thread#7" [stack: 0x000000c417a00000,0x000000c417b00000] [id=18324]
  0x000002108ff13000 ConcurrentGCThread "G1 Main Marker" [stack: 0x000000c415600000,0x000000c415700000] [id=10508]
  0x000002108ff15800 ConcurrentGCThread "G1 Conc#0" [stack: 0x000000c415700000,0x000000c415800000] [id=2436]
  0x00000210b3367800 ConcurrentGCThread "G1 Conc#1" [stack: 0x000000c418600000,0x000000c418700000] [id=3440]
  0x00000210aeea0800 ConcurrentGCThread "G1 Refine#0" [stack: 0x000000c415800000,0x000000c415900000] [id=11768]
  0x00000210b2567800 ConcurrentGCThread "G1 Refine#1" [stack: 0x000000c418e00000,0x000000c418f00000] [id=17348]
  0x00000210b2c76800 ConcurrentGCThread "G1 Refine#2" [stack: 0x000000c418f00000,0x000000c419000000] [id=16876]
  0x00000210b1f37000 ConcurrentGCThread "G1 Refine#3" [stack: 0x000000c419000000,0x000000c419100000] [id=5440]
  0x00000210aeea1000 ConcurrentGCThread "G1 Young RemSet Sampling" [stack: 0x000000c415900000,0x000000c415a00000] [id=17428]

Threads with active compile tasks:

VM state:not at safepoint (normal execution)

VM Mutex/Monitor currently owned by a thread:  ([mutex/lock_event])
[0x000002108febfa40] PeriodicTask_lock - owner thread: 0x00000210af9b9800

Heap address: 0x0000000080000000, size: 2048 MB, Compressed Oops mode: 32-bit
Narrow klass base: 0x0000000800000000, Narrow klass shift: 3
Compressed class space size: 1073741824 Address: 0x0000000800b30000

Heap:
 garbage-first heap   total 188416K, used 107461K [0x0000000080000000, 0x0000000100000000)
  region size 1024K, 9 young (9216K), 5 survivors (5120K)
 Metaspace       used 52576K, capacity 54210K, committed 54320K, reserved 1095680K
  class space    used 7133K, capacity 7770K, committed 7808K, reserved 1048576K
Heap Regions: E=young(eden), S=young(survivor), O=old, HS=humongous(starts), HC=humongous(continues), CS=collection set, F=free, OA=open archive, CA=closed archive, TAMS=top-at-mark-start (previous, next)
|   0|0x0000000080000000, 0x0000000080100000, 0x0000000080100000|100%|HS|  |TAMS 0x0000000080100000, 0x0000000080000000| Complete 
|   1|0x0000000080100000, 0x0000000080200000, 0x0000000080200000|100%|HC|  |TAMS 0x0000000080200000, 0x0000000080100000| Complete 
|   2|0x0000000080200000, 0x0000000080300000, 0x0000000080300000|100%|HC|  |TAMS 0x0000000080300000, 0x0000000080200000| Complete 
|   3|0x0000000080300000, 0x0000000080400000, 0x0000000080400000|100%|HC|  |TAMS 0x0000000080400000, 0x0000000080300000| Complete 
|   4|0x0000000080400000, 0x0000000080500000, 0x0000000080500000|100%| O|  |TAMS 0x0000000080500000, 0x0000000080400000| Untracked 
|   5|0x0000000080500000, 0x0000000080600000, 0x0000000080600000|100%| O|  |TAMS 0x0000000080600000, 0x0000000080500000| Untracked 
|   6|0x0000000080600000, 0x0000000080700000, 0x0000000080700000|100%| O|  |TAMS 0x0000000080700000, 0x0000000080600000| Untracked 
|   7|0x0000000080700000, 0x0000000080800000, 0x0000000080800000|100%| O|  |TAMS 0x0000000080800000, 0x0000000080700000| Untracked 
|   8|0x0000000080800000, 0x0000000080900000, 0x0000000080900000|100%| O|  |TAMS 0x0000000080900000, 0x0000000080800000| Untracked 
|   9|0x0000000080900000, 0x0000000080a00000, 0x0000000080a00000|100%| O|  |TAMS 0x0000000080a00000, 0x0000000080900000| Untracked 
|  10|0x0000000080a00000, 0x0000000080a73a00, 0x0000000080b00000| 45%| O|  |TAMS 0x0000000080a73a00, 0x0000000080a00000| Untracked 
|  11|0x0000000080b00000, 0x0000000080c00000, 0x0000000080c00000|100%|HS|  |TAMS 0x0000000080c00000, 0x0000000080b00000| Complete 
|  12|0x0000000080c00000, 0x0000000080d00000, 0x0000000080d00000|100%|HC|  |TAMS 0x0000000080d00000, 0x0000000080c00000| Complete 
|  13|0x0000000080d00000, 0x0000000080e00000, 0x0000000080e00000|100%|HS|  |TAMS 0x0000000080e00000, 0x0000000080d00000| Complete 
|  14|0x0000000080e00000, 0x0000000080f00000, 0x0000000080f00000|100%|HC|  |TAMS 0x0000000080f00000, 0x0000000080e00000| Complete 
|  15|0x0000000080f00000, 0x0000000081000000, 0x0000000081000000|100%|HC|  |TAMS 0x0000000081000000, 0x0000000080f00000| Complete 
|  16|0x0000000081000000, 0x0000000081100000, 0x0000000081100000|100%|HS|  |TAMS 0x0000000081100000, 0x0000000081000000| Complete 
|  17|0x0000000081100000, 0x0000000081200000, 0x0000000081200000|100%|HC|  |TAMS 0x0000000081200000, 0x0000000081100000| Complete 
|  18|0x0000000081200000, 0x0000000081300000, 0x0000000081300000|100%|HC|  |TAMS 0x0000000081300000, 0x0000000081200000| Complete 
|  19|0x0000000081300000, 0x0000000081400000, 0x0000000081400000|100%|HS|  |TAMS 0x0000000081400000, 0x0000000081300000| Complete 
|  20|0x0000000081400000, 0x0000000081500000, 0x0000000081500000|100%|HC|  |TAMS 0x0000000081500000, 0x0000000081400000| Complete 
|  21|0x0000000081500000, 0x0000000081600000, 0x0000000081600000|100%|HS|  |TAMS 0x0000000081600000, 0x0000000081500000| Complete 
|  22|0x0000000081600000, 0x0000000081700000, 0x0000000081700000|100%|HC|  |TAMS 0x0000000081700000, 0x0000000081600000| Complete 
|  23|0x0000000081700000, 0x0000000081800000, 0x0000000081800000|100%|HC|  |TAMS 0x0000000081800000, 0x0000000081700000| Complete 
|  24|0x0000000081800000, 0x0000000081900000, 0x0000000081900000|100%|HC|  |TAMS 0x0000000081900000, 0x0000000081800000| Complete 
|  25|0x0000000081900000, 0x0000000081a00000, 0x0000000081a00000|100%|HC|  |TAMS 0x0000000081a00000, 0x0000000081900000| Complete 
|  26|0x0000000081a00000, 0x0000000081b00000, 0x0000000081b00000|100%|HC|  |TAMS 0x0000000081b00000, 0x0000000081a00000| Complete 
|  27|0x0000000081b00000, 0x0000000081c00000, 0x0000000081c00000|100%|HC|  |TAMS 0x0000000081c00000, 0x0000000081b00000| Complete 
|  28|0x0000000081c00000, 0x0000000081d00000, 0x0000000081d00000|100%|HC|  |TAMS 0x0000000081d00000, 0x0000000081c00000| Complete 
|  29|0x0000000081d00000, 0x0000000081e00000, 0x0000000081e00000|100%|HC|  |TAMS 0x0000000081e00000, 0x0000000081d00000| Complete 
|  30|0x0000000081e00000, 0x0000000081f00000, 0x0000000081f00000|100%|HC|  |TAMS 0x0000000081f00000, 0x0000000081e00000| Complete 
|  31|0x0000000081f00000, 0x0000000082000000, 0x0000000082000000|100%|HS|  |TAMS 0x0000000082000000, 0x0000000081f00000| Complete 
|  32|0x0000000082000000, 0x0000000082100000, 0x0000000082100000|100%|HC|  |TAMS 0x0000000082100000, 0x0000000082000000| Complete 
|  33|0x0000000082100000, 0x0000000082200000, 0x0000000082200000|100%|HS|  |TAMS 0x0000000082200000, 0x0000000082100000| Complete 
|  34|0x0000000082200000, 0x0000000082300000, 0x0000000082300000|100%|HC|  |TAMS 0x0000000082300000, 0x0000000082200000| Complete 
|  35|0x0000000082300000, 0x0000000082400000, 0x0000000082400000|100%|HC|  |TAMS 0x0000000082400000, 0x0000000082300000| Complete 
|  36|0x0000000082400000, 0x0000000082500000, 0x0000000082500000|100%|HC|  |TAMS 0x0000000082500000, 0x0000000082400000| Complete 
|  37|0x0000000082500000, 0x0000000082600000, 0x0000000082600000|100%|HC|  |TAMS 0x0000000082600000, 0x0000000082500000| Complete 
|  38|0x0000000082600000, 0x0000000082700000, 0x0000000082700000|100%|HC|  |TAMS 0x0000000082700000, 0x0000000082600000| Complete 
|  39|0x0000000082700000, 0x0000000082800000, 0x0000000082800000|100%|HS|  |TAMS 0x0000000082800000, 0x0000000082700000| Complete 
|  40|0x0000000082800000, 0x0000000082900000, 0x0000000082900000|100%| O|  |TAMS 0x0000000082900000, 0x0000000082800000| Untracked 
|  41|0x0000000082900000, 0x0000000082a00000, 0x0000000082a00000|100%| O|  |TAMS 0x0000000082a00000, 0x0000000082900000| Untracked 
|  42|0x0000000082a00000, 0x0000000082b00000, 0x0000000082b00000|100%| O|  |TAMS 0x0000000082b00000, 0x0000000082a00000| Untracked 
|  43|0x0000000082b00000, 0x0000000082c00000, 0x0000000082c00000|100%| O|  |TAMS 0x0000000082c00000, 0x0000000082b00000| Untracked 
|  44|0x0000000082c00000, 0x0000000082d00000, 0x0000000082d00000|100%| O|  |TAMS 0x0000000082d00000, 0x0000000082c00000| Untracked 
|  45|0x0000000082d00000, 0x0000000082e00000, 0x0000000082e00000|100%| O|  |TAMS 0x0000000082e00000, 0x0000000082d00000| Untracked 
|  46|0x0000000082e00000, 0x0000000082f00000, 0x0000000082f00000|100%| O|  |TAMS 0x0000000082f00000, 0x0000000082e00000| Untracked 
|  47|0x0000000082f00000, 0x0000000083000000, 0x0000000083000000|100%| O|  |TAMS 0x0000000083000000, 0x0000000082f00000| Untracked 
|  48|0x0000000083000000, 0x0000000083100000, 0x0000000083100000|100%| O|  |TAMS 0x0000000083100000, 0x0000000083000000| Untracked 
|  49|0x0000000083100000, 0x0000000083200000, 0x0000000083200000|100%|HS|  |TAMS 0x0000000083200000, 0x0000000083100000| Complete 
|  50|0x0000000083200000, 0x0000000083300000, 0x0000000083300000|100%|HC|  |TAMS 0x0000000083300000, 0x0000000083200000| Complete 
|  51|0x0000000083300000, 0x0000000083400000, 0x0000000083400000|100%|HC|  |TAMS 0x0000000083400000, 0x0000000083300000| Complete 
|  52|0x0000000083400000, 0x0000000083500000, 0x0000000083500000|100%| O|  |TAMS 0x0000000083500000, 0x0000000083400000| Untracked 
|  53|0x0000000083500000, 0x0000000083600000, 0x0000000083600000|100%| O|  |TAMS 0x0000000083600000, 0x0000000083500000| Untracked 
|  54|0x0000000083600000, 0x0000000083700000, 0x0000000083700000|100%| O|  |TAMS 0x0000000083700000, 0x0000000083600000| Untracked 
|  55|0x0000000083700000, 0x0000000083800000, 0x0000000083800000|100%| O|  |TAMS 0x0000000083800000, 0x0000000083700000| Untracked 
|  56|0x0000000083800000, 0x0000000083900000, 0x0000000083900000|100%| O|  |TAMS 0x0000000083900000, 0x0000000083800000| Untracked 
|  57|0x0000000083900000, 0x0000000083a00000, 0x0000000083a00000|100%| O|  |TAMS 0x0000000083a00000, 0x0000000083900000| Untracked 
|  58|0x0000000083a00000, 0x0000000083b00000, 0x0000000083b00000|100%| O|  |TAMS 0x0000000083b00000, 0x0000000083a00000| Untracked 
|  59|0x0000000083b00000, 0x0000000083c00000, 0x0000000083c00000|100%| O|  |TAMS 0x0000000083c00000, 0x0000000083b00000| Untracked 
|  60|0x0000000083c00000, 0x0000000083d00000, 0x0000000083d00000|100%| O|  |TAMS 0x0000000083d00000, 0x0000000083c00000| Untracked 
|  61|0x0000000083d00000, 0x0000000083e00000, 0x0000000083e00000|100%|HS|  |TAMS 0x0000000083e00000, 0x0000000083d00000| Complete 
|  62|0x0000000083e00000, 0x0000000083f00000, 0x0000000083f00000|100%|HC|  |TAMS 0x0000000083f00000, 0x0000000083e00000| Complete 
|  63|0x0000000083f00000, 0x0000000084000000, 0x0000000084000000|100%|HC|  |TAMS 0x0000000084000000, 0x0000000083f00000| Complete 
|  64|0x0000000084000000, 0x0000000084100000, 0x0000000084100000|100%|HC|  |TAMS 0x0000000084100000, 0x0000000084000000| Complete 
|  65|0x0000000084100000, 0x0000000084200000, 0x0000000084200000|100%|HC|  |TAMS 0x0000000084200000, 0x0000000084100000| Complete 
|  66|0x0000000084200000, 0x0000000084300000, 0x0000000084300000|100%|HC|  |TAMS 0x0000000084300000, 0x0000000084200000| Complete 
|  67|0x0000000084300000, 0x0000000084400000, 0x0000000084400000|100%|HC|  |TAMS 0x0000000084400000, 0x0000000084300000| Complete 
|  68|0x0000000084400000, 0x0000000084500000, 0x0000000084500000|100%|HC|  |TAMS 0x0000000084500000, 0x0000000084400000| Complete 
|  69|0x0000000084500000, 0x0000000084600000, 0x0000000084600000|100%|HC|  |TAMS 0x0000000084600000, 0x0000000084500000| Complete 
|  70|0x0000000084600000, 0x0000000084700000, 0x0000000084700000|100%|HC|  |TAMS 0x0000000084700000, 0x0000000084600000| Complete 
|  71|0x0000000084700000, 0x0000000084800000, 0x0000000084800000|100%|HC|  |TAMS 0x0000000084800000, 0x0000000084700000| Complete 
|  72|0x0000000084800000, 0x0000000084900000, 0x0000000084900000|100%|HS|  |TAMS 0x0000000084900000, 0x0000000084800000| Complete 
|  73|0x0000000084900000, 0x0000000084a00000, 0x0000000084a00000|100%|HC|  |TAMS 0x0000000084a00000, 0x0000000084900000| Complete 
|  74|0x0000000084a00000, 0x0000000084b00000, 0x0000000084b00000|100%|HS|  |TAMS 0x0000000084b00000, 0x0000000084a00000| Complete 
|  75|0x0000000084b00000, 0x0000000084c00000, 0x0000000084c00000|100%|HC|  |TAMS 0x0000000084c00000, 0x0000000084b00000| Complete 
|  76|0x0000000084c00000, 0x0000000084d00000, 0x0000000084d00000|100%|HC|  |TAMS 0x0000000084d00000, 0x0000000084c00000| Complete 
|  77|0x0000000084d00000, 0x0000000084e00000, 0x0000000084e00000|100%|HS|  |TAMS 0x0000000084e00000, 0x0000000084d00000| Complete 
|  78|0x0000000084e00000, 0x0000000084f00000, 0x0000000084f00000|100%|HC|  |TAMS 0x0000000084f00000, 0x0000000084e00000| Complete 
|  79|0x0000000084f00000, 0x0000000085000000, 0x0000000085000000|100%| O|  |TAMS 0x0000000085000000, 0x0000000084f00000| Untracked 
|  80|0x0000000085000000, 0x0000000085100000, 0x0000000085100000|100%| O|  |TAMS 0x0000000085100000, 0x0000000085000000| Untracked 
|  81|0x0000000085100000, 0x0000000085200000, 0x0000000085200000|100%| O|  |TAMS 0x0000000085200000, 0x0000000085100000| Untracked 
|  82|0x0000000085200000, 0x0000000085300000, 0x0000000085300000|100%| O|  |TAMS 0x0000000085300000, 0x0000000085200000| Untracked 
|  83|0x0000000085300000, 0x0000000085400000, 0x0000000085400000|100%| O|  |TAMS 0x0000000085400000, 0x0000000085300000| Untracked 
|  84|0x0000000085400000, 0x0000000085500000, 0x0000000085500000|100%| O|  |TAMS 0x0000000085500000, 0x0000000085400000| Untracked 
|  85|0x0000000085500000, 0x0000000085600000, 0x0000000085600000|100%| O|  |TAMS 0x0000000085600000, 0x0000000085500000| Untracked 
|  86|0x0000000085600000, 0x0000000085700000, 0x0000000085700000|100%|HS|  |TAMS 0x0000000085700000, 0x0000000085600000| Complete 
|  87|0x0000000085700000, 0x0000000085800000, 0x0000000085800000|100%|HC|  |TAMS 0x0000000085800000, 0x0000000085700000| Complete 
|  88|0x0000000085800000, 0x0000000085900000, 0x0000000085900000|100%|HC|  |TAMS 0x0000000085900000, 0x0000000085800000| Complete 
|  89|0x0000000085900000, 0x0000000085a00000, 0x0000000085a00000|100%|HC|  |TAMS 0x0000000085a00000, 0x0000000085900000| Complete 
|  90|0x0000000085a00000, 0x0000000085b00000, 0x0000000085b00000|100%|HC|  |TAMS 0x0000000085b00000, 0x0000000085a00000| Complete 
|  91|0x0000000085b00000, 0x0000000085c00000, 0x0000000085c00000|100%|HC|  |TAMS 0x0000000085c00000, 0x0000000085b00000| Complete 
|  92|0x0000000085c00000, 0x0000000085d00000, 0x0000000085d00000|100%|HS|  |TAMS 0x0000000085d00000, 0x0000000085c00000| Complete 
|  93|0x0000000085d00000, 0x0000000085e00000, 0x0000000085e00000|100%| O|  |TAMS 0x0000000085d00000, 0x0000000085d00000| Untracked 
|  94|0x0000000085e00000, 0x0000000085f00000, 0x0000000085f00000|100%| O|  |TAMS 0x0000000085e00000, 0x0000000085e00000| Untracked 
|  95|0x0000000085f00000, 0x0000000086000000, 0x0000000086000000|100%| O|  |TAMS 0x0000000086000000, 0x0000000085f00000| Untracked 
|  96|0x0000000086000000, 0x0000000086100000, 0x0000000086100000|100%| O|  |TAMS 0x000000008607bc00, 0x0000000086000000| Untracked 
|  97|0x0000000086100000, 0x0000000086200000, 0x0000000086200000|100%| O|  |TAMS 0x0000000086100000, 0x0000000086100000| Untracked 
|  98|0x0000000086200000, 0x0000000086300000, 0x0000000086300000|100%| O|  |TAMS 0x0000000086200000, 0x0000000086200000| Untracked 
|  99|0x0000000086300000, 0x0000000086359c00, 0x0000000086400000| 35%| O|  |TAMS 0x0000000086300000, 0x0000000086300000| Untracked 
| 100|0x0000000086400000, 0x0000000086400000, 0x0000000086500000|  0%| F|  |TAMS 0x0000000086400000, 0x0000000086400000| Untracked 
| 101|0x0000000086500000, 0x0000000086500000, 0x0000000086600000|  0%| F|  |TAMS 0x0000000086500000, 0x0000000086500000| Untracked 
| 102|0x0000000086600000, 0x0000000086600000, 0x0000000086700000|  0%| F|  |TAMS 0x0000000086600000, 0x0000000086600000| Untracked 
| 103|0x0000000086700000, 0x0000000086700000, 0x0000000086800000|  0%| F|  |TAMS 0x0000000086700000, 0x0000000086700000| Untracked 
| 104|0x0000000086800000, 0x0000000086800000, 0x0000000086900000|  0%| F|  |TAMS 0x0000000086800000, 0x0000000086800000| Untracked 
| 105|0x0000000086900000, 0x0000000086900000, 0x0000000086a00000|  0%| F|  |TAMS 0x0000000086900000, 0x0000000086900000| Untracked 
| 106|0x0000000086a00000, 0x0000000086a00000, 0x0000000086b00000|  0%| F|  |TAMS 0x0000000086a00000, 0x0000000086a00000| Untracked 
| 107|0x0000000086b00000, 0x0000000086b00000, 0x0000000086c00000|  0%| F|  |TAMS 0x0000000086b00000, 0x0000000086b00000| Untracked 
| 108|0x0000000086c00000, 0x0000000086c00000, 0x0000000086d00000|  0%| F|  |TAMS 0x0000000086c00000, 0x0000000086c00000| Untracked 
| 109|0x0000000086d00000, 0x0000000086d00000, 0x0000000086e00000|  0%| F|  |TAMS 0x0000000086d00000, 0x0000000086d00000| Untracked 
| 110|0x0000000086e00000, 0x0000000086e00000, 0x0000000086f00000|  0%| F|  |TAMS 0x0000000086e00000, 0x0000000086e00000| Untracked 
| 111|0x0000000086f00000, 0x0000000086f00000, 0x0000000087000000|  0%| F|  |TAMS 0x0000000086f00000, 0x0000000086f00000| Untracked 
| 112|0x0000000087000000, 0x0000000087000000, 0x0000000087100000|  0%| F|  |TAMS 0x0000000087000000, 0x0000000087000000| Untracked 
| 113|0x0000000087100000, 0x0000000087100000, 0x0000000087200000|  0%| F|  |TAMS 0x0000000087100000, 0x0000000087100000| Untracked 
| 114|0x0000000087200000, 0x0000000087200000, 0x0000000087300000|  0%| F|  |TAMS 0x0000000087200000, 0x0000000087200000| Untracked 
| 115|0x0000000087300000, 0x0000000087300000, 0x0000000087400000|  0%| F|  |TAMS 0x0000000087300000, 0x0000000087300000| Untracked 
| 116|0x0000000087400000, 0x0000000087400000, 0x0000000087500000|  0%| F|  |TAMS 0x0000000087400000, 0x0000000087400000| Untracked 
| 117|0x0000000087500000, 0x0000000087500000, 0x0000000087600000|  0%| F|  |TAMS 0x0000000087500000, 0x0000000087500000| Untracked 
| 118|0x0000000087600000, 0x0000000087600000, 0x0000000087700000|  0%| F|  |TAMS 0x0000000087600000, 0x0000000087600000| Untracked 
| 119|0x0000000087700000, 0x0000000087700000, 0x0000000087800000|  0%| F|  |TAMS 0x0000000087700000, 0x0000000087700000| Untracked 
| 120|0x0000000087800000, 0x0000000087800000, 0x0000000087900000|  0%| F|  |TAMS 0x0000000087800000, 0x0000000087800000| Untracked 
| 121|0x0000000087900000, 0x0000000087900000, 0x0000000087a00000|  0%| F|  |TAMS 0x0000000087900000, 0x0000000087900000| Untracked 
| 122|0x0000000087a00000, 0x0000000087a24130, 0x0000000087b00000| 14%| S|CS|TAMS 0x0000000087a00000, 0x0000000087a00000| Complete 
| 123|0x0000000087b00000, 0x0000000087b00000, 0x0000000087c00000|  0%| F|  |TAMS 0x0000000087b00000, 0x0000000087b00000| Untracked 
| 124|0x0000000087c00000, 0x0000000087c00000, 0x0000000087d00000|  0%| F|  |TAMS 0x0000000087c00000, 0x0000000087c00000| Untracked 
| 125|0x0000000087d00000, 0x0000000087d00000, 0x0000000087e00000|  0%| F|  |TAMS 0x0000000087d00000, 0x0000000087d00000| Untracked 
| 126|0x0000000087e00000, 0x0000000087e00000, 0x0000000087f00000|  0%| F|  |TAMS 0x0000000087e00000, 0x0000000087e00000| Untracked 
| 127|0x0000000087f00000, 0x0000000087f00000, 0x0000000088000000|  0%| F|  |TAMS 0x0000000087f00000, 0x0000000087f00000| Untracked 
| 128|0x0000000088000000, 0x0000000088000000, 0x0000000088100000|  0%| F|  |TAMS 0x0000000088000000, 0x0000000088000000| Untracked 
| 129|0x0000000088100000, 0x0000000088100000, 0x0000000088200000|  0%| F|  |TAMS 0x0000000088100000, 0x0000000088100000| Untracked 
| 130|0x0000000088200000, 0x0000000088200000, 0x0000000088300000|  0%| F|  |TAMS 0x0000000088200000, 0x0000000088200000| Untracked 
| 131|0x0000000088300000, 0x0000000088400000, 0x0000000088400000|100%| S|CS|TAMS 0x0000000088300000, 0x0000000088300000| Complete 
| 132|0x0000000088400000, 0x0000000088500000, 0x0000000088500000|100%| S|CS|TAMS 0x0000000088400000, 0x0000000088400000| Complete 
| 133|0x0000000088500000, 0x0000000088600000, 0x0000000088600000|100%| S|CS|TAMS 0x0000000088500000, 0x0000000088500000| Complete 
| 134|0x0000000088600000, 0x0000000088700000, 0x0000000088700000|100%| S|CS|TAMS 0x0000000088600000, 0x0000000088600000| Complete 
| 135|0x0000000088700000, 0x0000000088700000, 0x0000000088800000|  0%| F|  |TAMS 0x0000000088700000, 0x0000000088700000| Untracked 
| 136|0x0000000088800000, 0x0000000088800000, 0x0000000088900000|  0%| F|  |TAMS 0x0000000088800000, 0x0000000088800000| Untracked 
| 137|0x0000000088900000, 0x0000000088900000, 0x0000000088a00000|  0%| F|  |TAMS 0x0000000088900000, 0x0000000088900000| Untracked 
| 138|0x0000000088a00000, 0x0000000088a00000, 0x0000000088b00000|  0%| F|  |TAMS 0x0000000088a00000, 0x0000000088a00000| Untracked 
| 139|0x0000000088b00000, 0x0000000088b00000, 0x0000000088c00000|  0%| F|  |TAMS 0x0000000088b00000, 0x0000000088b00000| Untracked 
| 140|0x0000000088c00000, 0x0000000088c00000, 0x0000000088d00000|  0%| F|  |TAMS 0x0000000088c00000, 0x0000000088c00000| Untracked 
| 141|0x0000000088d00000, 0x0000000088d00000, 0x0000000088e00000|  0%| F|  |TAMS 0x0000000088d00000, 0x0000000088d00000| Untracked 
| 142|0x0000000088e00000, 0x0000000088e00000, 0x0000000088f00000|  0%| F|  |TAMS 0x0000000088e00000, 0x0000000088e00000| Untracked 
| 143|0x0000000088f00000, 0x0000000088f00000, 0x0000000089000000|  0%| F|  |TAMS 0x0000000088f00000, 0x0000000088f00000| Untracked 
| 144|0x0000000089000000, 0x0000000089000000, 0x0000000089100000|  0%| F|  |TAMS 0x0000000089000000, 0x0000000089000000| Untracked 
| 145|0x0000000089100000, 0x0000000089100000, 0x0000000089200000|  0%| F|  |TAMS 0x0000000089100000, 0x0000000089100000| Untracked 
| 146|0x0000000089200000, 0x0000000089200000, 0x0000000089300000|  0%| F|  |TAMS 0x0000000089200000, 0x0000000089200000| Untracked 
| 147|0x0000000089300000, 0x0000000089300000, 0x0000000089400000|  0%| F|  |TAMS 0x0000000089300000, 0x0000000089300000| Untracked 
| 148|0x0000000089400000, 0x0000000089400000, 0x0000000089500000|  0%| F|  |TAMS 0x0000000089400000, 0x0000000089400000| Untracked 
| 149|0x0000000089500000, 0x0000000089500000, 0x0000000089600000|  0%| F|  |TAMS 0x0000000089500000, 0x0000000089500000| Untracked 
| 150|0x0000000089600000, 0x0000000089600000, 0x0000000089700000|  0%| F|  |TAMS 0x0000000089600000, 0x0000000089600000| Untracked 
| 151|0x0000000089700000, 0x0000000089700000, 0x0000000089800000|  0%| F|  |TAMS 0x0000000089700000, 0x0000000089700000| Untracked 
| 152|0x0000000089800000, 0x0000000089800000, 0x0000000089900000|  0%| F|  |TAMS 0x0000000089800000, 0x0000000089800000| Untracked 
| 153|0x0000000089900000, 0x0000000089900000, 0x0000000089a00000|  0%| F|  |TAMS 0x0000000089900000, 0x0000000089900000| Untracked 
| 154|0x0000000089a00000, 0x0000000089a00000, 0x0000000089b00000|  0%| F|  |TAMS 0x0000000089a00000, 0x0000000089a00000| Untracked 
| 155|0x0000000089b00000, 0x0000000089b00000, 0x0000000089c00000|  0%| F|  |TAMS 0x0000000089b00000, 0x0000000089b00000| Untracked 
| 156|0x0000000089c00000, 0x0000000089c00000, 0x0000000089d00000|  0%| F|  |TAMS 0x0000000089c00000, 0x0000000089c00000| Untracked 
| 157|0x0000000089d00000, 0x0000000089d00000, 0x0000000089e00000|  0%| F|  |TAMS 0x0000000089d00000, 0x0000000089d00000| Untracked 
| 158|0x0000000089e00000, 0x0000000089e00000, 0x0000000089f00000|  0%| F|  |TAMS 0x0000000089e00000, 0x0000000089e00000| Untracked 
| 159|0x0000000089f00000, 0x0000000089f00000, 0x000000008a000000|  0%| F|  |TAMS 0x0000000089f00000, 0x0000000089f00000| Untracked 
| 160|0x000000008a000000, 0x000000008a000000, 0x000000008a100000|  0%| F|  |TAMS 0x000000008a000000, 0x000000008a000000| Untracked 
| 161|0x000000008a100000, 0x000000008a100000, 0x000000008a200000|  0%| F|  |TAMS 0x000000008a100000, 0x000000008a100000| Untracked 
| 162|0x000000008a200000, 0x000000008a200000, 0x000000008a300000|  0%| F|  |TAMS 0x000000008a200000, 0x000000008a200000| Untracked 
| 163|0x000000008a300000, 0x000000008a300000, 0x000000008a400000|  0%| F|  |TAMS 0x000000008a300000, 0x000000008a300000| Untracked 
| 164|0x000000008a400000, 0x000000008a400000, 0x000000008a500000|  0%| F|  |TAMS 0x000000008a400000, 0x000000008a400000| Untracked 
| 165|0x000000008a500000, 0x000000008a500000, 0x000000008a600000|  0%| F|  |TAMS 0x000000008a500000, 0x000000008a500000| Untracked 
| 166|0x000000008a600000, 0x000000008a600000, 0x000000008a700000|  0%| F|  |TAMS 0x000000008a600000, 0x000000008a600000| Untracked 
| 167|0x000000008a700000, 0x000000008a700000, 0x000000008a800000|  0%| F|  |TAMS 0x000000008a700000, 0x000000008a700000| Untracked 
| 168|0x000000008a800000, 0x000000008a800000, 0x000000008a900000|  0%| F|  |TAMS 0x000000008a800000, 0x000000008a800000| Untracked 
| 202|0x000000008ca00000, 0x000000008ca00000, 0x000000008cb00000|  0%| F|  |TAMS 0x000000008ca00000, 0x000000008ca00000| Untracked 
| 203|0x000000008cb00000, 0x000000008cb00000, 0x000000008cc00000|  0%| F|  |TAMS 0x000000008cb00000, 0x000000008cb00000| Untracked 
| 204|0x000000008cc00000, 0x000000008cc00000, 0x000000008cd00000|  0%| F|  |TAMS 0x000000008cc00000, 0x000000008cc00000| Untracked 
| 205|0x000000008cd00000, 0x000000008cd00000, 0x000000008ce00000|  0%| F|  |TAMS 0x000000008cd00000, 0x000000008cd00000| Untracked 
| 206|0x000000008ce00000, 0x000000008ce00000, 0x000000008cf00000|  0%| F|  |TAMS 0x000000008ce00000, 0x000000008ce00000| Untracked 
| 207|0x000000008cf00000, 0x000000008cf00000, 0x000000008d000000|  0%| F|  |TAMS 0x000000008cf00000, 0x000000008cf00000| Untracked 
| 208|0x000000008d000000, 0x000000008d000000, 0x000000008d100000|  0%| F|  |TAMS 0x000000008d000000, 0x000000008d000000| Untracked 
| 209|0x000000008d100000, 0x000000008d100000, 0x000000008d200000|  0%| F|  |TAMS 0x000000008d100000, 0x000000008d100000| Untracked 
| 210|0x000000008d200000, 0x000000008d200000, 0x000000008d300000|  0%| F|  |TAMS 0x000000008d200000, 0x000000008d200000| Untracked 
| 211|0x000000008d300000, 0x000000008d300000, 0x000000008d400000|  0%| F|  |TAMS 0x000000008d300000, 0x000000008d300000| Untracked 
| 212|0x000000008d400000, 0x000000008d400000, 0x000000008d500000|  0%| F|  |TAMS 0x000000008d400000, 0x000000008d400000| Untracked 
| 213|0x000000008d500000, 0x000000008d56f688, 0x000000008d600000| 43%| E|  |TAMS 0x000000008d500000, 0x000000008d500000| Complete 
| 214|0x000000008d600000, 0x000000008d700000, 0x000000008d700000|100%| E|CS|TAMS 0x000000008d600000, 0x000000008d600000| Complete 
| 215|0x000000008d700000, 0x000000008d800000, 0x000000008d800000|100%| E|  |TAMS 0x000000008d700000, 0x000000008d700000| Complete 
| 253|0x000000008fd00000, 0x000000008fe00000, 0x000000008fe00000|100%| E|CS|TAMS 0x000000008fd00000, 0x000000008fd00000| Complete 

Card table byte_map: [0x00000210a7da0000,0x00000210a81a0000] _byte_map_base: 0x00000210a79a0000

Marking Bits (Prev, Next): (CMBitMap*) 0x000002108ff01c68, (CMBitMap*) 0x000002108ff01ca8
 Prev Bits: [0x00000210a85a0000, 0x00000210aa5a0000)
 Next Bits: [0x00000210aa5a0000, 0x00000210ac5a0000)

Polling page: 0x000002108f6a0000

Metaspace:

Usage:
  Non-class:     45.35 MB capacity,    44.38 MB ( 98%) used,   836.95 KB (  2%) free+waste,   160.50 KB ( <1%) overhead. 
      Class:      7.59 MB capacity,     6.97 MB ( 92%) used,   557.19 KB (  7%) free+waste,    79.13 KB (  1%) overhead. 
       Both:     52.94 MB capacity,    51.34 MB ( 97%) used,     1.36 MB (  3%) free+waste,   239.63 KB ( <1%) overhead. 

Virtual space:
  Non-class space:       46.00 MB reserved,      45.42 MB ( 99%) committed 
      Class space:        1.00 GB reserved,       7.63 MB ( <1%) committed 
             Both:        1.04 GB reserved,      53.05 MB (  5%) committed 

Chunk freelists:
   Non-Class:  8.00 KB
       Class:  6.00 KB
        Both:  14.00 KB

MaxMetaspaceSize: 17179869184.00 GB
CompressedClassSpaceSize: 1.00 GB

CodeHeap 'non-profiled nmethods': size=120000Kb used=3665Kb max_used=3665Kb free=116334Kb
 bounds [0x00000210a0140000, 0x00000210a04e0000, 0x00000210a7670000]
CodeHeap 'profiled nmethods': size=120000Kb used=12276Kb max_used=12276Kb free=107723Kb
 bounds [0x0000021098c10000, 0x0000021099810000, 0x00000210a0140000]
CodeHeap 'non-nmethods': size=5760Kb used=2377Kb max_used=2427Kb free=3382Kb
 bounds [0x0000021098670000, 0x00000210988e0000, 0x0000021098c10000]
 total_blobs=9695 nmethods=5965 adapters=778
 compilation: enabled
              stopped_count=0, restarted_count=0
 full_count=0

Compilation events (20 events):
Event: 491.649 Thread 0x00000210af85b000 6707       1       org.gradle.cache.internal.filelock.LockOptionsBuilder::isUseCrossVersionImplementation (5 bytes)
Event: 491.649 Thread 0x00000210af85b000 nmethod 6707 0x00000210a04d1610 code [0x00000210a04d17a0, 0x00000210a04d1878]
Event: 491.649 Thread 0x00000210af85b000 6708       1       org.gradle.cache.internal.filelock.LockStateAccess::getRegionEnd (5 bytes)
Event: 491.649 Thread 0x00000210af85b000 nmethod 6708 0x00000210a04d1910 code [0x00000210a04d1aa0, 0x00000210a04d1b78]
Event: 491.649 Thread 0x00000210af85b000 6709       1       org.gradle.cache.internal.DefaultFileLockManager::access$500 (5 bytes)
Event: 491.649 Thread 0x00000210af85b000 nmethod 6709 0x00000210a04d1c10 code [0x00000210a04d1da0, 0x00000210a04d1e38]
Event: 511.643 Thread 0x00000210af85b000 6710       1       org.gradle.cache.internal.filelock.DefaultLockStateSerializer::getSize (3 bytes)
Event: 511.643 Thread 0x00000210af85b000 nmethod 6710 0x00000210a04d1f10 code [0x00000210a04d20a0, 0x00000210a04d2178]
Event: 521.642 Thread 0x00000210af854800 6711       4       java.lang.Long::valueOf (40 bytes)
Event: 521.644 Thread 0x00000210af854800 nmethod 6711 0x00000210a04d2210 code [0x00000210a04d23a0, 0x00000210a04d24b8]
Event: 541.647 Thread 0x00000210af85b000 6712       1       org.gradle.cache.internal.DefaultFileLockManager::access$1000 (5 bytes)
Event: 541.647 Thread 0x00000210af85b000 nmethod 6712 0x00000210a04d2590 code [0x00000210a04d2720, 0x00000210a04d27b8]
Event: 569.740 Thread 0x00000210af854800 6713       4       java.nio.ByteBuffer::limit (6 bytes)
Event: 569.744 Thread 0x00000210af854800 nmethod 6713 0x00000210a04d2890 code [0x00000210a04d2a40, 0x00000210a04d2bb8]
Event: 599.136 Thread 0x00000210af854800 6714       4       java.lang.StringBuilder::append (6 bytes)
Event: 599.152 Thread 0x00000210af854800 nmethod 6714 0x00000210a04d2d10 code [0x00000210a04d2f20, 0x00000210a04d35b8]
Event: 601.651 Thread 0x00000210af85b000 6715       3       java.util.LinkedHashMap::valuesToArray (38 bytes)
Event: 601.651 Thread 0x00000210af85b000 nmethod 6715 0x000002109980df90 code [0x000002109980e140, 0x000002109980e4f8]
Event: 603.725 Thread 0x00000210af854800 6716       4       org.gradle.internal.serialize.DefaultSerializerRegistry$TaggedTypeSerializer::write (37 bytes)
Event: 603.729 Thread 0x00000210af854800 nmethod 6716 0x00000210a04d3990 code [0x00000210a04d3be0, 0x00000210a04d40b8]

GC Heap History (20 events):
Event: 0.794 GC heap before
{Heap before GC invocations=1 (full 0):
 garbage-first heap   total 260096K, used 38096K [0x0000000080000000, 0x0000000100000000)
  region size 1024K, 30 young (30720K), 3 survivors (3072K)
 Metaspace       used 4281K, capacity 6811K, committed 7040K, reserved 1056768K
  class space    used 536K, capacity 805K, committed 896K, reserved 1048576K
}
Event: 0.797 GC heap after
{Heap after GC invocations=2 (full 0):
 garbage-first heap   total 260096K, used 11486K [0x0000000080000000, 0x0000000100000000)
  region size 1024K, 1 young (1024K), 1 survivors (1024K)
 Metaspace       used 4281K, capacity 6811K, committed 7040K, reserved 1056768K
  class space    used 536K, capacity 805K, committed 896K, reserved 1048576K
}
Event: 2.533 GC heap before
{Heap before GC invocations=2 (full 0):
 garbage-first heap   total 260096K, used 132318K [0x0000000080000000, 0x0000000100000000)
  region size 1024K, 119 young (121856K), 1 survivors (1024K)
 Metaspace       used 17051K, capacity 17682K, committed 17920K, reserved 1064960K
  class space    used 2517K, capacity 2752K, committed 2816K, reserved 1048576K
}
Event: 2.540 GC heap after
{Heap after GC invocations=3 (full 0):
 garbage-first heap   total 260096K, used 19918K [0x0000000080000000, 0x0000000100000000)
  region size 1024K, 9 young (9216K), 9 survivors (9216K)
 Metaspace       used 17051K, capacity 17682K, committed 17920K, reserved 1064960K
  class space    used 2517K, capacity 2752K, committed 2816K, reserved 1048576K
}
Event: 3.172 GC heap before
{Heap before GC invocations=3 (full 0):
 garbage-first heap   total 260096K, used 86478K [0x0000000080000000, 0x0000000100000000)
  region size 1024K, 47 young (48128K), 9 survivors (9216K)
 Metaspace       used 20364K, capacity 21092K, committed 21296K, reserved 1067008K
  class space    used 3073K, capacity 3345K, committed 3456K, reserved 1048576K
}
Event: 3.179 GC heap after
{Heap after GC invocations=4 (full 0):
 garbage-first heap   total 260096K, used 54295K [0x0000000080000000, 0x0000000100000000)
  region size 1024K, 14 young (14336K), 14 survivors (14336K)
 Metaspace       used 20364K, capacity 21092K, committed 21296K, reserved 1067008K
  class space    used 3073K, capacity 3345K, committed 3456K, reserved 1048576K
}
Event: 4.790 GC heap before
{Heap before GC invocations=5 (full 0):
 garbage-first heap   total 188416K, used 152599K [0x0000000080000000, 0x0000000100000000)
  region size 1024K, 110 young (112640K), 14 survivors (14336K)
 Metaspace       used 32041K, capacity 33178K, committed 33456K, reserved 1077248K
  class space    used 4596K, capacity 4997K, committed 5120K, reserved 1048576K
}
Event: 4.802 GC heap after
{Heap after GC invocations=6 (full 0):
 garbage-first heap   total 188416K, used 60800K [0x0000000080000000, 0x0000000100000000)
  region size 1024K, 11 young (11264K), 11 survivors (11264K)
 Metaspace       used 32041K, capacity 33178K, committed 33456K, reserved 1077248K
  class space    used 4596K, capacity 4997K, committed 5120K, reserved 1048576K
}
Event: 5.334 GC heap before
{Heap before GC invocations=6 (full 0):
 garbage-first heap   total 188416K, used 97664K [0x0000000080000000, 0x0000000100000000)
  region size 1024K, 46 young (47104K), 11 survivors (11264K)
 Metaspace       used 34686K, capacity 35790K, committed 35888K, reserved 1079296K
  class space    used 4832K, capacity 5222K, committed 5248K, reserved 1048576K
}
Event: 5.342 GC heap after
{Heap after GC invocations=7 (full 0):
 garbage-first heap   total 188416K, used 61945K [0x0000000080000000, 0x0000000100000000)
  region size 1024K, 4 young (4096K), 4 survivors (4096K)
 Metaspace       used 34686K, capacity 35790K, committed 35888K, reserved 1079296K
  class space    used 4832K, capacity 5222K, committed 5248K, reserved 1048576K
}
Event: 6.578 GC heap before
{Heap before GC invocations=8 (full 0):
 garbage-first heap   total 188416K, used 170489K [0x0000000080000000, 0x0000000100000000)
  region size 1024K, 89 young (91136K), 4 survivors (4096K)
 Metaspace       used 39823K, capacity 41189K, committed 41264K, reserved 1085440K
  class space    used 5472K, capacity 5949K, committed 6016K, reserved 1048576K
}
Event: 6.587 GC heap after
{Heap after GC invocations=9 (full 0):
 garbage-first heap   total 188416K, used 89228K [0x0000000080000000, 0x0000000100000000)
  region size 1024K, 9 young (9216K), 9 survivors (9216K)
 Metaspace       used 39823K, capacity 41189K, committed 41264K, reserved 1085440K
  class space    used 5472K, capacity 5949K, committed 6016K, reserved 1048576K
}
Event: 6.939 GC heap before
{Heap before GC invocations=9 (full 0):
 garbage-first heap   total 188416K, used 111756K [0x0000000080000000, 0x0000000100000000)
  region size 1024K, 32 young (32768K), 9 survivors (9216K)
 Metaspace       used 41263K, capacity 42750K, committed 42800K, reserved 1085440K
  class space    used 5711K, capacity 6256K, committed 6272K, reserved 1048576K
}
Event: 6.948 GC heap after
{Heap after GC invocations=10 (full 0):
 garbage-first heap   total 188416K, used 90825K [0x0000000080000000, 0x0000000100000000)
  region size 1024K, 2 young (2048K), 2 survivors (2048K)
 Metaspace       used 41263K, capacity 42750K, committed 42800K, reserved 1085440K
  class space    used 5711K, capacity 6256K, committed 6272K, reserved 1048576K
}
Event: 8.171 GC heap before
{Heap before GC invocations=11 (full 0):
 garbage-first heap   total 188416K, used 161481K [0x0000000080000000, 0x0000000100000000)
  region size 1024K, 64 young (65536K), 2 survivors (2048K)
 Metaspace       used 45146K, capacity 46792K, committed 47024K, reserved 1089536K
  class space    used 6267K, capacity 6896K, committed 6912K, reserved 1048576K
}
Event: 8.178 GC heap after
{Heap after GC invocations=12 (full 0):
 garbage-first heap   total 188416K, used 101062K [0x0000000080000000, 0x0000000100000000)
  region size 1024K, 5 young (5120K), 5 survivors (5120K)
 Metaspace       used 45146K, capacity 46792K, committed 47024K, reserved 1089536K
  class space    used 6267K, capacity 6896K, committed 6912K, reserved 1048576K
}
Event: 102.947 GC heap before
{Heap before GC invocations=12 (full 0):
 garbage-first heap   total 188416K, used 154310K [0x0000000080000000, 0x0000000100000000)
  region size 1024K, 58 young (59392K), 5 survivors (5120K)
 Metaspace       used 52344K, capacity 53983K, committed 54064K, reserved 1095680K
  class space    used 7131K, capacity 7738K, committed 7808K, reserved 1048576K
}
Event: 102.967 GC heap after
{Heap after GC invocations=13 (full 0):
 garbage-first heap   total 188416K, used 105146K [0x0000000080000000, 0x0000000100000000)
  region size 1024K, 8 young (8192K), 8 survivors (8192K)
 Metaspace       used 52344K, capacity 53983K, committed 54064K, reserved 1095680K
  class space    used 7131K, capacity 7738K, committed 7808K, reserved 1048576K
}
Event: 589.315 GC heap before
{Heap before GC invocations=14 (full 0):
 garbage-first heap   total 188416K, used 154298K [0x0000000080000000, 0x0000000100000000)
  region size 1024K, 57 young (58368K), 8 survivors (8192K)
 Metaspace       used 52575K, capacity 54210K, committed 54320K, reserved 1095680K
  class space    used 7133K, capacity 7770K, committed 7808K, reserved 1048576K
}
Event: 589.335 GC heap after
{Heap after GC invocations=15 (full 0):
 garbage-first heap   total 188416K, used 105413K [0x0000000080000000, 0x0000000100000000)
  region size 1024K, 5 young (5120K), 5 survivors (5120K)
 Metaspace       used 52575K, capacity 54210K, committed 54320K, reserved 1095680K
  class space    used 7133K, capacity 7770K, committed 7808K, reserved 1048576K
}

Deoptimization events (20 events):
Event: 33.523 Thread 0x00000210b0158000 Uncommon trap: trap_request=0xffffff45 fr.pc=0x00000210a034c560 relative=0x00000000000001c0
Event: 33.523 Thread 0x00000210b0158000 Uncommon trap: reason=unstable_if action=reinterpret pc=0x00000210a034c560 method=java.nio.Buffer.<init>(IIIILjdk/internal/access/foreign/MemorySegmentProxy;)V @ 50 c2
Event: 33.523 Thread 0x00000210b0158000 DEOPT PACKING pc=0x00000210a034c560 sp=0x000000c41ccfbd40
Event: 33.523 Thread 0x00000210b0158000 DEOPT UNPACKING pc=0x00000210986b912f sp=0x000000c41ccfbce0 mode 2
Event: 36.386 Thread 0x00000210b0158000 DEOPT PACKING pc=0x00000210996c8148 sp=0x000000c41ccfbaa0
Event: 36.386 Thread 0x00000210b0158000 DEOPT UNPACKING pc=0x00000210986b964e sp=0x000000c41ccfafb0 mode 0
Event: 37.256 Thread 0x00000210b27a3000 DEOPT PACKING pc=0x00000210996c8148 sp=0x000000c4193fbac0
Event: 37.257 Thread 0x00000210b27a3000 DEOPT UNPACKING pc=0x00000210986b964e sp=0x000000c4193fafd0 mode 0
Event: 37.257 Thread 0x00000210b27a3000 DEOPT PACKING pc=0x00000210996c1987 sp=0x000000c4193fba90
Event: 37.257 Thread 0x00000210b27a3000 DEOPT UNPACKING pc=0x00000210986b964e sp=0x000000c4193fafd0 mode 0
Event: 38.572 Thread 0x00000210b0158000 DEOPT PACKING pc=0x00000210996c8148 sp=0x000000c41ccfbaa0
Event: 38.572 Thread 0x00000210b0158000 DEOPT UNPACKING pc=0x00000210986b964e sp=0x000000c41ccfafb0 mode 0
Event: 39.336 Thread 0x00000210b0158000 DEOPT PACKING pc=0x00000210996c8148 sp=0x000000c41ccfbb20
Event: 39.336 Thread 0x00000210b0158000 DEOPT UNPACKING pc=0x00000210986b964e sp=0x000000c41ccfb030 mode 0
Event: 39.921 Thread 0x00000210b0158000 DEOPT PACKING pc=0x00000210996c8148 sp=0x000000c41ccfbb20
Event: 39.921 Thread 0x00000210b0158000 DEOPT UNPACKING pc=0x00000210986b964e sp=0x000000c41ccfb030 mode 0
Event: 90.557 Thread 0x00000210b0158000 DEOPT PACKING pc=0x00000210996e462c sp=0x000000c41ccfbd70
Event: 90.557 Thread 0x00000210b0158000 DEOPT UNPACKING pc=0x00000210986b964e sp=0x000000c41ccfb240 mode 0
Event: 95.574 Thread 0x00000210b0158000 DEOPT PACKING pc=0x00000210996d13fd sp=0x000000c41ccfbd50
Event: 95.574 Thread 0x00000210b0158000 DEOPT UNPACKING pc=0x00000210986b964e sp=0x000000c41ccfb238 mode 0

Classes unloaded (1 events):
Event: 6.996 Thread 0x00000210af82a000 Unloading class 0x0000000800e64840 'org/gradle/internal/classpath/DefaultCachedClasspathTransformer$Convert$$Lambda$304'

Classes redefined (0 events):
No events

Internal exceptions (20 events):
Event: 7.477 Thread 0x00000210b0d12800 Exception <a 'java/lang/ClassNotFoundException'{0x0000000089e0a670}: org/gradle/api/internal/project/ProjectScriptBeanInfo> (0x0000000089e0a670) 
thrown [./open/src/hotspot/share/classfile/systemDictionary.cpp, line 226]
Event: 7.478 Thread 0x00000210b0d12800 Exception <a 'java/lang/ClassNotFoundException'{0x0000000089e24ec8}: org/gradle/api/internal/project/ProjectScriptCustomizer> (0x0000000089e24ec8) 
thrown [./open/src/hotspot/share/classfile/systemDictionary.cpp, line 226]
Event: 7.479 Thread 0x00000210b0d12800 Exception <a 'java/lang/ClassNotFoundException'{0x0000000089e42008}: build_bmm5jzk17qtr5zeq91tji8boyCustomizer> (0x0000000089e42008) 
thrown [./open/src/hotspot/share/classfile/systemDictionary.cpp, line 226]
Event: 7.492 Thread 0x00000210b0d12800 Exception <a 'java/lang/ClassNotFoundException'{0x0000000089d06840}: org/gradle/plugin/use/internal/PluginRequestCollector$PluginDependenciesSpecImplBeanInfo> (0x0000000089d06840) 
thrown [./open/src/hotspot/share/classfile/systemDictionary.cpp, line 226]
Event: 7.493 Thread 0x00000210b0d12800 Exception <a 'java/lang/ClassNotFoundException'{0x0000000089d3fc20}: org/gradle/plugin/use/internal/PluginRequestCollector$PluginDependenciesSpecImplCustomizer> (0x0000000089d3fc20) 
thrown [./open/src/hotspot/share/classfile/systemDictionary.cpp, line 226]
Event: 7.497 Thread 0x00000210b0d12800 Exception <a 'java/lang/ClassNotFoundException'{0x0000000089dacfc0}: org/gradle/plugin/use/internal/PluginRequestCollector$PluginDependencySpecImplBeanInfo> (0x0000000089dacfc0) 
thrown [./open/src/hotspot/share/classfile/systemDictionary.cpp, line 226]
Event: 7.499 Thread 0x00000210b0d12800 Exception <a 'java/lang/ClassNotFoundException'{0x0000000089de5078}: org/gradle/plugin/use/internal/PluginRequestCollector$PluginDependencySpecImplCustomizer> (0x0000000089de5078) 
thrown [./open/src/hotspot/share/classfile/systemDictionary.cpp, line 226]
Event: 7.675 Thread 0x00000210b0d12800 Exception <a 'java/lang/NoSuchMethodError'{0x0000000088bbccf0}: 'java.lang.Object java.lang.invoke.DirectMethodHandle$Holder.invokeStatic(java.lang.Object, java.lang.Object, java.lang.Object, java.lang.Object, java.lang.Object, int)'> (0x0000000088bbccf0) 
thrown [./open/src/hotspot/share/interpreter/linkResolver.cpp, line 766]
Event: 7.675 Thread 0x00000210b0d12800 Exception <a 'java/lang/NoSuchMethodError'{0x0000000088bc1698}: 'java.lang.Object java.lang.invoke.DirectMethodHandle$Holder.invokeSpecial(java.lang.Object, java.lang.Object, java.lang.Object, java.lang.Object, java.lang.Object, java.lang.Object, int)'> (0x0000000088bc1698) 
thrown [./open/src/hotspot/share/interpreter/linkResolver.cpp, line 766]
Event: 7.685 Thread 0x00000210b0d12800 Exception <a 'java/lang/NoSuchMethodError'{0x0000000088ad4570}: 'void java.lang.invoke.DirectMethodHandle$Holder.invokeStatic(java.lang.Object, java.lang.Object, java.lang.Object, int, java.lang.Object)'> (0x0000000088ad4570) 
thrown [./open/src/hotspot/share/interpreter/linkResolver.cpp, line 766]
Event: 8.097 Thread 0x00000210b0d12800 Implicit null exception at 0x00000210a01f7a7f to 0x00000210a01f7d98
Event: 8.190 Thread 0x00000210b27a3000 Implicit null exception at 0x00000210a0361d7b to 0x00000210a0361db8
Event: 8.211 Thread 0x00000210b0158000 Implicit null exception at 0x00000210a01908e4 to 0x00000210a0190ea8
Event: 8.222 Thread 0x00000210b1d77000 Exception <a 'java/lang/NoSuchMethodError'{0x000000008d3e1978}: static Lorg/gradle/internal/build/event/types/DefaultOperationStartedProgressEvent;.<clinit>()V> (0x000000008d3e1978) 
thrown [./open/src/hotspot/share/prims/jni.cpp, line 1348]
Event: 8.222 Thread 0x00000210b1d77000 Exception <a 'java/lang/NoSuchMethodError'{0x000000008d3e2fd0}: static Lorg/gradle/internal/build/event/types/AbstractProgressEvent;.<clinit>()V> (0x000000008d3e2fd0) 
thrown [./open/src/hotspot/share/prims/jni.cpp, line 1348]
Event: 8.225 Thread 0x00000210b1d77000 Exception <a 'java/lang/NoSuchMethodError'{0x000000008d24d628}: static Lorg/gradle/internal/build/event/types/DefaultFileDownloadDescriptor;.<clinit>()V> (0x000000008d24d628) 
thrown [./open/src/hotspot/share/prims/jni.cpp, line 1348]
Event: 8.227 Thread 0x00000210b1d77000 Exception <a 'java/lang/NoSuchMethodError'{0x000000008d24f828}: static Lorg/gradle/internal/build/event/types/DefaultOperationDescriptor;.<clinit>()V> (0x000000008d24f828) 
thrown [./open/src/hotspot/share/prims/jni.cpp, line 1348]
Event: 8.230 Thread 0x00000210b1d77000 Exception <a 'java/lang/NoSuchMethodError'{0x000000008d15a400}: static Lorg/gradle/internal/operations/OperationIdentifier;.<clinit>()V> (0x000000008d15a400) 
thrown [./open/src/hotspot/share/prims/jni.cpp, line 1348]
Event: 8.289 Thread 0x00000210b0158000 Exception <a 'sun/nio/fs/WindowsException'{0x000000008ccfde18}> (0x000000008ccfde18) 
thrown [./open/src/hotspot/share/prims/jni.cpp, line 599]
Event: 19.411 Thread 0x00000210b1d77000 Exception <a 'java/lang/NoSuchMethodError'{0x0000000088b63458}: static Lorg/gradle/internal/build/event/types/DefaultStatusEvent;.<clinit>()V> (0x0000000088b63458) 
thrown [./open/src/hotspot/share/prims/jni.cpp, line 1348]

Events (20 events):
Event: 33.525 Executing VM operation: HandshakeOneThread
Event: 33.525 Executing VM operation: HandshakeOneThread done
Event: 61.753 Executing VM operation: HandshakeOneThread
Event: 61.753 Executing VM operation: HandshakeOneThread done
Event: 61.753 Thread 0x00000210b1d76800 Thread exited: 0x00000210b1d76800
Event: 71.848 Executing VM operation: HandshakeOneThread
Event: 71.848 Executing VM operation: HandshakeOneThread done
Event: 71.851 Thread 0x00000210b27a5800 Thread exited: 0x00000210b27a5800
Event: 102.947 Executing VM operation: G1CollectForAllocation
Event: 102.967 Executing VM operation: G1CollectForAllocation done
Event: 102.968 loading class sun/security/ssl/Alert
Event: 102.968 loading class sun/security/ssl/Alert done
Event: 102.969 loading class sun/security/ssl/Alert$AlertConsumer
Event: 102.969 loading class sun/security/ssl/Alert$AlertConsumer done
Event: 103.003 Executing VM operation: G1Concurrent
Event: 103.005 Executing VM operation: G1Concurrent done
Event: 103.019 Executing VM operation: G1Concurrent
Event: 103.019 Executing VM operation: G1Concurrent done
Event: 589.315 Executing VM operation: G1CollectForAllocation
Event: 589.335 Executing VM operation: G1CollectForAllocation done


Dynamic libraries:
0x00007ff76d0b0000 - 0x00007ff76d0bf000 	D:\developer\JDK14\bin\java.exe
0x00007ffce8200000 - 0x00007ffce8409000 	C:\WINDOWS\SYSTEM32\ntdll.dll
0x00007ffce6af0000 - 0x00007ffce6bae000 	C:\WINDOWS\System32\KERNEL32.DLL
0x00007ffce5a40000 - 0x00007ffce5dc4000 	C:\WINDOWS\System32\KERNELBASE.dll
0x00007ffce56a0000 - 0x00007ffce57b1000 	C:\WINDOWS\System32\ucrtbase.dll
0x00007ffcd2dd0000 - 0x00007ffcd2de8000 	D:\developer\JDK14\bin\jli.dll
0x00007ffccb830000 - 0x00007ffccb845000 	D:\developer\JDK14\bin\VCRUNTIME140.dll
0x00007ffce6950000 - 0x00007ffce69ff000 	C:\WINDOWS\System32\ADVAPI32.dll
0x00007ffce6820000 - 0x00007ffce68c3000 	C:\WINDOWS\System32\msvcrt.dll
0x00007ffce74c0000 - 0x00007ffce755e000 	C:\WINDOWS\System32\sechost.dll
0x00007ffce8010000 - 0x00007ffce8131000 	C:\WINDOWS\System32\RPCRT4.dll
0x00007ffce6d80000 - 0x00007ffce6f2d000 	C:\WINDOWS\System32\USER32.dll
0x00007ffce5e50000 - 0x00007ffce5e76000 	C:\WINDOWS\System32\win32u.dll
0x00007ffce60d0000 - 0x00007ffce60fa000 	C:\WINDOWS\System32\GDI32.dll
0x00007ffcd1df0000 - 0x00007ffcd2095000 	C:\WINDOWS\WinSxS\amd64_microsoft.windows.common-controls_6595b64144ccf1df_6.0.22000.120_none_9d947278b86cc467\COMCTL32.dll
0x00007ffce5f40000 - 0x00007ffce605f000 	C:\WINDOWS\System32\gdi32full.dll
0x00007ffce5930000 - 0x00007ffce59cd000 	C:\WINDOWS\System32\msvcp_win.dll
0x00007ffcde230000 - 0x00007ffcde23a000 	C:\WINDOWS\SYSTEM32\VERSION.dll
0x00007ffce77f0000 - 0x00007ffce7821000 	C:\WINDOWS\System32\IMM32.DLL
0x00007ffcb5610000 - 0x00007ffcb56ab000 	D:\developer\JDK14\bin\msvcp140.dll
0x00007ffc8db30000 - 0x00007ffc8e64e000 	D:\developer\JDK14\bin\server\jvm.dll
0x00007ffce6bb0000 - 0x00007ffce6bb8000 	C:\WINDOWS\System32\PSAPI.DLL
0x00007ffce3f80000 - 0x00007ffce3fb3000 	C:\WINDOWS\SYSTEM32\WINMM.dll
0x00007ffcc4050000 - 0x00007ffcc4059000 	C:\WINDOWS\SYSTEM32\WSOCK32.dll
0x00007ffce67b0000 - 0x00007ffce681f000 	C:\WINDOWS\System32\WS2_32.dll
0x00007ffce4800000 - 0x00007ffce4818000 	C:\WINDOWS\SYSTEM32\kernel.appcore.dll
0x00007ffcdefa0000 - 0x00007ffcdefaa000 	D:\developer\JDK14\bin\jimage.dll
0x00007ffce39c0000 - 0x00007ffce3be1000 	C:\WINDOWS\SYSTEM32\DBGHELP.DLL
0x00007ffccd870000 - 0x00007ffccd8a1000 	C:\WINDOWS\SYSTEM32\dbgcore.DLL
0x00007ffce5dd0000 - 0x00007ffce5e4f000 	C:\WINDOWS\System32\bcryptPrimitives.dll
0x00007ffcbd580000 - 0x00007ffcbd5a5000 	D:\developer\JDK14\bin\java.dll
0x00007ffccb810000 - 0x00007ffccb826000 	D:\developer\JDK14\bin\zip.dll
0x00007ffce7830000 - 0x00007ffce7ff5000 	C:\WINDOWS\System32\SHELL32.dll
0x00007ffce27f0000 - 0x00007ffce3054000 	C:\WINDOWS\SYSTEM32\windows.storage.dll
0x00007ffce7020000 - 0x00007ffce7396000 	C:\WINDOWS\System32\combase.dll
0x00007ffce2680000 - 0x00007ffce27e7000 	C:\WINDOWS\SYSTEM32\wintypes.dll
0x00007ffce7560000 - 0x00007ffce764a000 	C:\WINDOWS\System32\SHCORE.dll
0x00007ffce8160000 - 0x00007ffce81bd000 	C:\WINDOWS\System32\shlwapi.dll
0x00007ffce55d0000 - 0x00007ffce55f1000 	C:\WINDOWS\SYSTEM32\profapi.dll
0x00007ffcc78f0000 - 0x00007ffcc7909000 	D:\developer\JDK14\bin\net.dll
0x00007ffce16a0000 - 0x00007ffce17b3000 	C:\WINDOWS\SYSTEM32\WINHTTP.dll
0x00007ffce4cb0000 - 0x00007ffce4d17000 	C:\WINDOWS\system32\mswsock.dll
0x00007ffcbe150000 - 0x00007ffcbe162000 	D:\developer\JDK14\bin\nio.dll
0x00007ffcd5860000 - 0x00007ffcd5870000 	D:\developer\JDK14\bin\verify.dll
0x00007ffcd2b00000 - 0x00007ffcd2b27000 	D:\developer\.gradle\native\68d5fa5c4cc2d200863cafc0d521ce42e7d3e7ee720ec0a83991735586a16f82\windows-amd64\native-platform.dll
0x00007ffca8cf0000 - 0x00007ffca8e34000 	D:\developer\.gradle\native\e376f236ea51e6404a007f0833ffe2c6e607c4080706a723a18a27aeea778392\windows-amd64\native-platform-file-events.dll
0x00007ffcd5300000 - 0x00007ffcd5309000 	D:\developer\JDK14\bin\management.dll
0x00007ffccb8c0000 - 0x00007ffccb8cb000 	D:\developer\JDK14\bin\management_ext.dll
0x00007ffce4f10000 - 0x00007ffce4f28000 	C:\WINDOWS\SYSTEM32\CRYPTSP.dll
0x00007ffce4760000 - 0x00007ffce4795000 	C:\WINDOWS\system32\rsaenh.dll
0x00007ffce4db0000 - 0x00007ffce4dd9000 	C:\WINDOWS\SYSTEM32\USERENV.dll
0x00007ffce5080000 - 0x00007ffce50a7000 	C:\WINDOWS\SYSTEM32\bcrypt.dll
0x00007ffce4f00000 - 0x00007ffce4f0c000 	C:\WINDOWS\SYSTEM32\CRYPTBASE.dll
0x00007ffce4320000 - 0x00007ffce434d000 	C:\WINDOWS\SYSTEM32\IPHLPAPI.DLL
0x00007ffce67a0000 - 0x00007ffce67a9000 	C:\WINDOWS\System32\NSI.dll
0x00007ffcde380000 - 0x00007ffcde399000 	C:\WINDOWS\SYSTEM32\dhcpcsvc6.DLL
0x00007ffcde7d0000 - 0x00007ffcde7ee000 	C:\WINDOWS\SYSTEM32\dhcpcsvc.DLL
0x00007ffce4390000 - 0x00007ffce4477000 	C:\WINDOWS\SYSTEM32\DNSAPI.dll
0x00007ffcbf580000 - 0x00007ffcbf58e000 	D:\developer\JDK14\bin\sunmscapi.dll
0x00007ffce57c0000 - 0x00007ffce592a000 	C:\WINDOWS\System32\CRYPT32.dll
0x00007ffce5050000 - 0x00007ffce507a000 	C:\WINDOWS\SYSTEM32\ncrypt.dll
0x00007ffce5010000 - 0x00007ffce5047000 	C:\WINDOWS\SYSTEM32\NTASN1.dll
0x00007ffcb9be0000 - 0x00007ffcb9c05000 	D:\developer\JDK14\bin\sunec.dll
0x00007ffcd4b10000 - 0x00007ffcd4b1a000 	C:\Windows\System32\rasadhlp.dll
0x00007ffcdc450000 - 0x00007ffcdc4d2000 	C:\WINDOWS\System32\fwpuclnt.dll

dbghelp: loaded successfully - version: 4.0.5 - missing functions: none
symbol engine: initialized successfully - sym options: 0x614 - pdb path: .;D:\developer\JDK14\bin;C:\WINDOWS\SYSTEM32;C:\WINDOWS\WinSxS\amd64_microsoft.windows.common-controls_6595b64144ccf1df_6.0.22000.120_none_9d947278b86cc467;D:\developer\JDK14\bin\server;D:\developer\.gradle\native\68d5fa5c4cc2d200863cafc0d521ce42e7d3e7ee720ec0a83991735586a16f82\windows-amd64;D:\developer\.gradle\native\e376f236ea51e6404a007f0833ffe2c6e607c4080706a723a18a27aeea778392\windows-amd64

VM Arguments:
jvm_args: --add-opens=java.base/java.util=ALL-UNNAMED --add-opens=java.base/java.lang=ALL-UNNAMED --add-opens=java.base/java.lang.invoke=ALL-UNNAMED --add-opens=java.prefs/java.util.prefs=ALL-UNNAMED --add-opens=java.base/java.nio.charset=ALL-UNNAMED --add-opens=java.base/java.net=ALL-UNNAMED --add-opens=java.base/java.util.concurrent.atomic=ALL-UNNAMED -Xmx2048m -Dfile.encoding=UTF-8 -Duser.country=US -Duser.language=en -Duser.variant 
java_command: org.gradle.launcher.daemon.bootstrap.GradleDaemon 8.0
java_class_path (initial): D:\developer\.gradle\wrapper\dists\gradle-8.0-bin\ca5e32bp14vu59qr306oxotwh\gradle-8.0\lib\gradle-launcher-8.0.jar
Launcher Type: SUN_STANDARD

[Global flags]
     intx CICompilerCount                          = 4                                         {product} {ergonomic}
     uint ConcGCThreads                            = 2                                         {product} {ergonomic}
     uint G1ConcRefinementThreads                  = 8                                         {product} {ergonomic}
   size_t G1HeapRegionSize                         = 1048576                                   {product} {ergonomic}
    uintx GCDrainStackTargetSize                   = 64                                        {product} {ergonomic}
   size_t InitialHeapSize                          = 266338304                                 {product} {ergonomic}
   size_t MarkStackSize                            = 4194304                                   {product} {ergonomic}
   size_t MaxHeapSize                              = 2147483648                                {product} {command line}
   size_t MaxNewSize                               = 1287651328                                {product} {ergonomic}
   size_t MinHeapDeltaBytes                        = 1048576                                   {product} {ergonomic}
   size_t MinHeapSize                              = 8388608                                   {product} {ergonomic}
    uintx NonNMethodCodeHeapSize                   = 5839372                                {pd product} {ergonomic}
    uintx NonProfiledCodeHeapSize                  = 122909434                              {pd product} {ergonomic}
    uintx ProfiledCodeHeapSize                     = 122909434                              {pd product} {ergonomic}
    uintx ReservedCodeCacheSize                    = 251658240                              {pd product} {ergonomic}
     bool SegmentedCodeCache                       = true                                      {product} {ergonomic}
   size_t SoftMaxHeapSize                          = 2147483648                             {manageable} {ergonomic}
     bool UseCompressedClassPointers               = true                                 {lp64_product} {ergonomic}
     bool UseCompressedOops                        = true                                 {lp64_product} {ergonomic}
     bool UseG1GC                                  = true                                      {product} {ergonomic}
     bool UseLargePagesIndividualAllocation        = false                                  {pd product} {ergonomic}

Logging:
Log output configuration:
 #0: stdout all=warning uptime,level,tags
 #1: stderr all=off uptime,level,tags

Environment Variables:
JAVA_HOME=D:\developer\JDK14
CLASSPATH=.;D:\developer\JDK14\lib;D:\developer\JDK14\lib\tools.jar
PATH=C:\Python39\Scripts\;C:\Python39\;C:\Windows\system32;C:\Windows;C:\Windows\System32\Wbem;C:\Windows\System32\WindowsPowerShell\v1.0\;C:\Windows\System32\OpenSSH\;C:\Program Files\Intel\WiFi\bin\;C:\Program Files\Common Files\Intel\WirelessCommon\;C:\Program Files (x86)\NVIDIA Corporation\PhysX\Common;C:\Program Files\NVIDIA Corporation\NVIDIA NvDLISR;D:\developer\JDK14\bin;D:\developer\Git\Git\cmd;C:\WINDOWS\system32;C:\WINDOWS;C:\WINDOWS\System32\Wbem;C:\WINDOWS\System32\WindowsPowerShell\v1.0\;C:\WINDOWS\System32\OpenSSH\;D:\developer\nodejs\;C:\ProgramData\chocolatey\bin;D:\developer\python-3.8.3\Scripts\;D:\developer\python-3.8.3\;C:\Users\lllddd\AppData\Local\Microsoft\WindowsApps;;D:\developer\IDEA\IntelliJ IDEA 2020.1\bin;;D:\developer\VSCode\Microsoft VS Code\bin;D:\developer\DevEcoStudio\DevEco Studio 2.1.0.301\bin;;C:\Users\lllddd\AppData\Roaming\npm
USERNAME=lllddd
OS=Windows_NT
PROCESSOR_IDENTIFIER=Intel64 Family 6 Model 142 Stepping 12, GenuineIntel



---------------  S Y S T E M  ---------------

OS: Windows 10 , 64 bit Build 22000 (10.0.22000.2003)
OS uptime: 0 days 0:52 hours

CPU:total 8 (initial active 8) (4 cores per cpu, 2 threads per core) family 6 model 142 stepping 12, cmov, cx8, fxsr, mmx, sse, sse2, sse3, ssse3, sse4.1, sse4.2, popcnt, avx, avx2, aes, clmul, erms, 3dnowpref, lzcnt, ht, tsc, tscinvbit, bmi1, bmi2, adx, fma

Memory: 4k page, system-wide physical 16229M (4787M free)
TotalPageFile size 18661M (AvailPageFile size 5861M)
current process WorkingSet (physical memory assigned to process): 341M, peak: 374M
current process commit charge ("private bytes"): 388M, peak: 452M

vm_info: Java HotSpot(TM) 64-Bit Server VM (14.0.1+7) for windows-amd64 JRE (14.0.1+7), built on Mar  5 2020 10:30:14 by "mach5one" with MS VC++ 15.9 (VS2017)

END.
