#
# A fatal error has been detected by the Java Runtime Environment:
#
#  EXCEPTION_ACCESS_VIOLATION (0xc0000005) at pc=0x00007ffc8e1486db, pid=10188, tid=11772
#
# JRE version: Java(TM) SE Runtime Environment (14.0.1+7) (build 14.0.1+7)
# Java VM: Java HotSpot(TM) 64-Bit Server VM (14.0.1+7, mixed mode, sharing, tiered, compressed oops, g1 gc, windows-amd64)
# Problematic frame:
# V  [jvm.dll+0x6186db]
#
# No core dump will be written. Minidumps are not enabled by default on client versions of Windows
#
# If you would like to submit a bug report, please visit:
#   https://bugreport.java.com/bugreport/crash.jsp
#

---------------  S U M M A R Y ------------

Command Line: --add-opens=java.base/java.util=ALL-UNNAMED --add-opens=java.base/java.lang=ALL-UNNAMED --add-opens=java.base/java.lang.invoke=ALL-UNNAMED --add-opens=java.prefs/java.util.prefs=ALL-UNNAMED --add-opens=java.base/java.nio.charset=ALL-UNNAMED --add-opens=java.base/java.net=ALL-UNNAMED --add-opens=java.base/java.util.concurrent.atomic=ALL-UNNAMED -Xmx2048m -Dfile.encoding=UTF-8 -Duser.country=US -Duser.language=en -Duser.variant org.gradle.launcher.daemon.bootstrap.GradleDaemon 8.0

Host: Intel(R) Core(TM) i7-8565U CPU @ 1.80GHz, 8 cores, 15G,  Windows 10 , 64 bit Build 22000 (10.0.22000.2003)
Time: Sun Jun 18 22:58:09 2023 中国标准时间 elapsed time: 618 seconds (0d 0h 10m 18s)

---------------  T H R E A D  ---------------

Current thread (0x000001eae2b13800):  WatcherThread [stack: 0x000000b80ea00000,0x000000b80eb00000] [id=11772]

Stack: [0x000000b80ea00000,0x000000b80eb00000],  sp=0x000000b80eaffb30,  free space=1022k
Native frames: (J=compiled Java code, j=interpreted, Vv=VM code, C=native code)
V  [jvm.dll+0x6186db]
V  [jvm.dll+0x681d3f]
V  [jvm.dll+0x6d238d]
V  [jvm.dll+0x706bff]
V  [jvm.dll+0x6ff8ba]
V  [jvm.dll+0x5f72c6]
C  [ucrtbase.dll+0x26c0c]
C  [KERNEL32.DLL+0x155a0]
C  [ntdll.dll+0x485b]


siginfo: EXCEPTION_ACCESS_VIOLATION (0xc0000005), writing address 0x000001eac10f3700


Register to memory mapping:

RIP=0x00007ffc8e1486db jvm.dll
RAX=0x00000001707fd4ec is an unknown value
RBX=0x000001eae2964280 points into unknown readable memory: 98 c7 3c 8e fc 7f 00 00
RCX=0x000001eac10f3700 is an unknown value
RDX=0x000000076343220d is an unknown value
RSP=0x000000b80eaffb30 points into unknown readable memory: 6a 2b 79 60 07 00 00 00
RBP=0x0000000000000002 is an unknown value
RSI=0x000001eac0fffdc0 points into unknown readable memory: f0 4b ae e2 ea 01 00 00
RDI=0x0 is NULL
R8 =0x000000007ffe1000 points into unknown readable memory: 48 61 6c 54 00 00 00 00
R9 =0x0000000000000083 is an unknown value
R10=0x00000000546c6148 is an unknown value
R11=0xfffffffffd36095d is an unknown value
R12=0x0 is NULL
R13=0x000001eae2b13800 points into unknown readable memory: c8 a9 3d 8e fc 7f 00 00
R14=0x000000000000003d is an unknown value
R15=0x000001eae2a9e650 points into unknown readable memory: 00 00 00 00 00 00 00 00


Registers:
RAX=0x00000001707fd4ec, RBX=0x000001eae2964280, RCX=0x000001eac10f3700, RDX=0x000000076343220d
RSP=0x000000b80eaffb30, RBP=0x0000000000000002, RSI=0x000001eac0fffdc0, RDI=0x0000000000000000
R8 =0x000000007ffe1000, R9 =0x0000000000000083, R10=0x00000000546c6148, R11=0xfffffffffd36095d
R12=0x0000000000000000, R13=0x000001eae2b13800, R14=0x000000000000003d, R15=0x000001eae2a9e650
RIP=0x00007ffc8e1486db, EFLAGS=0x0000000000010206

Top of Stack: (sp=0x000000b80eaffb30)
0x000000b80eaffb30:   0000000760792b6a 00007ffce5aad927
0x000000b80eaffb40:   00000000fffffffd 000001eac0ffba70
0x000000b80eaffb50:   0000000000000000 00007ffc8e1b1d3f
0x000000b80eaffb60:   00000000fffffffd 00007ffc8e127b89
0x000000b80eaffb70:   0000000000000000 00007ffc8de8932f
0x000000b80eaffb80:   00007ffc8e59d0f8 00007ffc8e20238d
0x000000b80eaffb90:   0000000000000001 000001eac0ffba70
0x000000b80eaffba0:   0000000000000032 00007ffce8204830
0x000000b80eaffbb0:   000001eae2a9e650 000002e1abb1616c
0x000000b80eaffbc0:   0000000000000032 00007ffc8e236bff
0x000000b80eaffbd0:   0000000000000001 000001eac0ffba70
0x000000b80eaffbe0:   000000000000003d 0000000000000002
0x000000b80eaffbf0:   0000000000000000 00007ffc8e0fc433
0x000000b80eaffc00:   0000000000000000 00007ffc8e126c6f
0x000000b80eaffc10:   0000000000000000 0000000000000000
0x000000b80eaffc20:   000001eae2b13800 00007ffc8e23501f 

Instructions: (pc=0x00007ffc8e1486db)
0x00007ffc8e1485db:   4c 24 20 4c 8b c7 48 8d 15 6c 57 22 00 48 8b c8
0x00007ffc8e1485eb:   48 8b d8 e8 4d ca ae ff 48 8b d3 48 8b ce e8 a2
0x00007ffc8e1485fb:   8a a8 ff 48 8b 4c 24 48 48 33 cc e8 75 b1 17 00
0x00007ffc8e14860b:   48 83 c4 50 5f 5e 5b c3 cc cc cc cc cc cc cc cc
0x00007ffc8e14861b:   cc cc cc cc cc 48 89 5c 24 18 57 48 83 ec 50 48
0x00007ffc8e14862b:   8b 05 e7 b1 3d 00 48 33 c4 48 89 44 24 48 48 8b
0x00007ffc8e14863b:   f9 4c 8d 05 95 71 1f 00 44 8b ca 48 8d 4c 24 20
0x00007ffc8e14864b:   ba 28 00 00 00 e8 6b 19 db ff 48 c7 c0 ff ff ff
0x00007ffc8e14865b:   ff 48 8b c8 90 48 ff c1 80 3c 0f 00 75 f7 48 8d
0x00007ffc8e14866b:   54 24 20 66 90 48 ff c0 80 3c 02 00 75 f7 48 83
0x00007ffc8e14867b:   c0 02 33 d2 48 03 c8 e8 19 8d 03 00 4c 8d 4c 24
0x00007ffc8e14868b:   20 4c 8b c7 48 8d 15 be 56 22 00 48 8b c8 48 8b
0x00007ffc8e14869b:   d8 e8 9f c9 ae ff 48 8b c3 48 8b 4c 24 48 48 33
0x00007ffc8e1486ab:   cc e8 cf b0 17 00 48 8b 5c 24 70 48 83 c4 50 5f
0x00007ffc8e1486bb:   c3 cc cc cc cc 40 53 48 83 ec 20 48 8b d9 48 8b
0x00007ffc8e1486cb:   49 38 48 85 c9 74 0c 48 8b 01 ff 10 48 8b 4b 28
0x00007ffc8e1486db:   48 89 01 48 83 c4 20 5b c3 cc cc cc cc cc cc cc
0x00007ffc8e1486eb:   cc cc cc cc cc 40 53 48 83 ec 20 48 8b 1d 93 d0
0x00007ffc8e1486fb:   43 00 48 85 db 74 08 48 8b cb e8 c6 3c fb ff 48
0x00007ffc8e14870b:   8b 0d 9f 12 44 00 48 89 7c 24 30 48 85 c9 75 04
0x00007ffc8e14871b:   33 ff eb 08 e8 3c f1 ff ff 48 8b f8 48 85 db 74
0x00007ffc8e14872b:   08 48 8b cb e8 2c 3e fb ff 48 8b c7 48 8b 7c 24
0x00007ffc8e14873b:   30 48 83 c4 20 5b c3 cc cc cc cc cc cc cc cc cc
0x00007ffc8e14874b:   cc cc cc cc cc 40 53 48 83 ec 20 4c 63 41 30 48
0x00007ffc8e14875b:   8d 05 3e f5 17 00 48 85 d2 48 8b d9 48 8b 49 28
0x00007ffc8e14876b:   48 0f 44 d0 ff 15 d3 e0 17 00 48 63 53 30 48 8b
0x00007ffc8e14877b:   43 28 c6 44 02 ff 00 48 83 c4 20 5b c3 cc cc cc
0x00007ffc8e14878b:   cc cc cc cc cc 48 89 4c 24 08 48 89 54 24 10 4c
0x00007ffc8e14879b:   89 44 24 18 4c 89 4c 24 20 48 83 ec 28 4c 8b c1
0x00007ffc8e1487ab:   4c 8d 4c 24 38 48 8d 0d b9 12 44 00 ba 02 00 00
0x00007ffc8e1487bb:   00 e8 4f 2e ee ff 48 83 c4 28 c3 cc cc cc cc cc
0x00007ffc8e1487cb:   cc cc cc cc cc 40 56 48 83 ec 20 80 3d 83 82 3a 


Stack slot to memory mapping:
stack at sp + 0 slots: 0x0000000760792b6a is an unknown value
stack at sp + 1 slots: 0x00007ffce5aad927 KERNELBASE.dll
stack at sp + 2 slots: 
[error occurred during error reporting (inspecting top of stack), id 0xc0000005, EXCEPTION_ACCESS_VIOLATION (0xc0000005) at pc=0x00007ffc8ddd1c94]


---------------  P R O C E S S  ---------------

Threads class SMR info:
_java_thread_list=0x000001eae7e5a0b0, length=121, elements={
0x000001eac1000800, 0x000001eae294d000, 0x000001eae2950800, 0x000001eae2970800,
0x000001eae2971800, 0x000001eae2972800, 0x000001eae2973800, 0x000001eae297c000,
0x000001eae2989800, 0x000001eae2abf800, 0x000001eae2ae8000, 0x000001eae4071000,
0x000001eae3f73000, 0x000001eae4094800, 0x000001eae3f8e000, 0x000001eae3f58800,
0x000001eae4f62800, 0x000001eae45c6800, 0x000001eae442a800, 0x000001eae442d000,
0x000001eae442b800, 0x000001eae442e000, 0x000001eae442e800, 0x000001eae4429000,
0x000001eae442f800, 0x000001eae442a000, 0x000001eae8b28000, 0x000001eae8b2c000,
0x000001eae8b2e800, 0x000001eae8b2d800, 0x000001eae8b29000, 0x000001eae8b2f800,
0x000001eae8b29800, 0x000001eae8b30000, 0x000001eae8b2a800, 0x000001eae8b31000,
0x000001eae8b2b800, 0x000001eae8b33800, 0x000001eae8b35000, 0x000001eae8b34800,
0x000001eae8b36800, 0x000001eae7cda000, 0x000001eae7cd8800, 0x000001eae7cd7000,
0x000001eae7cd4800, 0x000001eae7cd7800, 0x000001eae7cd9800, 0x000001eae7cdb000,
0x000001eae7cd5000, 0x000001eae7cd6000, 0x000001eae7f32800, 0x000001eae7f32000,
0x000001eae7f2f800, 0x000001eae7f33800, 0x000001eae7f34800, 0x000001eae7f35000,
0x000001eae7f36000, 0x000001eae7f30000, 0x000001eae7f37000, 0x000001eae7f31000,
0x000001eae7f3a000, 0x000001eae7f3c800, 0x000001eae7f37800, 0x000001eae7f3b000,
0x000001eae7f39000, 0x000001eae7f3b800, 0x000001eae7f3d800, 0x000001eae7f3e000,
0x000001eae7f38800, 0x000001eae8fbc800, 0x000001eae8fbd800, 0x000001eae8fba000,
0x000001eae8fbb000, 0x000001eae8fbe000, 0x000001eae8fb8800, 0x000001eae8fbc000,
0x000001eae8fbf000, 0x000001eae8fb9800, 0x000001eae8fc0000, 0x000001eae8fc3000,
0x000001eae8fc5000, 0x000001eae8fc4000, 0x000001eae8fc6800, 0x000001eae8fc0800,
0x000001eae8fc5800, 0x000001eae8fc7000, 0x000001eae8fc1800, 0x000001eae8fc2800,
0x000001eae4b6e800, 0x000001eae4b6c000, 0x000001eae4b6d000, 0x000001eae4b6e000,
0x000001eae4b69000, 0x000001eae4b6a000, 0x000001eae4b6f800, 0x000001eae4b70800,
0x000001eae4b6a800, 0x000001eae4b71000, 0x000001eae4b6b800, 0x000001eae4b76000,
0x000001eae4b75000, 0x000001eae4b77000, 0x000001eae4b74800, 0x000001eae4b73800,
0x000001eae4b77800, 0x000001eae4b72000, 0x000001eae4b73000, 0x000001eae442c800,
0x000001eae8b2d000, 0x000001eae69fc000, 0x000001eae6a00000, 0x000001eae69fd800,
0x000001eae69fa800, 0x000001eae6a01000, 0x000001eae69fb000, 0x000001eae69fc800,
0x000001eae69fe800, 0x000001eae69ff000, 0x000001eae53b2800, 0x000001eae53b2000,
0x000001eae53b3800
}

Java Threads: ( => current thread )
  0x000001eac1000800 JavaThread "main" [_thread_blocked, id=9344, stack(0x000000b80d900000,0x000000b80da00000)]
  0x000001eae294d000 JavaThread "Reference Handler" daemon [_thread_blocked, id=16660, stack(0x000000b80e000000,0x000000b80e100000)]
  0x000001eae2950800 JavaThread "Finalizer" daemon [_thread_blocked, id=12308, stack(0x000000b80e100000,0x000000b80e200000)]
  0x000001eae2970800 JavaThread "Signal Dispatcher" daemon [_thread_blocked, id=16888, stack(0x000000b80e200000,0x000000b80e300000)]
  0x000001eae2971800 JavaThread "Attach Listener" daemon [_thread_blocked, id=13056, stack(0x000000b80e300000,0x000000b80e400000)]
  0x000001eae2972800 JavaThread "Service Thread" daemon [_thread_blocked, id=15136, stack(0x000000b80e400000,0x000000b80e500000)]
  0x000001eae2973800 JavaThread "C2 CompilerThread0" daemon [_thread_blocked, id=17476, stack(0x000000b80e500000,0x000000b80e600000)]
  0x000001eae297c000 JavaThread "C1 CompilerThread0" daemon [_thread_blocked, id=8896, stack(0x000000b80e600000,0x000000b80e700000)]
  0x000001eae2989800 JavaThread "Sweeper thread" daemon [_thread_blocked, id=6516, stack(0x000000b80e700000,0x000000b80e800000)]
  0x000001eae2abf800 JavaThread "Common-Cleaner" daemon [_thread_blocked, id=5048, stack(0x000000b80e800000,0x000000b80e900000)]
  0x000001eae2ae8000 JavaThread "Notification Thread" daemon [_thread_blocked, id=16392, stack(0x000000b80e900000,0x000000b80ea00000)]
  0x000001eae4071000 JavaThread "Daemon health stats" [_thread_blocked, id=1848, stack(0x000000b80f100000,0x000000b80f200000)]
  0x000001eae3f73000 JavaThread "Incoming local TCP Connector on port 13930" [_thread_in_native, id=18340, stack(0x000000b80f200000,0x000000b80f300000)]
  0x000001eae4094800 JavaThread "Daemon periodic checks" [_thread_blocked, id=12396, stack(0x000000b80f300000,0x000000b80f400000)]
  0x000001eae3f8e000 JavaThread "Daemon" [_thread_blocked, id=16972, stack(0x000000b80f400000,0x000000b80f500000)]
  0x000001eae3f58800 JavaThread "Handler for socket connection from /127.0.0.1:13930 to /127.0.0.1:13931" [_thread_in_native, id=16028, stack(0x000000b80f500000,0x000000b80f600000)]
  0x000001eae4f62800 JavaThread "Cancel handler" [_thread_blocked, id=16992, stack(0x000000b80f600000,0x000000b80f700000)]
  0x000001eae45c6800 JavaThread "Daemon worker" [_thread_blocked, id=15576, stack(0x000000b80f700000,0x000000b80f800000)]
  0x000001eae442a800 JavaThread "Asynchronous log dispatcher for DefaultDaemonConnection: socket connection from /127.0.0.1:13930 to /127.0.0.1:13931" [_thread_blocked, id=13120, stack(0x000000b80f800000,0x000000b80f900000)]
  0x000001eae442d000 JavaThread "Daemon client event forwarder" [_thread_blocked, id=16776, stack(0x000000b80fa00000,0x000000b80fb00000)]
  0x000001eae442b800 JavaThread "Cache worker for journal cache (C:\Users\lllddd\.gradle\caches\journal-1)" [_thread_blocked, id=14772, stack(0x000000b80fb00000,0x000000b80fc00000)]
  0x000001eae442e000 JavaThread "File lock request listener" [_thread_in_native, id=14160, stack(0x000000b80fc00000,0x000000b80fd00000)]
  0x000001eae442e800 JavaThread "Cache worker for file hash cache (C:\Users\lllddd\.gradle\caches\8.0\fileHashes)" [_thread_blocked, id=16544, stack(0x000000b80fd00000,0x000000b80fe00000)]
  0x000001eae4429000 JavaThread "File watcher server" daemon [_thread_in_native, id=16668, stack(0x000000b810100000,0x000000b810200000)]
  0x000001eae442f800 JavaThread "File watcher consumer" daemon [_thread_blocked, id=14872, stack(0x000000b810200000,0x000000b810300000)]
  0x000001eae442a000 JavaThread "jar transforms" [_thread_blocked, id=17632, stack(0x000000b80eb00000,0x000000b80ec00000)]
  0x000001eae8b28000 JavaThread "jar transforms Thread 2" [_thread_blocked, id=17136, stack(0x000000b80fe00000,0x000000b80ff00000)]
  0x000001eae8b2c000 JavaThread "jar transforms Thread 3" [_thread_blocked, id=17452, stack(0x000000b810300000,0x000000b810400000)]
  0x000001eae8b2e800 JavaThread "jar transforms Thread 4" [_thread_blocked, id=6420, stack(0x000000b810400000,0x000000b810500000)]
  0x000001eae8b2d800 JavaThread "jar transforms Thread 5" [_thread_blocked, id=13708, stack(0x000000b810500000,0x000000b810600000)]
  0x000001eae8b29000 JavaThread "jar transforms Thread 6" [_thread_blocked, id=17168, stack(0x000000b810600000,0x000000b810700000)]
  0x000001eae8b2f800 JavaThread "Cache worker for checksums cache (D:\developer\Android\workspace\TodayFriedBreadStick\.gradle\8.0\checksums)" [_thread_blocked, id=14696, stack(0x000000b810900000,0x000000b810a00000)]
  0x000001eae8b29800 JavaThread "Cache worker for cache directory md-rule (C:\Users\lllddd\.gradle\caches\8.0\md-rule)" [_thread_blocked, id=7196, stack(0x000000b810a00000,0x000000b810b00000)]
  0x000001eae8b30000 JavaThread "Cache worker for file content cache (C:\Users\lllddd\.gradle\caches\8.0\fileContent)" [_thread_blocked, id=14996, stack(0x000000b810b00000,0x000000b810c00000)]
  0x000001eae8b2a800 JavaThread "Cache worker for file hash cache (D:\developer\Android\workspace\TodayFriedBreadStick\.gradle\8.0\fileHashes)" [_thread_blocked, id=1424, stack(0x000000b810d00000,0x000000b810e00000)]
  0x000001eae8b31000 JavaThread "Cache worker for cache directory md-supplier (C:\Users\lllddd\.gradle\caches\8.0\md-supplier)" [_thread_blocked, id=17084, stack(0x000000b810e00000,0x000000b810f00000)]
  0x000001eae8b2b800 JavaThread "Cache worker for execution history cache (C:\Users\lllddd\.gradle\caches\8.0\executionHistory)" [_thread_blocked, id=14688, stack(0x000000b811000000,0x000000b811100000)]
  0x000001eae8b33800 JavaThread "jar transforms Thread 7" [_thread_blocked, id=15600, stack(0x000000b811200000,0x000000b811300000)]
  0x000001eae8b35000 JavaThread "jar transforms Thread 8" [_thread_blocked, id=12636, stack(0x000000b811300000,0x000000b811400000)]
  0x000001eae8b34800 JavaThread "Cache worker for dependencies-accessors (D:\developer\Android\workspace\TodayFriedBreadStick\.gradle\8.0\dependencies-accessors)" [_thread_blocked, id=8816, stack(0x000000b811400000,0x000000b811500000)]
  0x000001eae8b36800 JavaThread "Cache worker for Build Output Cleanup Cache (D:\developer\Android\workspace\TodayFriedBreadStick\.gradle\buildOutputCleanup)" [_thread_blocked, id=17780, stack(0x000000b810700000,0x000000b810800000)]
  0x000001eae7cda000 JavaThread "Unconstrained build operations" [_thread_blocked, id=18092, stack(0x000000b811700000,0x000000b811800000)]
  0x000001eae7cd8800 JavaThread "Unconstrained build operations Thread 2" [_thread_in_native, id=6916, stack(0x000000b811800000,0x000000b811900000)]
  0x000001eae7cd7000 JavaThread "Unconstrained build operations Thread 3" [_thread_blocked, id=12000, stack(0x000000b811900000,0x000000b811a00000)]
  0x000001eae7cd4800 JavaThread "Unconstrained build operations Thread 4" [_thread_blocked, id=17852, stack(0x000000b811a00000,0x000000b811b00000)]
  0x000001eae7cd7800 JavaThread "Unconstrained build operations Thread 5" [_thread_in_native, id=7076, stack(0x000000b811b00000,0x000000b811c00000)]
  0x000001eae7cd9800 JavaThread "Unconstrained build operations Thread 6" [_thread_blocked, id=11400, stack(0x000000b811c00000,0x000000b811d00000)]
  0x000001eae7cdb000 JavaThread "Unconstrained build operations Thread 7" [_thread_blocked, id=8632, stack(0x000000b811d00000,0x000000b811e00000)]
  0x000001eae7cd5000 JavaThread "Unconstrained build operations Thread 8" [_thread_blocked, id=7060, stack(0x000000b811e00000,0x000000b811f00000)]
  0x000001eae7cd6000 JavaThread "Unconstrained build operations Thread 9" [_thread_blocked, id=11428, stack(0x000000b811f00000,0x000000b812000000)]
  0x000001eae7f32800 JavaThread "Unconstrained build operations Thread 10" [_thread_blocked, id=1452, stack(0x000000b812000000,0x000000b812100000)]
  0x000001eae7f32000 JavaThread "Unconstrained build operations Thread 11" [_thread_blocked, id=9868, stack(0x000000b812100000,0x000000b812200000)]
  0x000001eae7f2f800 JavaThread "Unconstrained build operations Thread 12" [_thread_blocked, id=14752, stack(0x000000b812200000,0x000000b812300000)]
  0x000001eae7f33800 JavaThread "Unconstrained build operations Thread 13" [_thread_in_native, id=12380, stack(0x000000b812300000,0x000000b812400000)]
  0x000001eae7f34800 JavaThread "Unconstrained build operations Thread 14" [_thread_blocked, id=17172, stack(0x000000b812400000,0x000000b812500000)]
  0x000001eae7f35000 JavaThread "Unconstrained build operations Thread 15" [_thread_blocked, id=14968, stack(0x000000b812500000,0x000000b812600000)]
  0x000001eae7f36000 JavaThread "Unconstrained build operations Thread 16" [_thread_blocked, id=15144, stack(0x000000b812600000,0x000000b812700000)]
  0x000001eae7f30000 JavaThread "Unconstrained build operations Thread 17" [_thread_blocked, id=11284, stack(0x000000b812700000,0x000000b812800000)]
  0x000001eae7f37000 JavaThread "Unconstrained build operations Thread 18" [_thread_blocked, id=9112, stack(0x000000b812800000,0x000000b812900000)]
  0x000001eae7f31000 JavaThread "Unconstrained build operations Thread 19" [_thread_blocked, id=11172, stack(0x000000b812900000,0x000000b812a00000)]
  0x000001eae7f3a000 JavaThread "Unconstrained build operations Thread 20" [_thread_blocked, id=1876, stack(0x000000b812a00000,0x000000b812b00000)]
  0x000001eae7f3c800 JavaThread "Unconstrained build operations Thread 21" [_thread_blocked, id=17436, stack(0x000000b812b00000,0x000000b812c00000)]
  0x000001eae7f37800 JavaThread "Unconstrained build operations Thread 22" [_thread_blocked, id=7208, stack(0x000000b812c00000,0x000000b812d00000)]
  0x000001eae7f3b000 JavaThread "Unconstrained build operations Thread 23" [_thread_blocked, id=15260, stack(0x000000b812d00000,0x000000b812e00000)]
  0x000001eae7f39000 JavaThread "Unconstrained build operations Thread 24" [_thread_blocked, id=10560, stack(0x000000b812e00000,0x000000b812f00000)]
  0x000001eae7f3b800 JavaThread "Unconstrained build operations Thread 25" [_thread_blocked, id=2452, stack(0x000000b812f00000,0x000000b813000000)]
  0x000001eae7f3d800 JavaThread "Unconstrained build operations Thread 26" [_thread_blocked, id=17512, stack(0x000000b813000000,0x000000b813100000)]
  0x000001eae7f3e000 JavaThread "Unconstrained build operations Thread 27" [_thread_blocked, id=18320, stack(0x000000b813100000,0x000000b813200000)]
  0x000001eae7f38800 JavaThread "Unconstrained build operations Thread 28" [_thread_blocked, id=4552, stack(0x000000b813200000,0x000000b813300000)]
  0x000001eae8fbc800 JavaThread "Unconstrained build operations Thread 29" [_thread_blocked, id=3736, stack(0x000000b813300000,0x000000b813400000)]
  0x000001eae8fbd800 JavaThread "Unconstrained build operations Thread 30" [_thread_blocked, id=4260, stack(0x000000b813400000,0x000000b813500000)]
  0x000001eae8fba000 JavaThread "Unconstrained build operations Thread 31" [_thread_in_native, id=12324, stack(0x000000b813500000,0x000000b813600000)]
  0x000001eae8fbb000 JavaThread "Unconstrained build operations Thread 32" [_thread_blocked, id=11272, stack(0x000000b813600000,0x000000b813700000)]
  0x000001eae8fbe000 JavaThread "Unconstrained build operations Thread 33" [_thread_blocked, id=1340, stack(0x000000b813700000,0x000000b813800000)]
  0x000001eae8fb8800 JavaThread "Unconstrained build operations Thread 34" [_thread_blocked, id=17720, stack(0x000000b813800000,0x000000b813900000)]
  0x000001eae8fbc000 JavaThread "Unconstrained build operations Thread 35" [_thread_blocked, id=16980, stack(0x000000b813900000,0x000000b813a00000)]
  0x000001eae8fbf000 JavaThread "Unconstrained build operations Thread 36" [_thread_blocked, id=3064, stack(0x000000b813a00000,0x000000b813b00000)]
  0x000001eae8fb9800 JavaThread "Unconstrained build operations Thread 37" [_thread_blocked, id=9024, stack(0x000000b813b00000,0x000000b813c00000)]
  0x000001eae8fc0000 JavaThread "Unconstrained build operations Thread 38" [_thread_blocked, id=18144, stack(0x000000b813c00000,0x000000b813d00000)]
  0x000001eae8fc3000 JavaThread "Unconstrained build operations Thread 39" [_thread_blocked, id=17724, stack(0x000000b813d00000,0x000000b813e00000)]
  0x000001eae8fc5000 JavaThread "Unconstrained build operations Thread 40" [_thread_in_native, id=18084, stack(0x000000b813e00000,0x000000b813f00000)]
  0x000001eae8fc4000 JavaThread "Unconstrained build operations Thread 41" [_thread_blocked, id=14524, stack(0x000000b814000000,0x000000b814100000)]
  0x000001eae8fc6800 JavaThread "Unconstrained build operations Thread 42" [_thread_in_native, id=16760, stack(0x000000b814100000,0x000000b814200000)]
  0x000001eae8fc0800 JavaThread "Unconstrained build operations Thread 43" [_thread_blocked, id=1764, stack(0x000000b814200000,0x000000b814300000)]
  0x000001eae8fc5800 JavaThread "Unconstrained build operations Thread 44" [_thread_blocked, id=4468, stack(0x000000b814300000,0x000000b814400000)]
  0x000001eae8fc7000 JavaThread "Unconstrained build operations Thread 45" [_thread_blocked, id=2364, stack(0x000000b814400000,0x000000b814500000)]
  0x000001eae8fc1800 JavaThread "Unconstrained build operations Thread 46" [_thread_blocked, id=12656, stack(0x000000b814500000,0x000000b814600000)]
  0x000001eae8fc2800 JavaThread "Unconstrained build operations Thread 47" [_thread_blocked, id=17212, stack(0x000000b814600000,0x000000b814700000)]
  0x000001eae4b6e800 JavaThread "Unconstrained build operations Thread 48" [_thread_blocked, id=14632, stack(0x000000b814700000,0x000000b814800000)]
  0x000001eae4b6c000 JavaThread "Unconstrained build operations Thread 49" [_thread_blocked, id=14060, stack(0x000000b814800000,0x000000b814900000)]
  0x000001eae4b6d000 JavaThread "Unconstrained build operations Thread 50" [_thread_blocked, id=14600, stack(0x000000b814900000,0x000000b814a00000)]
  0x000001eae4b6e000 JavaThread "Unconstrained build operations Thread 51" [_thread_blocked, id=12320, stack(0x000000b814a00000,0x000000b814b00000)]
  0x000001eae4b69000 JavaThread "Unconstrained build operations Thread 52" [_thread_blocked, id=16656, stack(0x000000b814b00000,0x000000b814c00000)]
  0x000001eae4b6a000 JavaThread "Unconstrained build operations Thread 53" [_thread_blocked, id=2116, stack(0x000000b80d800000,0x000000b80d900000)]
  0x000001eae4b6f800 JavaThread "Unconstrained build operations Thread 54" [_thread_blocked, id=3584, stack(0x000000b80f900000,0x000000b80fa00000)]
  0x000001eae4b70800 JavaThread "Unconstrained build operations Thread 55" [_thread_blocked, id=6864, stack(0x000000b810c00000,0x000000b810d00000)]
  0x000001eae4b6a800 JavaThread "Unconstrained build operations Thread 56" [_thread_in_native, id=9364, stack(0x000000b813f00000,0x000000b814000000)]
  0x000001eae4b71000 JavaThread "Unconstrained build operations Thread 57" [_thread_in_native, id=16548, stack(0x000000b814c00000,0x000000b814d00000)]
  0x000001eae4b6b800 JavaThread "Unconstrained build operations Thread 58" [_thread_blocked, id=14816, stack(0x000000b814d00000,0x000000b814e00000)]
  0x000001eae4b76000 JavaThread "Unconstrained build operations Thread 59" [_thread_blocked, id=12548, stack(0x000000b814e00000,0x000000b814f00000)]
  0x000001eae4b75000 JavaThread "Unconstrained build operations Thread 60" [_thread_blocked, id=17132, stack(0x000000b814f00000,0x000000b815000000)]
  0x000001eae4b77000 JavaThread "Unconstrained build operations Thread 61" [_thread_blocked, id=16408, stack(0x000000b815000000,0x000000b815100000)]
  0x000001eae4b74800 JavaThread "Unconstrained build operations Thread 62" [_thread_blocked, id=9200, stack(0x000000b815100000,0x000000b815200000)]
  0x000001eae4b73800 JavaThread "Unconstrained build operations Thread 63" [_thread_blocked, id=10620, stack(0x000000b815200000,0x000000b815300000)]
  0x000001eae4b77800 JavaThread "Unconstrained build operations Thread 64" [_thread_blocked, id=13964, stack(0x000000b815300000,0x000000b815400000)]
  0x000001eae4b72000 JavaThread "Unconstrained build operations Thread 65" [_thread_blocked, id=10992, stack(0x000000b815400000,0x000000b815500000)]
  0x000001eae4b73000 JavaThread "Unconstrained build operations Thread 66" [_thread_blocked, id=3600, stack(0x000000b815500000,0x000000b815600000)]
  0x000001eae442c800 JavaThread "Unconstrained build operations Thread 67" [_thread_blocked, id=16632, stack(0x000000b815600000,0x000000b815700000)]
  0x000001eae8b2d000 JavaThread "Unconstrained build operations Thread 68" [_thread_blocked, id=3108, stack(0x000000b80d600000,0x000000b80d700000)]
  0x000001eae69fc000 JavaThread "Unconstrained build operations Thread 69" [_thread_blocked, id=7568, stack(0x000000b80d700000,0x000000b80d800000)]
  0x000001eae6a00000 JavaThread "Unconstrained build operations Thread 70" [_thread_blocked, id=4392, stack(0x000000b811100000,0x000000b811200000)]
  0x000001eae69fd800 JavaThread "Unconstrained build operations Thread 71" [_thread_blocked, id=13240, stack(0x000000b811600000,0x000000b811700000)]
  0x000001eae69fa800 JavaThread "Unconstrained build operations Thread 72" [_thread_blocked, id=8824, stack(0x000000b815700000,0x000000b815800000)]
  0x000001eae6a01000 JavaThread "Unconstrained build operations Thread 73" [_thread_blocked, id=16792, stack(0x000000b815800000,0x000000b815900000)]
  0x000001eae69fb000 JavaThread "Unconstrained build operations Thread 74" [_thread_blocked, id=14408, stack(0x000000b815900000,0x000000b815a00000)]
  0x000001eae69fc800 JavaThread "Unconstrained build operations Thread 75" [_thread_blocked, id=3668, stack(0x000000b815a00000,0x000000b815b00000)]
  0x000001eae69fe800 JavaThread "Unconstrained build operations Thread 76" [_thread_blocked, id=15732, stack(0x000000b815b00000,0x000000b815c00000)]
  0x000001eae69ff000 JavaThread "Unconstrained build operations Thread 77" [_thread_blocked, id=17140, stack(0x000000b815c00000,0x000000b815d00000)]
  0x000001eae53b2800 JavaThread "Unconstrained build operations Thread 78" [_thread_blocked, id=16464, stack(0x000000b815d00000,0x000000b815e00000)]
  0x000001eae53b2000 JavaThread "Unconstrained build operations Thread 79" [_thread_blocked, id=18040, stack(0x000000b815e00000,0x000000b815f00000)]
  0x000001eae53b3800 JavaThread "Unconstrained build operations Thread 80" [_thread_blocked, id=10752, stack(0x000000b815f00000,0x000000b816000000)]

Other Threads:
  0x000001eae213e800 VMThread "VM Thread" [stack: 0x000000b80df00000,0x000000b80e000000] [id=17376]
=>0x000001eae2b13800 WatcherThread [stack: 0x000000b80ea00000,0x000000b80eb00000] [id=11772]
  0x000001eac1041800 GCTaskThread "GC Thread#0" [stack: 0x000000b80da00000,0x000000b80db00000] [id=14204]
  0x000001eae3091000 GCTaskThread "GC Thread#1" [stack: 0x000000b80ec00000,0x000000b80ed00000] [id=12724]
  0x000001eae31d0800 GCTaskThread "GC Thread#2" [stack: 0x000000b80ed00000,0x000000b80ee00000] [id=1988]
  0x000001eae2cee000 GCTaskThread "GC Thread#3" [stack: 0x000000b80ee00000,0x000000b80ef00000] [id=2080]
  0x000001eae2dd4800 GCTaskThread "GC Thread#4" [stack: 0x000000b80ef00000,0x000000b80f000000] [id=6792]
  0x000001eae3140000 GCTaskThread "GC Thread#5" [stack: 0x000000b80f000000,0x000000b80f100000] [id=14716]
  0x000001eae4376800 GCTaskThread "GC Thread#6" [stack: 0x000000b80ff00000,0x000000b810000000] [id=6404]
  0x000001eae4375800 GCTaskThread "GC Thread#7" [stack: 0x000000b810000000,0x000000b810100000] [id=3320]
  0x000001eac1054800 ConcurrentGCThread "G1 Main Marker" [stack: 0x000000b80db00000,0x000000b80dc00000] [id=12124]
  0x000001eac1056000 ConcurrentGCThread "G1 Conc#0" [stack: 0x000000b80dc00000,0x000000b80dd00000] [id=18272]
  0x000001eae4378000 ConcurrentGCThread "G1 Conc#1" [stack: 0x000000b810800000,0x000000b810900000] [id=6432]
  0x000001eae1fc0800 ConcurrentGCThread "G1 Refine#0" [stack: 0x000000b80dd00000,0x000000b80de00000] [id=18248]
  0x000001eae928b800 ConcurrentGCThread "G1 Refine#1" [stack: 0x000000b810f00000,0x000000b811000000] [id=17416]
  0x000001eae1fc2800 ConcurrentGCThread "G1 Young RemSet Sampling" [stack: 0x000000b80de00000,0x000000b80df00000] [id=17248]

Threads with active compile tasks:

VM state:not at safepoint (normal execution)

VM Mutex/Monitor currently owned by a thread:  ([mutex/lock_event])
[0x000001eac0ffba70] PeriodicTask_lock - owner thread: 0x000001eae2b13800

Heap address: 0x0000000080000000, size: 2048 MB, Compressed Oops mode: 32-bit
Narrow klass base: 0x0000000800000000, Narrow klass shift: 3
Compressed class space size: 1073741824 Address: 0x0000000800b30000

Heap:
 garbage-first heap   total 109568K, used 72678K [0x0000000080000000, 0x0000000100000000)
  region size 1024K, 22 young (22528K), 3 survivors (3072K)
 Metaspace       used 59499K, capacity 61122K, committed 61360K, reserved 1101824K
  class space    used 7715K, capacity 8328K, committed 8448K, reserved 1048576K
Heap Regions: E=young(eden), S=young(survivor), O=old, HS=humongous(starts), HC=humongous(continues), CS=collection set, F=free, OA=open archive, CA=closed archive, TAMS=top-at-mark-start (previous, next)
|   0|0x0000000080000000, 0x0000000080100000, 0x0000000080100000|100%|HS|  |TAMS 0x0000000080100000, 0x0000000080000000| Complete 
|   1|0x0000000080100000, 0x0000000080200000, 0x0000000080200000|100%|HC|  |TAMS 0x0000000080200000, 0x0000000080100000| Complete 
|   2|0x0000000080200000, 0x0000000080300000, 0x0000000080300000|100%|HC|  |TAMS 0x0000000080300000, 0x0000000080200000| Complete 
|   3|0x0000000080300000, 0x0000000080400000, 0x0000000080400000|100%|HC|  |TAMS 0x0000000080400000, 0x0000000080300000| Complete 
|   4|0x0000000080400000, 0x0000000080500000, 0x0000000080500000|100%| O|  |TAMS 0x0000000080500000, 0x0000000080400000| Untracked 
|   5|0x0000000080500000, 0x0000000080600000, 0x0000000080600000|100%| O|  |TAMS 0x0000000080600000, 0x0000000080500000| Untracked 
|   6|0x0000000080600000, 0x0000000080700000, 0x0000000080700000|100%| O|  |TAMS 0x0000000080700000, 0x0000000080600000| Untracked 
|   7|0x0000000080700000, 0x0000000080800000, 0x0000000080800000|100%| O|  |TAMS 0x0000000080800000, 0x0000000080700000| Untracked 
|   8|0x0000000080800000, 0x0000000080900000, 0x0000000080900000|100%| O|  |TAMS 0x0000000080900000, 0x0000000080800000| Untracked 
|   9|0x0000000080900000, 0x0000000080a00000, 0x0000000080a00000|100%| O|  |TAMS 0x0000000080a00000, 0x0000000080900000| Untracked 
|  10|0x0000000080a00000, 0x0000000080a84200, 0x0000000080b00000| 51%| O|  |TAMS 0x0000000080a84200, 0x0000000080a00000| Untracked 
|  11|0x0000000080b00000, 0x0000000080c00000, 0x0000000080c00000|100%|HS|  |TAMS 0x0000000080c00000, 0x0000000080b00000| Complete 
|  12|0x0000000080c00000, 0x0000000080d00000, 0x0000000080d00000|100%|HC|  |TAMS 0x0000000080d00000, 0x0000000080c00000| Complete 
|  13|0x0000000080d00000, 0x0000000080e00000, 0x0000000080e00000|100%|HS|  |TAMS 0x0000000080e00000, 0x0000000080d00000| Complete 
|  14|0x0000000080e00000, 0x0000000080f00000, 0x0000000080f00000|100%|HC|  |TAMS 0x0000000080f00000, 0x0000000080e00000| Complete 
|  15|0x0000000080f00000, 0x0000000081000000, 0x0000000081000000|100%|HC|  |TAMS 0x0000000081000000, 0x0000000080f00000| Complete 
|  16|0x0000000081000000, 0x0000000081100000, 0x0000000081100000|100%| O|  |TAMS 0x0000000081100000, 0x0000000081000000| Untracked 
|  17|0x0000000081100000, 0x0000000081200000, 0x0000000081200000|100%| O|  |TAMS 0x0000000081200000, 0x0000000081100000| Untracked 
|  18|0x0000000081200000, 0x0000000081300000, 0x0000000081300000|100%| O|  |TAMS 0x0000000081300000, 0x0000000081200000| Untracked 
|  19|0x0000000081300000, 0x0000000081400000, 0x0000000081400000|100%| O|  |TAMS 0x0000000081400000, 0x0000000081300000| Untracked 
|  20|0x0000000081400000, 0x0000000081500000, 0x0000000081500000|100%| O|  |TAMS 0x0000000081500000, 0x0000000081400000| Untracked 
|  21|0x0000000081500000, 0x0000000081600000, 0x0000000081600000|100%| O|  |TAMS 0x0000000081600000, 0x0000000081500000| Untracked 
|  22|0x0000000081600000, 0x0000000081700000, 0x0000000081700000|100%| O|  |TAMS 0x0000000081700000, 0x0000000081600000| Untracked 
|  23|0x0000000081700000, 0x0000000081800000, 0x0000000081800000|100%| O|  |TAMS 0x0000000081800000, 0x0000000081700000| Untracked 
|  24|0x0000000081800000, 0x0000000081900000, 0x0000000081900000|100%| O|  |TAMS 0x0000000081900000, 0x0000000081800000| Untracked 
|  25|0x0000000081900000, 0x0000000081a00000, 0x0000000081a00000|100%| O|  |TAMS 0x0000000081a00000, 0x0000000081900000| Untracked 
|  26|0x0000000081a00000, 0x0000000081b00000, 0x0000000081b00000|100%| O|  |TAMS 0x0000000081b00000, 0x0000000081a00000| Untracked 
|  27|0x0000000081b00000, 0x0000000081c00000, 0x0000000081c00000|100%| O|  |TAMS 0x0000000081c00000, 0x0000000081b00000| Untracked 
|  28|0x0000000081c00000, 0x0000000081d00000, 0x0000000081d00000|100%| O|  |TAMS 0x0000000081d00000, 0x0000000081c00000| Untracked 
|  29|0x0000000081d00000, 0x0000000081e00000, 0x0000000081e00000|100%| O|  |TAMS 0x0000000081e00000, 0x0000000081d00000| Untracked 
|  30|0x0000000081e00000, 0x0000000081f00000, 0x0000000081f00000|100%| O|  |TAMS 0x0000000081f00000, 0x0000000081e00000| Untracked 
|  31|0x0000000081f00000, 0x0000000082000000, 0x0000000082000000|100%| O|  |TAMS 0x0000000082000000, 0x0000000081f00000| Untracked 
|  32|0x0000000082000000, 0x0000000082100000, 0x0000000082100000|100%| O|  |TAMS 0x0000000082100000, 0x0000000082000000| Untracked 
|  33|0x0000000082100000, 0x0000000082200000, 0x0000000082200000|100%| O|  |TAMS 0x0000000082200000, 0x0000000082100000| Untracked 
|  34|0x0000000082200000, 0x0000000082300000, 0x0000000082300000|100%|HS|  |TAMS 0x0000000082300000, 0x0000000082200000| Complete 
|  35|0x0000000082300000, 0x0000000082400000, 0x0000000082400000|100%|HC|  |TAMS 0x0000000082400000, 0x0000000082300000| Complete 
|  36|0x0000000082400000, 0x0000000082500000, 0x0000000082500000|100%| O|  |TAMS 0x0000000082500000, 0x0000000082400000| Untracked 
|  37|0x0000000082500000, 0x0000000082600000, 0x0000000082600000|100%| O|  |TAMS 0x0000000082600000, 0x0000000082500000| Untracked 
|  38|0x0000000082600000, 0x0000000082700000, 0x0000000082700000|100%| O|  |TAMS 0x0000000082700000, 0x0000000082600000| Untracked 
|  39|0x0000000082700000, 0x0000000082800000, 0x0000000082800000|100%| O|  |TAMS 0x0000000082800000, 0x0000000082700000| Untracked 
|  40|0x0000000082800000, 0x0000000082900000, 0x0000000082900000|100%| O|  |TAMS 0x0000000082900000, 0x0000000082800000| Untracked 
|  41|0x0000000082900000, 0x0000000082a00000, 0x0000000082a00000|100%| O|  |TAMS 0x0000000082a00000, 0x0000000082900000| Untracked 
|  42|0x0000000082a00000, 0x0000000082b00000, 0x0000000082b00000|100%| O|  |TAMS 0x0000000082b00000, 0x0000000082a00000| Untracked 
|  43|0x0000000082b00000, 0x0000000082c00000, 0x0000000082c00000|100%| O|  |TAMS 0x0000000082c00000, 0x0000000082b00000| Untracked 
|  44|0x0000000082c00000, 0x0000000082d00000, 0x0000000082d00000|100%| O|  |TAMS 0x0000000082d00000, 0x0000000082c00000| Untracked 
|  45|0x0000000082d00000, 0x0000000082e00000, 0x0000000082e00000|100%| O|  |TAMS 0x0000000082e00000, 0x0000000082d00000| Untracked 
|  46|0x0000000082e00000, 0x0000000082f00000, 0x0000000082f00000|100%| O|  |TAMS 0x0000000082f00000, 0x0000000082e00000| Untracked 
|  47|0x0000000082f00000, 0x0000000083000000, 0x0000000083000000|100%| O|  |TAMS 0x0000000083000000, 0x0000000082f00000| Untracked 
|  48|0x0000000083000000, 0x0000000083100000, 0x0000000083100000|100%| O|  |TAMS 0x0000000083100000, 0x0000000083000000| Untracked 
|  49|0x0000000083100000, 0x0000000083200000, 0x0000000083200000|100%| O|  |TAMS 0x0000000083200000, 0x0000000083100000| Untracked 
|  50|0x0000000083200000, 0x0000000083300000, 0x0000000083300000|100%| O|  |TAMS 0x0000000083300000, 0x0000000083200000| Untracked 
|  51|0x0000000083300000, 0x0000000083400000, 0x0000000083400000|100%| O|  |TAMS 0x0000000083400000, 0x0000000083300000| Untracked 
|  52|0x0000000083400000, 0x0000000083436800, 0x0000000083500000| 21%| O|  |TAMS 0x0000000083436800, 0x0000000083400000| Untracked 
|  53|0x0000000083500000, 0x0000000083500000, 0x0000000083600000|  0%| F|  |TAMS 0x0000000083500000, 0x0000000083500000| Untracked 
|  54|0x0000000083600000, 0x0000000083600000, 0x0000000083700000|  0%| F|  |TAMS 0x0000000083600000, 0x0000000083600000| Untracked 
|  55|0x0000000083700000, 0x0000000083700000, 0x0000000083800000|  0%| F|  |TAMS 0x0000000083700000, 0x0000000083700000| Untracked 
|  56|0x0000000083800000, 0x0000000083800000, 0x0000000083900000|  0%| F|  |TAMS 0x0000000083800000, 0x0000000083800000| Untracked 
|  57|0x0000000083900000, 0x0000000083900000, 0x0000000083a00000|  0%| F|  |TAMS 0x0000000083900000, 0x0000000083900000| Untracked 
|  58|0x0000000083a00000, 0x0000000083a00000, 0x0000000083b00000|  0%| F|  |TAMS 0x0000000083a00000, 0x0000000083a00000| Untracked 
|  59|0x0000000083b00000, 0x0000000083b00000, 0x0000000083c00000|  0%| F|  |TAMS 0x0000000083b00000, 0x0000000083b00000| Untracked 
|  60|0x0000000083c00000, 0x0000000083c00000, 0x0000000083d00000|  0%| F|  |TAMS 0x0000000083c00000, 0x0000000083c00000| Untracked 
|  61|0x0000000083d00000, 0x0000000083d00000, 0x0000000083e00000|  0%| F|  |TAMS 0x0000000083d00000, 0x0000000083d00000| Untracked 
|  62|0x0000000083e00000, 0x0000000083e00000, 0x0000000083f00000|  0%| F|  |TAMS 0x0000000083e00000, 0x0000000083e00000| Untracked 
|  63|0x0000000083f00000, 0x0000000083f00000, 0x0000000084000000|  0%| F|  |TAMS 0x0000000083f00000, 0x0000000083f00000| Untracked 
|  64|0x0000000084000000, 0x000000008403f0e0, 0x0000000084100000| 24%| S|CS|TAMS 0x0000000084000000, 0x0000000084000000| Complete 
|  65|0x0000000084100000, 0x0000000084100000, 0x0000000084200000|  0%| F|  |TAMS 0x0000000084100000, 0x0000000084100000| Untracked 
|  66|0x0000000084200000, 0x0000000084200000, 0x0000000084300000|  0%| F|  |TAMS 0x0000000084200000, 0x0000000084200000| Untracked 
|  67|0x0000000084300000, 0x0000000084300000, 0x0000000084400000|  0%| F|  |TAMS 0x0000000084300000, 0x0000000084300000| Untracked 
|  68|0x0000000084400000, 0x0000000084500000, 0x0000000084500000|100%| S|CS|TAMS 0x0000000084400000, 0x0000000084400000| Complete 
|  69|0x0000000084500000, 0x0000000084600000, 0x0000000084600000|100%| S|CS|TAMS 0x0000000084500000, 0x0000000084500000| Complete 
|  70|0x0000000084600000, 0x0000000084600000, 0x0000000084700000|  0%| F|  |TAMS 0x0000000084600000, 0x0000000084600000| Untracked 
|  71|0x0000000084700000, 0x0000000084700000, 0x0000000084800000|  0%| F|  |TAMS 0x0000000084700000, 0x0000000084700000| Untracked 
|  72|0x0000000084800000, 0x0000000084800000, 0x0000000084900000|  0%| F|  |TAMS 0x0000000084800000, 0x0000000084800000| Untracked 
|  73|0x0000000084900000, 0x0000000084900000, 0x0000000084a00000|  0%| F|  |TAMS 0x0000000084900000, 0x0000000084900000| Untracked 
|  74|0x0000000084a00000, 0x0000000084a00000, 0x0000000084b00000|  0%| F|  |TAMS 0x0000000084a00000, 0x0000000084a00000| Untracked 
|  75|0x0000000084b00000, 0x0000000084b00000, 0x0000000084c00000|  0%| F|  |TAMS 0x0000000084b00000, 0x0000000084b00000| Untracked 
|  76|0x0000000084c00000, 0x0000000084c00000, 0x0000000084d00000|  0%| F|  |TAMS 0x0000000084c00000, 0x0000000084c00000| Untracked 
|  77|0x0000000084d00000, 0x0000000084d00000, 0x0000000084e00000|  0%| F|  |TAMS 0x0000000084d00000, 0x0000000084d00000| Untracked 
|  78|0x0000000084e00000, 0x0000000084e00000, 0x0000000084f00000|  0%| F|  |TAMS 0x0000000084e00000, 0x0000000084e00000| Untracked 
|  79|0x0000000084f00000, 0x0000000084f00000, 0x0000000085000000|  0%| F|  |TAMS 0x0000000084f00000, 0x0000000084f00000| Untracked 
|  80|0x0000000085000000, 0x0000000085000000, 0x0000000085100000|  0%| F|  |TAMS 0x0000000085000000, 0x0000000085000000| Untracked 
|  81|0x0000000085100000, 0x0000000085100000, 0x0000000085200000|  0%| F|  |TAMS 0x0000000085100000, 0x0000000085100000| Untracked 
|  82|0x0000000085200000, 0x0000000085200000, 0x0000000085300000|  0%| F|  |TAMS 0x0000000085200000, 0x0000000085200000| Untracked 
|  83|0x0000000085300000, 0x0000000085300000, 0x0000000085400000|  0%| F|  |TAMS 0x0000000085300000, 0x0000000085300000| Untracked 
|  84|0x0000000085400000, 0x0000000085400000, 0x0000000085500000|  0%| F|  |TAMS 0x0000000085400000, 0x0000000085400000| Untracked 
|  85|0x0000000085500000, 0x0000000085500000, 0x0000000085600000|  0%| F|  |TAMS 0x0000000085500000, 0x0000000085500000| Untracked 
|  86|0x0000000085600000, 0x0000000085600000, 0x0000000085700000|  0%| F|  |TAMS 0x0000000085600000, 0x0000000085600000| Untracked 
|  87|0x0000000085700000, 0x0000000085700000, 0x0000000085800000|  0%| F|  |TAMS 0x0000000085700000, 0x0000000085700000| Untracked 
|  88|0x0000000085800000, 0x00000000858b2918, 0x0000000085900000| 69%| E|  |TAMS 0x0000000085800000, 0x0000000085800000| Complete 
|  89|0x0000000085900000, 0x0000000085a00000, 0x0000000085a00000|100%| E|  |TAMS 0x0000000085900000, 0x0000000085900000| Complete 
|  90|0x0000000085a00000, 0x0000000085b00000, 0x0000000085b00000|100%| E|CS|TAMS 0x0000000085a00000, 0x0000000085a00000| Complete 
|  91|0x0000000085b00000, 0x0000000085c00000, 0x0000000085c00000|100%| E|CS|TAMS 0x0000000085b00000, 0x0000000085b00000| Complete 
|  92|0x0000000085c00000, 0x0000000085d00000, 0x0000000085d00000|100%| E|CS|TAMS 0x0000000085c00000, 0x0000000085c00000| Complete 
|  93|0x0000000085d00000, 0x0000000085e00000, 0x0000000085e00000|100%| E|CS|TAMS 0x0000000085d00000, 0x0000000085d00000| Complete 
| 208|0x000000008d000000, 0x000000008d100000, 0x000000008d100000|100%| E|CS|TAMS 0x000000008d000000, 0x000000008d000000| Complete 
| 209|0x000000008d100000, 0x000000008d200000, 0x000000008d200000|100%| E|CS|TAMS 0x000000008d100000, 0x000000008d100000| Complete 
| 210|0x000000008d200000, 0x000000008d300000, 0x000000008d300000|100%| E|CS|TAMS 0x000000008d200000, 0x000000008d200000| Complete 
| 211|0x000000008d300000, 0x000000008d400000, 0x000000008d400000|100%| E|CS|TAMS 0x000000008d300000, 0x000000008d300000| Complete 
| 212|0x000000008d400000, 0x000000008d500000, 0x000000008d500000|100%| E|CS|TAMS 0x000000008d400000, 0x000000008d400000| Complete 
| 213|0x000000008d500000, 0x000000008d600000, 0x000000008d600000|100%| E|CS|TAMS 0x000000008d500000, 0x000000008d500000| Complete 
| 214|0x000000008d600000, 0x000000008d700000, 0x000000008d700000|100%| E|CS|TAMS 0x000000008d600000, 0x000000008d600000| Complete 
| 215|0x000000008d700000, 0x000000008d800000, 0x000000008d800000|100%| E|CS|TAMS 0x000000008d700000, 0x000000008d700000| Complete 
| 216|0x000000008d800000, 0x000000008d900000, 0x000000008d900000|100%| E|CS|TAMS 0x000000008d800000, 0x000000008d800000| Complete 
| 217|0x000000008d900000, 0x000000008da00000, 0x000000008da00000|100%| E|CS|TAMS 0x000000008d900000, 0x000000008d900000| Complete 
| 218|0x000000008da00000, 0x000000008db00000, 0x000000008db00000|100%| E|CS|TAMS 0x000000008da00000, 0x000000008da00000| Complete 
| 219|0x000000008db00000, 0x000000008dc00000, 0x000000008dc00000|100%| E|CS|TAMS 0x000000008db00000, 0x000000008db00000| Complete 
| 253|0x000000008fd00000, 0x000000008fe00000, 0x000000008fe00000|100%| E|CS|TAMS 0x000000008fd00000, 0x000000008fd00000| Complete 

Card table byte_map: [0x000001eadae20000,0x000001eadb220000] _byte_map_base: 0x000001eadaa20000

Marking Bits (Prev, Next): (CMBitMap*) 0x000001eac10436e8, (CMBitMap*) 0x000001eac1043728
 Prev Bits: [0x000001eadb620000, 0x000001eadd620000)
 Next Bits: [0x000001eadd620000, 0x000001eadf620000)

Polling page: 0x000001eac10e0000

Metaspace:

Usage:
  Non-class:     51.56 MB capacity,    50.57 MB ( 98%) used,   833.36 KB (  2%) free+waste,   176.63 KB ( <1%) overhead. 
      Class:      8.13 MB capacity,     7.54 MB ( 93%) used,   528.74 KB (  6%) free+waste,    83.31 KB (  1%) overhead. 
       Both:     59.69 MB capacity,    58.11 MB ( 97%) used,     1.33 MB (  2%) free+waste,   259.94 KB ( <1%) overhead. 

Virtual space:
  Non-class space:       52.00 MB reserved,      51.67 MB (>99%) committed 
      Class space:        1.00 GB reserved,       8.25 MB ( <1%) committed 
             Both:        1.05 GB reserved,      59.92 MB (  6%) committed 

Chunk freelists:
   Non-Class:  54.00 KB
       Class:  24.00 KB
        Both:  78.00 KB

MaxMetaspaceSize: 17179869184.00 GB
CompressedClassSpaceSize: 1.00 GB

CodeHeap 'non-profiled nmethods': size=120000Kb used=5761Kb max_used=5890Kb free=114238Kb
 bounds [0x000001ead2a90000, 0x000001ead3060000, 0x000001ead9fc0000]
CodeHeap 'profiled nmethods': size=120000Kb used=17238Kb max_used=18368Kb free=102761Kb
 bounds [0x000001eacb560000, 0x000001eacc760000, 0x000001ead2a90000]
CodeHeap 'non-nmethods': size=5760Kb used=2395Kb max_used=2444Kb free=3364Kb
 bounds [0x000001eacafc0000, 0x000001eacb230000, 0x000001eacb560000]
 total_blobs=13981 nmethods=8280 adapters=794
 compilation: enabled
              stopped_count=0, restarted_count=0
 full_count=0

Compilation events (20 events):
Event: 591.909 Thread 0x000001eae297c000 9912       3       org.gradle.internal.resolve.result.DefaultBuildableArtifactFileResolveResult::getResult (8 bytes)
Event: 591.910 Thread 0x000001eae297c000 nmethod 9912 0x000001eacbc0b110 code [0x000001eacbc0b2e0, 0x000001eacbc0b928]
Event: 594.488 Thread 0x000001eae297c000 9913       3       org.gradle.api.internal.artifacts.ivyservice.modulecache.artifacts.DefaultCachedArtifact::<init> (28 bytes)
Event: 594.488 Thread 0x000001eae297c000 nmethod 9913 0x000001eacb794710 code [0x000001eacb7948c0, 0x000001eacb794bb8]
Event: 594.488 Thread 0x000001eae297c000 9914       1       org.gradle.api.internal.artifacts.ivyservice.modulecache.artifacts.DefaultCachedArtifact::getCachedFile (5 bytes)
Event: 594.488 Thread 0x000001eae297c000 nmethod 9914 0x000001ead2f2ec90 code [0x000001ead2f2ee20, 0x000001ead2f2eef8]
Event: 594.585 Thread 0x000001eae2973800 9915       4       java.lang.Long::intValue (6 bytes)
Event: 594.585 Thread 0x000001eae2973800 nmethod 9915 0x000001ead2f2e990 code [0x000001ead2f2eb00, 0x000001ead2f2eb78]
Event: 598.444 Thread 0x000001eae297c000 9916       3       org.gradle.api.internal.artifacts.metadata.ComponentArtifactIdentifierSerializer::write (10 bytes)
Event: 598.445 Thread 0x000001eae297c000 nmethod 9916 0x000001eacc273190 code [0x000001eacc273360, 0x000001eacc2736f8]
Event: 598.445 Thread 0x000001eae297c000 9917       3       org.gradle.api.internal.artifacts.metadata.ComponentArtifactIdentifierSerializer::write (24 bytes)
Event: 598.446 Thread 0x000001eae297c000 nmethod 9917 0x000001eacb6ba690 code [0x000001eacb6ba840, 0x000001eacb6baa38]
Event: 600.526 Thread 0x000001eae2973800 9918       4       java.lang.reflect.Method::checkCanSetAccessible (10 bytes)
Event: 600.528 Thread 0x000001eae2973800 nmethod 9918 0x000001ead2f2e690 code [0x000001ead2f2e820, 0x000001ead2f2e8c8]
Event: 612.288 Thread 0x000001eae2973800 9919       4       java.lang.ref.Reference::clear (6 bytes)
Event: 612.289 Thread 0x000001eae2973800 nmethod 9919 0x000001ead2f2e390 code [0x000001ead2f2e500, 0x000001ead2f2e5b8]
Event: 613.459 Thread 0x000001eae297c000 9920       1       java.net.StandardSocketOptions$StdSocketOption::type (5 bytes)
Event: 613.460 Thread 0x000001eae297c000 nmethod 9920 0x000001ead2f2e090 code [0x000001ead2f2e220, 0x000001ead2f2e2f8]
Event: 614.536 Thread 0x000001eae2973800 9921       4       java.math.BigDecimal::divideSmallFastPath (555 bytes)
Event: 614.565 Thread 0x000001eae2973800 nmethod 9921 0x000001ead300d610 code [0x000001ead300d980, 0x000001ead300e670]

GC Heap History (20 events):
Event: 250.735 GC heap before
{Heap before GC invocations=22 (full 0):
 garbage-first heap   total 109568K, used 90479K [0x0000000080000000, 0x0000000100000000)
  region size 1024K, 40 young (40960K), 3 survivors (3072K)
 Metaspace       used 58864K, capacity 60380K, committed 60464K, reserved 1101824K
  class space    used 7681K, capacity 8280K, committed 8320K, reserved 1048576K
}
Event: 250.738 GC heap after
{Heap after GC invocations=23 (full 0):
 garbage-first heap   total 109568K, used 54886K [0x0000000080000000, 0x0000000100000000)
  region size 1024K, 4 young (4096K), 4 survivors (4096K)
 Metaspace       used 58864K, capacity 60380K, committed 60464K, reserved 1101824K
  class space    used 7681K, capacity 8280K, committed 8320K, reserved 1048576K
}
Event: 278.015 GC heap before
{Heap before GC invocations=23 (full 0):
 garbage-first heap   total 109568K, used 90726K [0x0000000080000000, 0x0000000100000000)
  region size 1024K, 40 young (40960K), 4 survivors (4096K)
 Metaspace       used 59076K, capacity 60682K, committed 60720K, reserved 1101824K
  class space    used 7697K, capacity 8293K, committed 8320K, reserved 1048576K
}
Event: 278.019 GC heap after
{Heap after GC invocations=24 (full 0):
 garbage-first heap   total 109568K, used 54566K [0x0000000080000000, 0x0000000100000000)
  region size 1024K, 2 young (2048K), 2 survivors (2048K)
 Metaspace       used 59076K, capacity 60682K, committed 60720K, reserved 1101824K
  class space    used 7697K, capacity 8293K, committed 8320K, reserved 1048576K
}
Event: 302.816 GC heap before
{Heap before GC invocations=25 (full 0):
 garbage-first heap   total 109568K, used 92454K [0x0000000080000000, 0x0000000100000000)
  region size 1024K, 39 young (39936K), 2 survivors (2048K)
 Metaspace       used 59384K, capacity 60917K, committed 61104K, reserved 1101824K
  class space    used 7715K, capacity 8327K, committed 8448K, reserved 1048576K
}
Event: 302.821 GC heap after
{Heap after GC invocations=26 (full 0):
 garbage-first heap   total 109568K, used 55274K [0x0000000080000000, 0x0000000100000000)
  region size 1024K, 3 young (3072K), 3 survivors (3072K)
 Metaspace       used 59384K, capacity 60917K, committed 61104K, reserved 1101824K
  class space    used 7715K, capacity 8327K, committed 8448K, reserved 1048576K
}
Event: 303.533 GC heap before
{Heap before GC invocations=26 (full 0):
 garbage-first heap   total 109568K, used 92138K [0x0000000080000000, 0x0000000100000000)
  region size 1024K, 40 young (40960K), 3 survivors (3072K)
 Metaspace       used 59385K, capacity 60917K, committed 61104K, reserved 1101824K
  class space    used 7715K, capacity 8327K, committed 8448K, reserved 1048576K
}
Event: 303.536 GC heap after
{Heap after GC invocations=27 (full 0):
 garbage-first heap   total 109568K, used 55572K [0x0000000080000000, 0x0000000100000000)
  region size 1024K, 3 young (3072K), 3 survivors (3072K)
 Metaspace       used 59385K, capacity 60917K, committed 61104K, reserved 1101824K
  class space    used 7715K, capacity 8327K, committed 8448K, reserved 1048576K
}
Event: 303.959 GC heap before
{Heap before GC invocations=28 (full 0):
 garbage-first heap   total 109568K, used 92436K [0x0000000080000000, 0x0000000100000000)
  region size 1024K, 40 young (40960K), 3 survivors (3072K)
 Metaspace       used 59385K, capacity 60917K, committed 61104K, reserved 1101824K
  class space    used 7715K, capacity 8327K, committed 8448K, reserved 1048576K
}
Event: 303.963 GC heap after
{Heap after GC invocations=29 (full 0):
 garbage-first heap   total 109568K, used 55458K [0x0000000080000000, 0x0000000100000000)
  region size 1024K, 3 young (3072K), 3 survivors (3072K)
 Metaspace       used 59385K, capacity 60917K, committed 61104K, reserved 1101824K
  class space    used 7715K, capacity 8327K, committed 8448K, reserved 1048576K
}
Event: 374.805 GC heap before
{Heap before GC invocations=29 (full 0):
 garbage-first heap   total 109568K, used 92322K [0x0000000080000000, 0x0000000100000000)
  region size 1024K, 40 young (40960K), 3 survivors (3072K)
 Metaspace       used 59457K, capacity 60988K, committed 61360K, reserved 1101824K
  class space    used 7715K, capacity 8328K, committed 8448K, reserved 1048576K
}
Event: 374.811 GC heap after
{Heap after GC invocations=30 (full 0):
 garbage-first heap   total 109568K, used 55595K [0x0000000080000000, 0x0000000100000000)
  region size 1024K, 3 young (3072K), 3 survivors (3072K)
 Metaspace       used 59457K, capacity 60988K, committed 61360K, reserved 1101824K
  class space    used 7715K, capacity 8328K, committed 8448K, reserved 1048576K
}
Event: 437.134 GC heap before
{Heap before GC invocations=31 (full 0):
 garbage-first heap   total 109568K, used 92459K [0x0000000080000000, 0x0000000100000000)
  region size 1024K, 40 young (40960K), 3 survivors (3072K)
 Metaspace       used 59466K, capacity 60988K, committed 61360K, reserved 1101824K
  class space    used 7715K, capacity 8328K, committed 8448K, reserved 1048576K
}
Event: 437.138 GC heap after
{Heap after GC invocations=32 (full 0):
 garbage-first heap   total 109568K, used 55600K [0x0000000080000000, 0x0000000100000000)
  region size 1024K, 3 young (3072K), 3 survivors (3072K)
 Metaspace       used 59466K, capacity 60988K, committed 61360K, reserved 1101824K
  class space    used 7715K, capacity 8328K, committed 8448K, reserved 1048576K
}
Event: 550.657 GC heap before
{Heap before GC invocations=32 (full 0):
 garbage-first heap   total 109568K, used 92464K [0x0000000080000000, 0x0000000100000000)
  region size 1024K, 40 young (40960K), 3 survivors (3072K)
 Metaspace       used 59477K, capacity 61053K, committed 61360K, reserved 1101824K
  class space    used 7715K, capacity 8328K, committed 8448K, reserved 1048576K
}
Event: 550.662 GC heap after
{Heap after GC invocations=33 (full 0):
 garbage-first heap   total 109568K, used 55660K [0x0000000080000000, 0x0000000100000000)
  region size 1024K, 3 young (3072K), 3 survivors (3072K)
 Metaspace       used 59477K, capacity 61053K, committed 61360K, reserved 1101824K
  class space    used 7715K, capacity 8328K, committed 8448K, reserved 1048576K
}
Event: 594.640 GC heap before
{Heap before GC invocations=34 (full 0):
 garbage-first heap   total 109568K, used 92524K [0x0000000080000000, 0x0000000100000000)
  region size 1024K, 40 young (40960K), 3 survivors (3072K)
 Metaspace       used 59498K, capacity 61122K, committed 61360K, reserved 1101824K
  class space    used 7715K, capacity 8328K, committed 8448K, reserved 1048576K
}
Event: 594.645 GC heap after
{Heap after GC invocations=35 (full 0):
 garbage-first heap   total 109568K, used 55539K [0x0000000080000000, 0x0000000100000000)
  region size 1024K, 3 young (3072K), 3 survivors (3072K)
 Metaspace       used 59498K, capacity 61122K, committed 61360K, reserved 1101824K
  class space    used 7715K, capacity 8328K, committed 8448K, reserved 1048576K
}
Event: 596.847 GC heap before
{Heap before GC invocations=35 (full 0):
 garbage-first heap   total 109568K, used 92403K [0x0000000080000000, 0x0000000100000000)
  region size 1024K, 40 young (40960K), 3 survivors (3072K)
 Metaspace       used 59498K, capacity 61122K, committed 61360K, reserved 1101824K
  class space    used 7715K, capacity 8328K, committed 8448K, reserved 1048576K
}
Event: 596.856 GC heap after
{Heap after GC invocations=36 (full 0):
 garbage-first heap   total 109568K, used 55270K [0x0000000080000000, 0x0000000100000000)
  region size 1024K, 3 young (3072K), 3 survivors (3072K)
 Metaspace       used 59498K, capacity 61122K, committed 61360K, reserved 1101824K
  class space    used 7715K, capacity 8328K, committed 8448K, reserved 1048576K
}

Deoptimization events (20 events):
Event: 343.729 Thread 0x000001eae4b75000 DEOPT PACKING pc=0x000001ead3024544 sp=0x000000b814ffc670
Event: 343.729 Thread 0x000001eae4b75000 DEOPT UNPACKING pc=0x000001eacb00912f sp=0x000000b814ffc5c0 mode 2
Event: 429.582 Thread 0x000001eae4b73000 Uncommon trap: trap_request=0xffffffbe fr.pc=0x000001ead300d9e4 relative=0x0000000000000d84
Event: 429.582 Thread 0x000001eae4b73000 Uncommon trap: reason=profile_predicate action=maybe_recompile pc=0x000001ead300d9e4 method=sun.security.ssl.SSLTransport.decode(Lsun/security/ssl/TransportContext;[Ljava/nio/ByteBuffer;II[Ljava/nio/ByteBuffer;II)Lsun/security/ssl/Plaintext; @ 176 c2
Event: 429.582 Thread 0x000001eae4b73000 DEOPT PACKING pc=0x000001ead300d9e4 sp=0x000000b8155fbe80
Event: 429.582 Thread 0x000001eae4b73000 DEOPT UNPACKING pc=0x000001eacb00912f sp=0x000000b8155fbe08 mode 2
Event: 429.583 Thread 0x000001eae4b73000 Uncommon trap: trap_request=0xffffffbe fr.pc=0x000001ead300d9e4 relative=0x0000000000000d84
Event: 429.583 Thread 0x000001eae4b73000 Uncommon trap: reason=profile_predicate action=maybe_recompile pc=0x000001ead300d9e4 method=sun.security.ssl.SSLTransport.decode(Lsun/security/ssl/TransportContext;[Ljava/nio/ByteBuffer;II[Ljava/nio/ByteBuffer;II)Lsun/security/ssl/Plaintext; @ 176 c2
Event: 429.583 Thread 0x000001eae4b73000 DEOPT PACKING pc=0x000001ead300d9e4 sp=0x000000b8155fbe80
Event: 429.583 Thread 0x000001eae4b73000 DEOPT UNPACKING pc=0x000001eacb00912f sp=0x000000b8155fbe08 mode 2
Event: 429.583 Thread 0x000001eae4b73000 Uncommon trap: trap_request=0xffffffbe fr.pc=0x000001ead300d9e4 relative=0x0000000000000d84
Event: 429.583 Thread 0x000001eae4b73000 Uncommon trap: reason=profile_predicate action=maybe_recompile pc=0x000001ead300d9e4 method=sun.security.ssl.SSLTransport.decode(Lsun/security/ssl/TransportContext;[Ljava/nio/ByteBuffer;II[Ljava/nio/ByteBuffer;II)Lsun/security/ssl/Plaintext; @ 176 c2
Event: 429.583 Thread 0x000001eae4b73000 DEOPT PACKING pc=0x000001ead300d9e4 sp=0x000000b8155fbe80
Event: 429.583 Thread 0x000001eae4b73000 DEOPT UNPACKING pc=0x000001eacb00912f sp=0x000000b8155fbe08 mode 2
Event: 429.587 Thread 0x000001eae4b73000 Uncommon trap: trap_request=0xffffffbe fr.pc=0x000001ead300d9e4 relative=0x0000000000000d84
Event: 429.587 Thread 0x000001eae4b73000 Uncommon trap: reason=profile_predicate action=maybe_recompile pc=0x000001ead300d9e4 method=sun.security.ssl.SSLTransport.decode(Lsun/security/ssl/TransportContext;[Ljava/nio/ByteBuffer;II[Ljava/nio/ByteBuffer;II)Lsun/security/ssl/Plaintext; @ 176 c2
Event: 429.587 Thread 0x000001eae4b73000 DEOPT PACKING pc=0x000001ead300d9e4 sp=0x000000b8155fbe80
Event: 429.587 Thread 0x000001eae4b73000 DEOPT UNPACKING pc=0x000001eacb00912f sp=0x000000b8155fbe08 mode 2
Event: 429.590 Thread 0x000001eae4b73000 DEOPT PACKING pc=0x000001eacc3ad08d sp=0x000000b8155fb3c0
Event: 429.590 Thread 0x000001eae4b73000 DEOPT UNPACKING pc=0x000001eacb00964e sp=0x000000b8155fa870 mode 0

Classes unloaded (20 events):
Event: 7.455 Thread 0x000001eae213e800 Unloading class 0x0000000800e5c040 'java/lang/invoke/LambdaForm$DMH'
Event: 46.427 Thread 0x000001eae213e800 Unloading class 0x000000080117f040 '_BuildScript_$_run_closure1'
Event: 46.427 Thread 0x000001eae213e800 Unloading class 0x000000080117f840 '_BuildScript_'
Event: 46.427 Thread 0x000001eae213e800 Unloading class 0x00000008010f9040 '_BuildScript_$_run_closure1$_closure2'
Event: 46.427 Thread 0x000001eae213e800 Unloading class 0x00000008010f8840 '_BuildScript_$_run_closure1'
Event: 46.427 Thread 0x000001eae213e800 Unloading class 0x00000008010f8040 '_BuildScript_'
Event: 46.427 Thread 0x000001eae213e800 Unloading class 0x00000008010a3840 '_BuildScript_$_run_closure1$_closure2'
Event: 46.427 Thread 0x000001eae213e800 Unloading class 0x00000008010a4040 '_BuildScript_$_run_closure1'
Event: 46.427 Thread 0x000001eae213e800 Unloading class 0x00000008010a4840 '_BuildScript_'
Event: 226.716 Thread 0x000001eae213e800 Unloading class 0x0000000801338040 'org/gradle/internal/operations/DefaultBuildOperationQueue$WorkerRunnable$$Lambda$817'
Event: 226.716 Thread 0x000001eae213e800 Unloading class 0x000000080132b840 'org/gradle/internal/operations/DefaultBuildOperationQueue$WorkerRunnable$$Lambda$815'
Event: 226.716 Thread 0x000001eae213e800 Unloading class 0x000000080132c440 'org/gradle/internal/operations/DefaultBuildOperationQueue$WorkerRunnable$$Lambda$813'
Event: 226.716 Thread 0x000001eae213e800 Unloading class 0x000000080132c040 'org/gradle/internal/operations/DefaultBuildOperationQueue$WorkerRunnable$$Lambda$814'
Event: 226.716 Thread 0x000001eae213e800 Unloading class 0x000000080132cc40 'org/gradle/internal/operations/DefaultBuildOperationQueue$WorkerRunnable$$Lambda$812'
Event: 226.716 Thread 0x000001eae213e800 Unloading class 0x000000080132c840 'org/gradle/internal/operations/DefaultBuildOperationQueue$WorkerRunnable$$Lambda$811'
Event: 226.716 Thread 0x000001eae213e800 Unloading class 0x000000080132d440 'org/gradle/internal/operations/DefaultBuildOperationQueue$WorkerRunnable$$Lambda$808'
Event: 226.716 Thread 0x000001eae213e800 Unloading class 0x000000080132d040 'org/gradle/internal/operations/DefaultBuildOperationQueue$WorkerRunnable$$Lambda$805'
Event: 226.716 Thread 0x000001eae213e800 Unloading class 0x000000080132dc40 'org/gradle/internal/operations/DefaultBuildOperationQueue$WorkerRunnable$$Lambda$806'
Event: 226.716 Thread 0x000001eae213e800 Unloading class 0x000000080132e440 'org/gradle/internal/operations/DefaultBuildOperationQueue$WorkerRunnable$$Lambda$807'
Event: 226.716 Thread 0x000001eae213e800 Unloading class 0x000000080132e040 'org/gradle/internal/operations/DefaultBuildOperationQueue$WorkerRunnable$$Lambda$810'

Classes redefined (0 events):
No events

Internal exceptions (20 events):
Event: 10.584 Thread 0x000001eae45c6800 Implicit null exception at 0x000001ead2c9c6fb to 0x000001ead2c9c738
Event: 13.277 Thread 0x000001eae45c6800 Exception <a 'java/lang/NoSuchMethodError'{0x000000008530e618}: 'java.lang.Object java.lang.invoke.DelegatingMethodHandle$Holder.reinvoke_L(java.lang.Object, java.lang.Object, java.lang.Object, java.lang.Object, java.lang.Object, java.lang.Object, java.lang.Object, java.lang.Object, java.lang.Object, java.lang.Object, java.lang.Object, java.lang.Object, java.lang.Object, java.lang.Object, java.lang.Object, java.lang.Object, java.lang.Object, java.lang.Object, java.lang.Object, java.lang.Object, java.lang.O
Event: 13.278 Thread 0x000001eae45c6800 Exception <a 'java/lang/NoSuchMethodError'{0x00000000853188a8}: 'java.lang.Object java.lang.invoke.Invokers$Holder.invoker(java.lang.Object, java.lang.Object, java.lang.Object, java.lang.Object, java.lang.Object, java.lang.Object, java.lang.Object, java.lang.Object, java.lang.Object, java.lang.Object, java.lang.Object, java.lang.Object, java.lang.Object, java.lang.Object, java.lang.Object, java.lang.Object, java.lang.Object, java.lang.Object, java.lang.Object, java.lang.Object, java.lang.Object)'> (0x00000
Event: 13.278 Thread 0x000001eae45c6800 Exception <a 'java/lang/NoSuchMethodError'{0x000000008531f088}: 'java.lang.Object java.lang.invoke.DelegatingMethodHandle$Holder.delegate(java.lang.Object, java.lang.Object, java.lang.Object, java.lang.Object, java.lang.Object, java.lang.Object, java.lang.Object, java.lang.Object, java.lang.Object, java.lang.Object, java.lang.Object, java.lang.Object, java.lang.Object, java.lang.Object, java.lang.Object, java.lang.Object, java.lang.Object, java.lang.Object, java.lang.Object, java.lang.Object, java.lang.Obj
Event: 13.283 Thread 0x000001eae45c6800 Exception <a 'java/lang/NoSuchMethodError'{0x0000000085359d20}: 'java.lang.Object java.lang.invoke.DirectMethodHandle$Holder.invokeStatic(java.lang.Object, java.lang.Object, java.lang.Object, java.lang.Object, java.lang.Object, java.lang.Object, java.lang.Object, java.lang.Object, java.lang.Object, java.lang.Object, java.lang.Object, java.lang.Object, java.lang.Object, java.lang.Object, java.lang.Object)'> (0x0000000085359d20) 
thrown [./open/src/hotspot/share/interpreter/linkResolver.cpp, line 766]
Event: 13.285 Thread 0x000001eae45c6800 Exception <a 'java/lang/NoSuchMethodError'{0x00000000853685d0}: 'java.lang.Object java.lang.invoke.DirectMethodHandle$Holder.invokeStatic(java.lang.Object, java.lang.Object, java.lang.Object, java.lang.Object, java.lang.Object, java.lang.Object, java.lang.Object, java.lang.Object, java.lang.Object, java.lang.Object, java.lang.Object, java.lang.Object, java.lang.Object, java.lang.Object, java.lang.Object, java.lang.Object)'> (0x00000000853685d0) 
thrown [./open/src/hotspot/share/interpreter/linkResolver.cpp
Event: 13.289 Thread 0x000001eae45c6800 Exception <a 'java/lang/NoSuchMethodError'{0x0000000085390a00}: 'java.lang.Object java.lang.invoke.DirectMethodHandle$Holder.invokeStatic(java.lang.Object, java.lang.Object, java.lang.Object, java.lang.Object, java.lang.Object, java.lang.Object, java.lang.Object, java.lang.Object, java.lang.Object, java.lang.Object, java.lang.Object, java.lang.Object, java.lang.Object, java.lang.Object, java.lang.Object, java.lang.Object, java.lang.Object)'> (0x0000000085390a00) 
thrown [./open/src/hotspot/share/interprete
Event: 13.293 Thread 0x000001eae45c6800 Exception <a 'java/lang/NoSuchMethodError'{0x00000000853b73e8}: 'java.lang.Object java.lang.invoke.DirectMethodHandle$Holder.invokeStatic(java.lang.Object, java.lang.Object, java.lang.Object, java.lang.Object, java.lang.Object, java.lang.Object, java.lang.Object, java.lang.Object, java.lang.Object, java.lang.Object, java.lang.Object, java.lang.Object, java.lang.Object, java.lang.Object, java.lang.Object, java.lang.Object, java.lang.Object, java.lang.Object)'> (0x00000000853b73e8) 
thrown [./open/src/hotspo
Event: 13.296 Thread 0x000001eae45c6800 Exception <a 'java/lang/NoSuchMethodError'{0x00000000853de858}: 'java.lang.Object java.lang.invoke.DirectMethodHandle$Holder.invokeStatic(java.lang.Object, java.lang.Object, java.lang.Object, java.lang.Object, java.lang.Object, java.lang.Object, java.lang.Object, java.lang.Object, java.lang.Object, java.lang.Object, java.lang.Object, java.lang.Object, java.lang.Object, java.lang.Object, java.lang.Object, java.lang.Object, java.lang.Object, java.lang.Object, java.lang.Object)'> (0x00000000853de858) 
thrown 
Event: 13.301 Thread 0x000001eae45c6800 Exception <a 'java/lang/NoSuchMethodError'{0x0000000085207438}: 'java.lang.Object java.lang.invoke.DirectMethodHandle$Holder.invokeStatic(java.lang.Object, java.lang.Object, java.lang.Object, java.lang.Object, java.lang.Object, java.lang.Object, java.lang.Object, java.lang.Object, java.lang.Object, java.lang.Object, java.lang.Object, java.lang.Object, java.lang.Object, java.lang.Object, java.lang.Object, java.lang.Object, java.lang.Object, java.lang.Object, java.lang.Object, java.lang.Object)'> (0x00000000
Event: 13.305 Thread 0x000001eae45c6800 Exception <a 'java/lang/NoSuchMethodError'{0x0000000085230d98}: 'java.lang.Object java.lang.invoke.DirectMethodHandle$Holder.invokeStatic(java.lang.Object, java.lang.Object, java.lang.Object, java.lang.Object, java.lang.Object, java.lang.Object, java.lang.Object, java.lang.Object, java.lang.Object, java.lang.Object, java.lang.Object, java.lang.Object, java.lang.Object, java.lang.Object, java.lang.Object, java.lang.Object, java.lang.Object, java.lang.Object, java.lang.Object, java.lang.Object, java.lang.Obj
Event: 13.308 Thread 0x000001eae45c6800 Exception <a 'java/lang/NoSuchMethodError'{0x000000008525af58}: 'java.lang.Object java.lang.invoke.DirectMethodHandle$Holder.invokeStatic(java.lang.Object, java.lang.Object, java.lang.Object, java.lang.Object, java.lang.Object, java.lang.Object, java.lang.Object, java.lang.Object, java.lang.Object, java.lang.Object, java.lang.Object, java.lang.Object, java.lang.Object, java.lang.Object, java.lang.Object, java.lang.Object, java.lang.Object, java.lang.Object, java.lang.Object, java.lang.Object, java.lang.Obj
Event: 13.310 Thread 0x000001eae45c6800 Exception <a 'java/lang/NoSuchMethodError'{0x0000000085287c48}: 'java.lang.Object java.lang.invoke.DirectMethodHandle$Holder.invokeStatic(java.lang.Object, java.lang.Object, java.lang.Object, java.lang.Object, java.lang.Object, java.lang.Object, java.lang.Object, java.lang.Object, java.lang.Object, java.lang.Object, java.lang.Object, java.lang.Object, java.lang.Object, java.lang.Object, java.lang.Object, java.lang.Object, java.lang.Object, java.lang.Object, java.lang.Object, java.lang.Object, java.lang.Obj
Event: 13.314 Thread 0x000001eae45c6800 Exception <a 'java/lang/NoSuchMethodError'{0x00000000852b50f0}: 'java.lang.Object java.lang.invoke.DirectMethodHandle$Holder.invokeStatic(java.lang.Object, java.lang.Object, java.lang.Object, java.lang.Object, java.lang.Object, java.lang.Object, java.lang.Object, java.lang.Object, java.lang.Object, java.lang.Object, java.lang.Object, java.lang.Object, java.lang.Object, java.lang.Object, java.lang.Object, java.lang.Object, java.lang.Object, java.lang.Object, java.lang.Object, java.lang.Object, java.lang.Obj
Event: 46.408 Thread 0x000001eae2950800 Implicit null exception at 0x000001ead2da3f5d to 0x000001ead2da41b4
Event: 250.733 Thread 0x000001eae7f32800 Implicit null exception at 0x000001ead2f511df to 0x000001ead2f5475c
Event: 429.582 Thread 0x000001eae4b73000 Implicit null exception at 0x000001ead300ccf9 to 0x000001ead300d9b0
Event: 429.583 Thread 0x000001eae4b73000 Implicit null exception at 0x000001ead300ccf9 to 0x000001ead300d9b0
Event: 429.583 Thread 0x000001eae4b73000 Implicit null exception at 0x000001ead300ccf9 to 0x000001ead300d9b0
Event: 429.587 Thread 0x000001eae4b73000 Implicit null exception at 0x000001ead300ccf9 to 0x000001ead300d9b0

Events (20 events):
Event: 591.914 Executing VM operation: BulkRevokeBias
Event: 591.922 Executing VM operation: BulkRevokeBias done
Event: 591.922 Executing VM operation: HandshakeOneThread
Event: 591.922 Executing VM operation: HandshakeOneThread done
Event: 591.923 Executing VM operation: HandshakeOneThread
Event: 591.923 Executing VM operation: HandshakeOneThread done
Event: 591.923 Executing VM operation: BulkRevokeBias
Event: 591.925 Executing VM operation: BulkRevokeBias done
Event: 594.640 Executing VM operation: G1CollectForAllocation
Event: 594.645 Executing VM operation: G1CollectForAllocation done
Event: 596.847 Executing VM operation: G1CollectForAllocation
Event: 596.857 Executing VM operation: G1CollectForAllocation done
Event: 597.029 Executing VM operation: G1Concurrent
Event: 597.038 Executing VM operation: G1Concurrent done
Event: 597.101 Executing VM operation: G1Concurrent
Event: 597.101 Executing VM operation: G1Concurrent done
Event: 598.459 Executing VM operation: HandshakeOneThread
Event: 598.459 Executing VM operation: HandshakeOneThread done
Event: 613.458 Executing VM operation: HandshakeOneThread
Event: 613.458 Executing VM operation: HandshakeOneThread done


Dynamic libraries:
0x00007ff76d0b0000 - 0x00007ff76d0bf000 	D:\developer\JDK14\bin\java.exe
0x00007ffce8200000 - 0x00007ffce8409000 	C:\WINDOWS\SYSTEM32\ntdll.dll
0x00007ffce6af0000 - 0x00007ffce6bae000 	C:\WINDOWS\System32\KERNEL32.DLL
0x00007ffce5a40000 - 0x00007ffce5dc4000 	C:\WINDOWS\System32\KERNELBASE.dll
0x00007ffce56a0000 - 0x00007ffce57b1000 	C:\WINDOWS\System32\ucrtbase.dll
0x00007ffcd2dd0000 - 0x00007ffcd2de8000 	D:\developer\JDK14\bin\jli.dll
0x00007ffccb830000 - 0x00007ffccb845000 	D:\developer\JDK14\bin\VCRUNTIME140.dll
0x00007ffce6950000 - 0x00007ffce69ff000 	C:\WINDOWS\System32\ADVAPI32.dll
0x00007ffce6820000 - 0x00007ffce68c3000 	C:\WINDOWS\System32\msvcrt.dll
0x00007ffce74c0000 - 0x00007ffce755e000 	C:\WINDOWS\System32\sechost.dll
0x00007ffce8010000 - 0x00007ffce8131000 	C:\WINDOWS\System32\RPCRT4.dll
0x00007ffce6d80000 - 0x00007ffce6f2d000 	C:\WINDOWS\System32\USER32.dll
0x00007ffce5e50000 - 0x00007ffce5e76000 	C:\WINDOWS\System32\win32u.dll
0x00007ffce60d0000 - 0x00007ffce60fa000 	C:\WINDOWS\System32\GDI32.dll
0x00007ffce5f40000 - 0x00007ffce605f000 	C:\WINDOWS\System32\gdi32full.dll
0x00007ffcd1df0000 - 0x00007ffcd2095000 	C:\WINDOWS\WinSxS\amd64_microsoft.windows.common-controls_6595b64144ccf1df_6.0.22000.120_none_9d947278b86cc467\COMCTL32.dll
0x00007ffce5930000 - 0x00007ffce59cd000 	C:\WINDOWS\System32\msvcp_win.dll
0x00007ffcde230000 - 0x00007ffcde23a000 	C:\WINDOWS\SYSTEM32\VERSION.dll
0x00007ffce77f0000 - 0x00007ffce7821000 	C:\WINDOWS\System32\IMM32.DLL
0x00007ffcb5610000 - 0x00007ffcb56ab000 	D:\developer\JDK14\bin\msvcp140.dll
0x00007ffc8db30000 - 0x00007ffc8e64e000 	D:\developer\JDK14\bin\server\jvm.dll
0x00007ffce6bb0000 - 0x00007ffce6bb8000 	C:\WINDOWS\System32\PSAPI.DLL
0x00007ffce3f80000 - 0x00007ffce3fb3000 	C:\WINDOWS\SYSTEM32\WINMM.dll
0x00007ffcc4050000 - 0x00007ffcc4059000 	C:\WINDOWS\SYSTEM32\WSOCK32.dll
0x00007ffce67b0000 - 0x00007ffce681f000 	C:\WINDOWS\System32\WS2_32.dll
0x00007ffce4800000 - 0x00007ffce4818000 	C:\WINDOWS\SYSTEM32\kernel.appcore.dll
0x00007ffcdefa0000 - 0x00007ffcdefaa000 	D:\developer\JDK14\bin\jimage.dll
0x00007ffce39c0000 - 0x00007ffce3be1000 	C:\WINDOWS\SYSTEM32\DBGHELP.DLL
0x00007ffccd870000 - 0x00007ffccd8a1000 	C:\WINDOWS\SYSTEM32\dbgcore.DLL
0x00007ffce5dd0000 - 0x00007ffce5e4f000 	C:\WINDOWS\System32\bcryptPrimitives.dll
0x00007ffcbd580000 - 0x00007ffcbd5a5000 	D:\developer\JDK14\bin\java.dll
0x00007ffccb810000 - 0x00007ffccb826000 	D:\developer\JDK14\bin\zip.dll
0x00007ffce7830000 - 0x00007ffce7ff5000 	C:\WINDOWS\System32\SHELL32.dll
0x00007ffce27f0000 - 0x00007ffce3054000 	C:\WINDOWS\SYSTEM32\windows.storage.dll
0x00007ffce7020000 - 0x00007ffce7396000 	C:\WINDOWS\System32\combase.dll
0x00007ffce2680000 - 0x00007ffce27e7000 	C:\WINDOWS\SYSTEM32\wintypes.dll
0x00007ffce7560000 - 0x00007ffce764a000 	C:\WINDOWS\System32\SHCORE.dll
0x00007ffce8160000 - 0x00007ffce81bd000 	C:\WINDOWS\System32\shlwapi.dll
0x00007ffce55d0000 - 0x00007ffce55f1000 	C:\WINDOWS\SYSTEM32\profapi.dll
0x00007ffcc78f0000 - 0x00007ffcc7909000 	D:\developer\JDK14\bin\net.dll
0x00007ffce16a0000 - 0x00007ffce17b3000 	C:\WINDOWS\SYSTEM32\WINHTTP.dll
0x00007ffce4cb0000 - 0x00007ffce4d17000 	C:\WINDOWS\system32\mswsock.dll
0x00007ffcbe150000 - 0x00007ffcbe162000 	D:\developer\JDK14\bin\nio.dll
0x00007ffcd5860000 - 0x00007ffcd5870000 	D:\developer\JDK14\bin\verify.dll
0x00007ffcd2ad0000 - 0x00007ffcd2af7000 	C:\Users\lllddd\.gradle\native\68d5fa5c4cc2d200863cafc0d521ce42e7d3e7ee720ec0a83991735586a16f82\windows-amd64\native-platform.dll
0x00007ffca8e40000 - 0x00007ffca8f84000 	C:\Users\lllddd\.gradle\native\e376f236ea51e6404a007f0833ffe2c6e607c4080706a723a18a27aeea778392\windows-amd64\native-platform-file-events.dll
0x00007ffcd5300000 - 0x00007ffcd5309000 	D:\developer\JDK14\bin\management.dll
0x00007ffccb8c0000 - 0x00007ffccb8cb000 	D:\developer\JDK14\bin\management_ext.dll
0x00007ffce4f10000 - 0x00007ffce4f28000 	C:\WINDOWS\SYSTEM32\CRYPTSP.dll
0x00007ffce4760000 - 0x00007ffce4795000 	C:\WINDOWS\system32\rsaenh.dll
0x00007ffce4db0000 - 0x00007ffce4dd9000 	C:\WINDOWS\SYSTEM32\USERENV.dll
0x00007ffce5080000 - 0x00007ffce50a7000 	C:\WINDOWS\SYSTEM32\bcrypt.dll
0x00007ffce4f00000 - 0x00007ffce4f0c000 	C:\WINDOWS\SYSTEM32\CRYPTBASE.dll
0x00007ffce4320000 - 0x00007ffce434d000 	C:\WINDOWS\SYSTEM32\IPHLPAPI.DLL
0x00007ffce67a0000 - 0x00007ffce67a9000 	C:\WINDOWS\System32\NSI.dll
0x00007ffcde380000 - 0x00007ffcde399000 	C:\WINDOWS\SYSTEM32\dhcpcsvc6.DLL
0x00007ffcde7d0000 - 0x00007ffcde7ee000 	C:\WINDOWS\SYSTEM32\dhcpcsvc.DLL
0x00007ffce4390000 - 0x00007ffce4477000 	C:\WINDOWS\SYSTEM32\DNSAPI.dll
0x00007ffce4820000 - 0x00007ffce4854000 	C:\WINDOWS\SYSTEM32\ntmarta.dll
0x00007ffcb9be0000 - 0x00007ffcb9c05000 	D:\developer\JDK14\bin\sunec.dll
0x00007ffcbf580000 - 0x00007ffcbf58e000 	D:\developer\JDK14\bin\sunmscapi.dll
0x00007ffce57c0000 - 0x00007ffce592a000 	C:\WINDOWS\System32\CRYPT32.dll
0x00007ffce5050000 - 0x00007ffce507a000 	C:\WINDOWS\SYSTEM32\ncrypt.dll
0x00007ffce5010000 - 0x00007ffce5047000 	C:\WINDOWS\SYSTEM32\NTASN1.dll
0x00007ffcd4b10000 - 0x00007ffcd4b1a000 	C:\Windows\System32\rasadhlp.dll
0x00007ffcdc450000 - 0x00007ffcdc4d2000 	C:\WINDOWS\System32\fwpuclnt.dll

dbghelp: loaded successfully - version: 4.0.5 - missing functions: none
symbol engine: initialized successfully - sym options: 0x614 - pdb path: .;D:\developer\JDK14\bin;C:\WINDOWS\SYSTEM32;C:\WINDOWS\WinSxS\amd64_microsoft.windows.common-controls_6595b64144ccf1df_6.0.22000.120_none_9d947278b86cc467;D:\developer\JDK14\bin\server;C:\Users\lllddd\.gradle\native\68d5fa5c4cc2d200863cafc0d521ce42e7d3e7ee720ec0a83991735586a16f82\windows-amd64;C:\Users\lllddd\.gradle\native\e376f236ea51e6404a007f0833ffe2c6e607c4080706a723a18a27aeea778392\windows-amd64

VM Arguments:
jvm_args: --add-opens=java.base/java.util=ALL-UNNAMED --add-opens=java.base/java.lang=ALL-UNNAMED --add-opens=java.base/java.lang.invoke=ALL-UNNAMED --add-opens=java.prefs/java.util.prefs=ALL-UNNAMED --add-opens=java.base/java.nio.charset=ALL-UNNAMED --add-opens=java.base/java.net=ALL-UNNAMED --add-opens=java.base/java.util.concurrent.atomic=ALL-UNNAMED -Xmx2048m -Dfile.encoding=UTF-8 -Duser.country=US -Duser.language=en -Duser.variant 
java_command: org.gradle.launcher.daemon.bootstrap.GradleDaemon 8.0
java_class_path (initial): C:\Users\lllddd\.gradle\wrapper\dists\gradle-8.0-bin\ca5e32bp14vu59qr306oxotwh\gradle-8.0\lib\gradle-launcher-8.0.jar
Launcher Type: SUN_STANDARD

[Global flags]
     intx CICompilerCount                          = 4                                         {product} {ergonomic}
     uint ConcGCThreads                            = 2                                         {product} {ergonomic}
     uint G1ConcRefinementThreads                  = 8                                         {product} {ergonomic}
   size_t G1HeapRegionSize                         = 1048576                                   {product} {ergonomic}
    uintx GCDrainStackTargetSize                   = 64                                        {product} {ergonomic}
   size_t InitialHeapSize                          = 266338304                                 {product} {ergonomic}
   size_t MarkStackSize                            = 4194304                                   {product} {ergonomic}
   size_t MaxHeapSize                              = 2147483648                                {product} {command line}
   size_t MaxNewSize                               = 1287651328                                {product} {ergonomic}
   size_t MinHeapDeltaBytes                        = 1048576                                   {product} {ergonomic}
   size_t MinHeapSize                              = 8388608                                   {product} {ergonomic}
    uintx NonNMethodCodeHeapSize                   = 5839372                                {pd product} {ergonomic}
    uintx NonProfiledCodeHeapSize                  = 122909434                              {pd product} {ergonomic}
    uintx ProfiledCodeHeapSize                     = 122909434                              {pd product} {ergonomic}
    uintx ReservedCodeCacheSize                    = 251658240                              {pd product} {ergonomic}
     bool SegmentedCodeCache                       = true                                      {product} {ergonomic}
   size_t SoftMaxHeapSize                          = 2147483648                             {manageable} {ergonomic}
     bool UseCompressedClassPointers               = true                                 {lp64_product} {ergonomic}
     bool UseCompressedOops                        = true                                 {lp64_product} {ergonomic}
     bool UseG1GC                                  = true                                      {product} {ergonomic}
     bool UseLargePagesIndividualAllocation        = false                                  {pd product} {ergonomic}

Logging:
Log output configuration:
 #0: stdout all=warning uptime,level,tags
 #1: stderr all=off uptime,level,tags

Environment Variables:
JAVA_HOME=D:\developer\JDK14
CLASSPATH=.;D:\developer\JDK14\lib;D:\developer\JDK14\lib\tools.jar
PATH=C:\Python39\Scripts\;C:\Python39\;C:\Windows\system32;C:\Windows;C:\Windows\System32\Wbem;C:\Windows\System32\WindowsPowerShell\v1.0\;C:\Windows\System32\OpenSSH\;C:\Program Files\Intel\WiFi\bin\;C:\Program Files\Common Files\Intel\WirelessCommon\;C:\Program Files (x86)\NVIDIA Corporation\PhysX\Common;C:\Program Files\NVIDIA Corporation\NVIDIA NvDLISR;D:\developer\JDK14\bin;D:\developer\Git\Git\cmd;C:\WINDOWS\system32;C:\WINDOWS;C:\WINDOWS\System32\Wbem;C:\WINDOWS\System32\WindowsPowerShell\v1.0\;C:\WINDOWS\System32\OpenSSH\;D:\developer\nodejs\;C:\ProgramData\chocolatey\bin;D:\developer\python-3.8.3\Scripts\;D:\developer\python-3.8.3\;C:\Users\lllddd\AppData\Local\Microsoft\WindowsApps;;D:\developer\IDEA\IntelliJ IDEA 2020.1\bin;;D:\developer\VSCode\Microsoft VS Code\bin;D:\developer\DevEcoStudio\DevEco Studio 2.1.0.301\bin;;C:\Users\lllddd\AppData\Roaming\npm
USERNAME=lllddd
OS=Windows_NT
PROCESSOR_IDENTIFIER=Intel64 Family 6 Model 142 Stepping 12, GenuineIntel



---------------  S Y S T E M  ---------------

OS: Windows 10 , 64 bit Build 22000 (10.0.22000.2003)
OS uptime: 0 days 0:52 hours

CPU:total 8 (initial active 8) (4 cores per cpu, 2 threads per core) family 6 model 142 stepping 12, cmov, cx8, fxsr, mmx, sse, sse2, sse3, ssse3, sse4.1, sse4.2, popcnt, avx, avx2, aes, clmul, erms, 3dnowpref, lzcnt, ht, tsc, tscinvbit, bmi1, bmi2, adx, fma

Memory: 4k page, system-wide physical 16229M (4493M free)
TotalPageFile size 18661M (AvailPageFile size 5520M)
current process WorkingSet (physical memory assigned to process): 295M, peak: 313M
current process commit charge ("private bytes"): 338M, peak: 466M

vm_info: Java HotSpot(TM) 64-Bit Server VM (14.0.1+7) for windows-amd64 JRE (14.0.1+7), built on Mar  5 2020 10:30:14 by "mach5one" with MS VC++ 15.9 (VS2017)

END.
